                                                     MT=  1
 MAT 3925                         293.160004 Kelvin Unshielded Cross Sections                           39-Y -89   

   No.  Group-eV   Average      No.  Group-eV   Average      No.  Group-eV   Average      No.  Group-eV   Average

     1 1.00000E-5 109.908077    177 .033113112 8.75538931    353 109.647820 6.74070836    529 363078.055 0.0       
     2 1.04713E-5 107.443905    178 .034673685 8.73230587    354 114.815362 6.71266203    530 380189.396 0.0       
     3 1.09648E-5 105.000370    179 .036307805 8.70813455    355 120.226443 6.68707848    531 398107.171 0.0       
     4 1.14815E-5 102.666287    180 .038018940 8.68282406    356 125.892541 6.66029400    532 416869.383 0.0       
     5 1.20226E-5 100.319471    181 .039810717 8.65632073    357 131.825674 6.63224719    533 436515.832 0.0       
     6 1.25893E-5 98.1030220    182 .041686938 8.62856833    358 138.038426 6.60287859    534 457088.190 0.0       
     7 1.31826E-5 95.8548912    183 .043651583 8.60320663    359 144.543977 6.57212588    535 478630.092 0.0       
     8 1.38038E-5 93.7448540    184 .045708819 8.58371376    360 151.356125 6.53992384    536 501187.234 0.0       
     9 1.44544E-5 91.5966850    185 .047863009 8.56346920    361 158.489319 6.50882410    537 524807.460 0.0       
    10 1.51356E-5 89.5829344    186 .050118723 8.54227055    362 165.958691 6.48139975    538 549540.874 0.0       
    11 1.58489E-5 87.5353735    187 .052480746 8.52007284    363 173.780083 6.45281475    539 575439.937 0.0       
    12 1.65959E-5 85.6087996    188 .054954087 8.49682898    364 181.970086 6.42288257    540 602559.586 0.0       
    13 1.73780E-5 83.6619459    189 .057543994 8.47257743    365 190.546072 6.39153974    541 630957.344 0.0       
    14 1.81970E-5 81.8143327    190 .060255959 8.45327801    366 199.526231 6.35871976    542 660693.448 0.0       
    15 1.90546E-5 79.9677652    191 .063095734 8.43683321    367 208.929613 6.32576769    543 691830.971 0.0       
    16 1.99526E-5 78.1917700    192 .066069345 8.41961340    368 218.776162 6.29753977    544 724435.960 0.0       
    17 2.08930E-5 76.4445262    193 .069183097 8.40158205    369 229.086765 6.26872653    545 758577.575 0.0       
    18 2.18776E-5 74.7338846    194 .072443596 8.38270090    370 239.883292 6.23855538    546 794328.235 0.0       
    19 2.29087E-5 73.0816349    195 .075857758 8.36292991    371 251.188643 6.20696230    547 831763.771 0.0       
    20 2.39883E-5 71.4363524    196 .079432823 8.34222714    372 263.026799 6.17388028    548 870963.590 0.0       
    21 2.51189E-5 69.8711082    197 .083176377 8.32488612    373 275.422870 6.14257578    549 912010.839 0.0       
    22 2.63027E-5 68.2929311    198 .087096359 8.31138851    374 288.403150 6.11518167    550 954992.586 0.0       
    23 2.75423E-5 66.8064515    199 .091201084 8.29725571    375 301.995172 6.08656618    551 1000000.00 0.0       
    24 2.88403E-5 65.2966066    200 .095499259 8.28245685    376 316.227766 6.05660210    552 1047128.55 0.0       
    25 3.01995E-5 63.8814241    201 .100000000 8.26696055    377 331.131121 6.02522584    553 1096478.20 0.0       
    26 3.16228E-5 62.4406522    202 .104712855 8.25073392    378 346.736850 5.99318070    554 1148153.62 0.0       
    27 3.31131E-5 61.0900642    203 .109647820 8.23374256    379 363.078055 5.96629102    555 1202264.43 0.0       
    28 3.46737E-5 59.7187106    204 .114815362 8.21615759    380 380.189396 5.93961664    556 1258925.41 0.0       
    29 3.63078E-5 58.4266759    205 .120226443 8.20322807    381 398.107171 5.91168514    557 1318256.74 0.0       
    30 3.80189E-5 57.1247042    206 .125892541 8.19214638    382 416.869383 5.88243727    558 1380384.26 0.0       
    31 3.98107E-5 55.8858015    207 .131825674 8.18054241    383 436.515832 5.85188842    559 1445439.77 0.0       
    32 4.16869E-5 54.6528561    208 .138038426 8.16839157    384 457.088190 5.82534478    560 1513561.25 0.0       
    33 4.36516E-5 53.4622262    209 .144543977 8.15566808    385 478.630092 5.80092339    561 1584893.19 0.0       
    34 4.57088E-5 52.2972243    210 .151356125 8.14234495    386 501.187234 5.77535105    562 1659586.91 0.0       
    35 4.78630E-5 51.1514006    211 .158489319 8.12839392    387 524.807460 5.74857353    563 1737800.83 0.0       
    36 5.01187E-5 50.0506236    212 .165958691 8.11378540    388 549.540874 5.72053402    564 1819700.86 0.0       
    37 5.24807E-5 48.9522439    213 .173780083 8.10031232    389 575.439937 5.69455344    565 1905460.72 0.0       
    38 5.49541E-5 47.9154105    214 .181970086 8.09139695    390 602.559586 5.67260348    566 1995262.31 0.0       
    39 5.75440E-5 46.8552665    215 .190546072 8.08237609    391 630.957344 5.64967667    567 2089296.13 0.0       
    40 6.02560E-5 45.8709341    216 .199526231 8.07293008    392 660.693448 5.62566936    568 2187761.62 0.0       
    41 6.30957E-5 44.8644511    217 .208929613 8.06303890    393 691.830971 5.60053062    569 2290867.65 0.0       
    42 6.60693E-5 43.9181624    218 .218776162 8.05268156    394 724.435960 5.57527987    570 2398832.92 0.0       
    43 6.91831E-5 42.9742840    219 .229086765 8.04183610    395 758.577575 5.55505228    571 2511886.43 0.0       
    44 7.24436E-5 42.0537569    220 .239883292 8.03047950    396 794.328235 5.53487000    572 2630267.99 0.0       
    45 7.58578E-5 41.1724615    221 .251188643 8.01858769    397 831.763771 5.51373657    573 2754228.70 0.0       
    46 7.94328E-5 40.2816126    222 .263026799 8.00638419    398 870.963590 5.49160715    574 2884031.50 0.0       
    47 8.31764E-5 39.4518495    223 .275422870 7.99815538    399 912.010839 5.46843578    575 3019951.72 0.0       
    48 8.70964E-5 38.6008938    224 .288403150 7.99125113    400 954.992586 5.44806507    576 3162277.66 0.0       
    49 9.12011E-5 37.8094053    225 .301995172 7.98402148    401 1000.00000 5.43044117    577 3311311.21 0.0       
    50 9.54993E-5 37.0068615    226 .316227766 7.97645112    402 1047.12855 5.41198669    578 3467368.50 0.0       
    51 1.00000E-4 36.2424554    227 .331131121 7.96852397    403 1096.47820 5.39266247    579 3630780.55 0.0       
    52 1.04713E-4 35.4933387    228 .346736850 7.96022324    404 1148.15362 5.37242753    580 3801893.96 0.0       
    53 1.09648E-4 34.7499044    229 .363078055 7.95153129    405 1202.26443 5.35128774    581 3981071.71 0.0       
    54 1.14815E-4 34.0498018    230 .380189396 7.94242971    406 1258.92541 5.33285988    582 4168693.83 0.0       
    55 1.20226E-4 33.3353898    231 .398107171 7.93289919    407 1318.25674 5.31590566    583 4365158.32 0.0       
    56 1.25893E-4 32.6731866    232 .416869383 7.92291951    408 1380.38426 5.29815242    584 4570881.90 0.0       
    57 1.31826E-4 31.9955099    233 .436515832 7.91421107    409 1445.43977 5.27956249    585 4786300.92 0.0       
    58 1.38038E-4 31.3609839    234 .457088190 7.90894184    410 1513.56125 5.26009645    586 5011872.34 0.0       
    59 1.44544E-4 30.7263563    235 .478630092 7.90356033    411 1584.89319 5.23971300    587 5248074.60 0.0       
    60 1.51356E-4 30.1109939    236 .501187234 7.89792518    412 1659.58691 5.21836891    588 5495408.74 0.0       
    61 1.58489E-4 29.5201706    237 .524807460 7.89202447    413 1737.80083 5.19601890    589 5754399.37 0.0       
    62 1.65959E-4 28.9250442    238 .549540874 7.88584566    414 1819.70086 5.17261557    590 6025595.86 0.0       
    63 1.73780E-4 28.3710544    239 .575439937 7.87937565    415 1905.46072 5.14810927    591 6309573.44 0.0       
    64 1.81970E-4 27.8033364    240 .602559586 7.87260072    416 1995.26231 5.12244803    592 6606934.48 0.0       
    65 1.90546E-4 27.2770602    241 .630957344 7.86550650    417 2089.29613 5.08747687    593 6918309.71 0.0       
    66 1.99526E-4 26.7424927    242 .660693448 7.85807794    418 2187.76162 5.04106158    594 7244359.60 0.0       
    67 2.08930E-4 26.2360864    243 .691830971 7.85029928    419 2290.86765 4.96522797    595 7585775.75 0.0       
    68 2.18776E-4 25.7384501    244 .724435960 7.84215402    420 2398.83292 4.79024765    596 7943282.35 0.0       
    69 2.29087E-4 25.2470897    245 .758577575 7.83507168    421 2511.88643 26.9650758    597 8317637.71 0.0       
    70 2.39883E-4 24.7839475    246 .794328235 7.83104388    422 2630.26799 6.02929289    598 8709635.90 0.0       
    71 2.51189E-4 24.3127918    247 .831763771 7.82696368    423 2754.22870 5.37761524    599 9120108.39 0.0       
    72 2.63027E-4 23.8788968    248 .870963590 7.82269118    424 2884.03150 5.23523298    600 9549925.86 0.0       
    73 2.75423E-4 23.4326649    249 .912010839 7.81821733    425 3019.95172 5.12732190    601 10000000.0 0.0       
    74 2.88403E-4 23.0132696    250 .954992586 7.81353263    426 3162.27766 4.94074314    602 10471285.5 0.0       
    75 3.01995E-4 22.6030773    251 1.00000000 7.80862715    427 3311.31121 9.85019910    603 10964782.0 0.0       
    76 3.16228E-4 22.1915064    252 1.04712855 7.80349048    428 3467.36850 5.43667200    604 11481536.2 0.0       
    77 3.31131E-4 21.8122443    253 1.09647820 7.79811173    429 3630.78055 5.27734862    605 12022644.3 0.0       
    78 3.46737E-4 21.4208014    254 1.14815362 7.79247948    430 3801.89396 5.21903236    606 12589254.1 0.0       
    79 3.63078E-4 21.0584887    255 1.20226443 7.78658180    431 3981.07171 5.18089152    607 13182567.4 0.0       
    80 3.80189E-4 20.6974042    256 1.25892541 7.78040617    432 4168.69383 5.15575121    608 13803842.6 0.0       
    81 3.98107E-4 20.3416336    257 1.31825674 7.77393948    433 4365.15832 5.13004504    609 14454397.7 0.0       
    82 4.16869E-4 20.0100312    258 1.38038426 7.76716804    434 4570.88190 5.27472613    610 15135612.5 0.0       
    83 4.36516E-4 19.6684986    259 1.44543977 7.76186756    435 4786.30092 5.09411899    611 15848931.9 0.0       
    84 4.57088E-4 19.3553195    260 1.51356125 7.75872849    436 5011.87234 5.07589574    612 16595869.1 0.0       
    85 4.78630E-4 19.0381563    261 1.58489319 7.75545330    437 5248.07460 5.05900321    613 17378008.3 0.0       
    86 5.01187E-4 18.7331194    262 1.65958691 7.75202375    438 5495.40874 5.45778956    614 18197008.6 0.0       
    87 5.24807E-4 18.4444542    263 1.73780083 7.74843258    439 5754.39937 5.02407532    615 19054607.2 0.0       
    88 5.49541E-4 18.1462884    264 1.81970086 7.74467215    440 6025.59586 5.00324873    616 19952623.1 0.0       
    89 5.75440E-4 17.8750247    265 1.90546072 7.74073450    441 6309.57344 4.98144062    617 20892961.3 0.0       
    90 6.02560E-4 17.6016066    266 1.99526231 7.73661128    442 6606.93448 4.95860472    618 21877616.2 0.0       
    91 6.30957E-4 17.3316932    267 2.08929613 7.73229374    443 6918.30971 4.93343382    619 22908676.5 0.0       
    92 6.60693E-4 17.0834119    268 2.18776162 7.72777271    444 7244.35960 5.17265788    620 23988329.2 0.0       
    93 6.91831E-4 16.8256037    269 2.29086765 7.72303862    445 7585.77575 4.93559208    621 25118864.3 0.0       
    94 7.24436E-4 16.5885587    270 2.39883292 7.71808141    446 7943.28235 4.88558661    622 26302679.9 0.0       
    95 7.58578E-4 16.3557652    271 2.51188643 7.71289058    447 8317.63771 4.84065974    623 27542287.0 0.0       
    96 7.94328E-4 16.1172753    272 2.63026799 7.70745512    448 8709.63590 4.79365406    624 28840315.0 0.0       
    97 8.31764E-4 15.9028958    273 2.75422870 7.70176348    449 9120.10839 7.23182368    625 30199517.2 0.0       
    98 8.70964E-4 15.6849738    274 2.88403150 7.69580361    450 9549.92586 5.68044532    626 31622776.6 0.0       
    99 9.12011E-4 15.4685422    275 3.01995172 7.68999065    451 10000.0000 4.70744034    627 33113112.1 0.0       
   100 9.54993E-4 15.2722521    276 3.16227766 7.68652785    452 10471.2855 4.69561150    628 34673685.0 0.0       
   101 .001000000 15.0682294    277 3.31131121 7.68334893    453 10964.7820 4.08561736    629 36307805.5 0.0       
   102 .001047129 14.8751236    278 3.46736850 7.68002020    454 11481.5362 17.0084158    630 38018939.6 0.0       
   103 .001096478 14.6937073    279 3.63078055 7.67653458    455 12022.6443 5.72119967    631 39810717.1 0.0       
   104 .001148154 14.5039735    280 3.80189396 7.67288469    456 12589.2541 7.55515287    632 41686938.3 0.0       
   105 .001202264 14.3285596    281 3.98107171 7.66906279    457 13182.5674 5.44513973    633 43651583.2 0.0       
   106 .001258925 14.1605176    282 4.16869383 7.66506077    458 13803.8426 6.04489550    634 45708819.0 0.0       
   107 .001318257 13.9854351    283 4.36515832 7.66087014    459 14454.3977 4.33713133    635 47863009.2 0.0       
   108 .001380384 13.8267474    284 4.57088190 7.65648201    460 15135.6125 11.0423889    636 50118723.4 0.0       
   109 .001445440 13.6718922    285 4.78630092 7.65188707    461 15848.9319 5.59664353    637 52480746.0 0.0       
   110 .001513561 13.5102805    286 5.01187234 7.64707558    462 16595.8691 5.31036065    638 54954087.4 0.0       
   111 .001584893 13.3633770    287 5.24807460 7.64203733    463 17378.0083 5.17196192    639 57543993.7 0.0       
   112 .001659587 13.2213800    288 5.49540874 7.63676164    464 18197.0086 5.10009178    640 60255958.6 0.0       
   113 .001737801 13.0729868    289 5.75439937 7.63123731    465 19054.6072 5.03390765    641 63095734.4 0.0       
   114 .001819701 12.9375662    290 6.02559586 7.62545263    466 19952.6231 6.16383429    642 66069344.8 0.0       
   115 .001905461 12.8080039    291 6.30957344 7.61939532    467 20892.9613 4.94736184    643 69183097.1 0.0       
   116 .001995262 12.6723354    292 6.60693448 7.61305254    468 21877.6162 5.15813488    644 72443596.0 0.0       
   117 .002089296 12.5436642    293 6.91830971 7.60641084    469 22908.6765 9.23552633    645 75857757.5 0.0       
   118 .002187762 12.4259563    294 7.24435960 7.59945612    470 23988.3292 12.5005812    646 79432823.5 0.0       
   119 .002290868 12.3027542    295 7.58577575 7.59293602    471 25118.8643 3.75006765    647 83176377.1 0.0       
   120 .002398833 12.1816026    296 7.94328235 7.58817333    472 26302.6799 8.50835334    648 87096359.0 0.0       
   121 .002511886 12.0743887    297 8.31763771 7.58330001    473 27542.2870 4.82631202    649 91201083.9 0.0       
   122 .002630268 11.9630432    298 8.70963590 7.57819701    474 28840.3150 17.7153445    650 95499258.6 0.0       
   123 .002754229 11.8485968    299 9.12010839 7.57285352    475 30199.5172 6.71295548    651 100000000. 0.0       
   124 .002884032 11.7487832    300 9.54992586 7.56725819    476 31622.7766 6.64497363    652 104712855. 0.0       
   125 .003019952 11.6491858    301 10.0000000 7.56139917    477 33113.1121 5.48858252    653 109647820. 0.0       
   126 .003162278 11.5448945    302 10.4712855 7.55526401    478 34673.6850 10.7030081    654 114815362. 0.0       
   127 .003311311 11.4460518    303 10.9647820 7.54883972    479 36307.8055 4.62759782    655 120226443. 0.0       
   128 .003467369 11.3577476    304 11.4815362 7.54211266    480 38018.9396 6.51214701    656 125892541. 0.0       
   129 .003630781 11.2654066    305 12.0226443 7.53506856    481 39810.7171 4.99985193    657 131825674. 0.0       
   130 .003801894 11.1694676    306 12.5892541 7.52769249    482 41686.9383 8.28481759    658 138038426. 0.0       
   131 .003981072 11.0856223    307 13.1825674 7.51996879    483 43651.5832 5.28471618    659 144543977. 0.0       
   132 .004168694 11.0046834    308 13.8038426 7.51188108    484 45708.8190 4.84349339    660 151356125. 0.0       
   133 .004365158 10.9199300    309 14.4543977 7.50341222    485 47863.0092 4.42307487    661 158489319. 0.0       
   134 .004570882 10.8334458    310 15.1356125 7.49454423    486 50118.7234 7.12768162    662 165958691. 0.0       
   135 .004786301 10.7598755    311 15.8489319 7.48525830    487 52480.7460 10.2118423    663 173780083. 0.0       
   136 .005011872 10.6863320    312 16.5958691 7.47553474    488 54954.0874 10.2847097    664 181970086. 0.0       
   137 .005248075 10.6093226    313 17.3780083 7.46967774    489 57543.9937 5.75571711    665 190546072. 0.0       
   138 .005495409 10.5312484    314 18.1970086 7.48857278    490 60255.9586 11.8872353    666 199526231. 0.0       
   139 .005754399 10.4654414    315 19.0546072 9.17642617    491 63095.7344 7.27135753    667 208929613. 0.0       
   140 .006025596 10.3992867    316 19.9526231 7.57998313    492 66069.3448 10.2553453    668 218776162. 0.0       
   141 .006309573 10.3300142    317 20.8929613 7.43729882    493 69183.0971 6.96384181    669 229086765. 0.0       
   142 .006606934 10.2589378    318 21.8776162 7.41915321    494 72443.5960 7.46349233    670 239883292. 0.0       
   143 .006918310 10.1990789    319 22.9086765 7.40091741    495 75857.7575 11.3483351    671 251188643. 0.0       
   144 .007244360 10.1401617    320 23.9883292 7.38845142    496 79432.8235 4.34698504    672 263026799. 0.0       
   145 .007585776 10.0784679    321 25.1188643 7.37742324    497 83176.3771 12.3144351    673 275422870. 0.0       
   146 .007943282 10.0140148    322 26.3026799 7.36587532    498 87096.3590 8.35321247    674 288403150. 0.0       
   147 .008317638 9.95768385    323 27.5422870 7.35378316    499 91201.0839 7.53489009    675 301995172. 0.0       
   148 .008709636 9.90572971    324 28.8403150 7.34112112    500 95499.2586 5.60695118    676 316227766. 0.0       
   149 .009120108 9.85132705    325 30.1995172 7.32786233    501 100000.000 0.0           677 331131121. 0.0       
   150 .009549926 9.79436047    326 31.6227766 7.31397867    502 104712.855 0.0           678 346736850. 0.0       
   151 .010000000 9.73901949    327 33.1131121 7.29944070    503 109647.820 0.0           679 363078055. 0.0       
   152 .010471285 9.69300246    328 34.6736850 7.28421757    504 114815.362 0.0           680 380189396. 0.0       
   153 .010964782 9.64550282    329 36.3078055 7.26827700    505 120226.443 0.0           681 398107171. 0.0       
   154 .011481536 9.59576458    330 38.0189396 7.25158518    506 125892.541 0.0           682 416869383. 0.0       
   155 .012022644 9.54386727    331 39.8107171 7.23410669    507 131825.674 0.0           683 436515832. 0.0       
   156 .012589254 9.49942725    332 41.6869383 7.21580447    508 138038.426 0.0           684 457088190. 0.0       
   157 .013182567 9.45858841    333 43.6515832 7.19663969    509 144543.977 0.0           685 478630092. 0.0       
   158 .013803843 9.41582490    334 45.7088190 7.17732153    510 151356.125 0.0           686 501187234. 0.0       
   159 .014454398 9.37104600    335 47.8630092 7.16040018    511 158489.319 0.0           687 524807460. 0.0       
   160 .015135612 9.32475805    336 50.1187234 7.14307094    512 165958.691 0.0           688 549540874. 0.0       
   161 .015848932 9.28671815    337 52.4807460 7.12492500    513 173780.083 0.0           689 575439937. 0.0       
   162 .016595869 9.25070228    338 54.9540874 7.10592387    514 181970.086 0.0           690 602559586. 0.0       
   163 .017378008 9.21298904    339 57.5439937 7.08602724    515 190546.072 0.0           691 630957344. 0.0       
   164 .018197009 9.17349842    340 60.2559586 7.06519291    516 199526.231 0.0           692 660693448. 0.0       
   165 .019054607 9.13223530    341 63.0957344 7.04337669    517 208929.613 0.0           693 691830971. 0.0       
   166 .019952623 9.09713755    342 66.0693448 7.02053231    518 218776.162 0.0           694 724435960. 0.0       
   167 .020892961 9.06573314    343 69.1830971 6.99661130    519 229086.765 0.0           695 758577575. 0.0       
   168 .021877616 9.03284870    344 72.4435960 6.97156293    520 239883.292 0.0           696 794328235. 0.0       
   169 .022908677 8.99841445    345 75.8577575 6.94599943    521 251188.643 0.0           697 831763771. 0.0       
   170 .023988329 8.96235737    346 79.4328235 6.92360001    522 263026.799 0.0           698 870963590. 0.0       
   171 .025118864 8.92932447    347 83.1763771 6.90094024    523 275422.870 0.0           699 912010839. 0.0       
   172 .026302680 8.90249434    348 87.0963590 6.87721256    524 288403.150 0.0           700 954992586. 0.0       
   173 .027542287 8.87451262    349 91.2010839 6.85236662    525 301995.172 0.0           701 1.00000E+9
   174 .028840315 8.84521217    350 95.4992586 6.82634973    526 316227.766 0.0       
   175 .030199517 8.81453083    351 100.000000 6.79910670    527 331131.121 0.0       
   176 .031622777 8.78242714    352 104.712855 6.77057975    528 346736.850 0.0       
 
                                                     MT=  2
 MAT 3925                         293.160004 Kelvin Unshielded Cross Sections                           39-Y -89   

   No.  Group-eV   Average      No.  Group-eV   Average      No.  Group-eV   Average      No.  Group-eV   Average

     1 1.00000E-5 46.0301326    177 .033113112 7.64948929    353 109.647820 6.73617648    529 363078.055 0.0       
     2 1.04713E-5 45.0122627    178 .034673685 7.64855154    354 114.815362 6.70806951    530 380189.396 0.0       
     3 1.09648E-5 44.0037337    179 .036307805 7.64756959    355 120.226443 6.67863789    531 398107.171 0.0       
     4 1.14815E-5 43.0402337    180 .038018940 7.64654137    356 125.892541 6.64792104    532 416869.383 0.0       
     5 1.20226E-5 42.0720887    181 .039810717 7.64546469    357 131.825674 6.62036432    533 436515.832 0.0       
     6 1.25893E-5 41.1579527    182 .041686938 7.64433726    358 138.038426 6.59402610    534 457088.190 0.0       
     7 1.31826E-5 40.2311343    183 .043651583 7.64315670    359 144.543977 6.56644659    535 478630.092 0.0       
     8 1.38038E-5 39.3617010    184 .045708819 7.64192051    360 151.356125 6.53756731    536 501187.234 0.0       
     9 1.44544E-5 38.4767553    185 .047863009 7.64062605    361 158.489319 6.50732699    537 524807.460 0.0       
    10 1.51356E-5 37.6478279    186 .050118723 7.63927059    362 165.958691 6.47566148    538 549540.874 0.0       
    11 1.58489E-5 36.8050424    187 .052480746 7.63785124    363 173.780083 6.44292554    539 575439.937 0.0       
    12 1.65959E-5 36.0128408    188 .054954087 7.63636501    364 181.970086 6.41442339    540 602559.586 0.0       
    13 1.73780E-5 35.2122668    189 .057543994 7.63480873    365 190.546072 6.38642391    541 630957.344 0.0       
    14 1.81970E-5 34.4534054    190 .060255959 7.63317911    366 199.526231 6.35710485    542 660693.448 0.0       
    15 1.90546E-5 33.6949184    191 .063095734 7.63147268    367 208.929613 6.32640403    543 691830.971 0.0       
    16 1.99526E-5 32.9685516    192 .066069345 7.62968583    368 218.776162 6.29425632    544 724435.960 0.0       
    17 2.08930E-5 32.2555595    193 .069183097 7.62781478    369 229.086765 6.26093439    545 758577.575 0.0       
    18 2.18776E-5 31.5466505    194 .072443596 7.62592465    370 239.883292 6.23199470    546 794328.235 0.0       
    19 2.29087E-5 30.8787698    195 .075857758 7.62531735    371 251.188643 6.20387758    547 831763.771 0.0       
    20 2.39883E-5 30.1966047    196 .079432823 7.62521970    372 263.026799 6.17443535    548 870963.590 0.0       
    21 2.51189E-5 29.5632939    197 .083176377 7.62511745    373 275.422870 6.14360555    549 912010.839 0.0       
    22 2.63027E-5 28.9152523    198 .087096359 7.62501039    374 288.403150 6.11132278    550 954992.586 0.0       
    23 2.75423E-5 28.3070523    199 .091201084 7.62489828    375 301.995172 6.07960795    551 1000000.00 0.0       
    24 2.88403E-5 27.6990381    200 .095499259 7.62478088    376 316.227766 6.05272212    552 1047128.55 0.0       
    25 3.01995E-5 27.1078525    201 .100000000 7.62465795    377 331.131121 6.02499676    553 1096478.20 0.0       
    26 3.16228E-5 26.5403938    202 .104712855 7.62452923    378 346.736850 5.99596475    554 1148153.62 0.0       
    27 3.31131E-5 25.9679075    203 .109647820 7.62439444    379 363.078055 5.96556450    555 1202264.43 0.0       
    28 3.46737E-5 25.4342941    204 .114815362 7.62425330    380 380.189396 5.93405215    556 1258925.41 0.0       
    29 3.63078E-5 24.8871676    205 .120226443 7.62410551    381 398.107171 5.90723895    557 1318256.74 0.0       
    30 3.80189E-5 24.3788103    206 .125892541 7.62395075    382 416.869383 5.88155402    558 1380384.26 0.0       
    31 3.98107E-5 23.8626098    207 .131825674 7.62378870    383 436.515832 5.85465859    559 1445439.77 0.0       
    32 4.16869E-5 23.3722579    208 .138038426 7.62361901    384 457.088190 5.82649562    560 1513561.25 0.0       
    33 4.36516E-5 22.8905251    209 .144543977 7.62344133    385 478.630092 5.79700644    561 1584893.19 0.0       
    34 4.57088E-5 22.4137439    210 .151356125 7.62325527    386 501.187234 5.77059420    562 1659586.91 0.0       
    35 4.78630E-5 21.9640674    211 .158489319 7.62306044    387 524.807460 5.74719721    563 1737800.83 0.0       
    36 5.01187E-5 21.5057676    212 .165958691 7.62285643    388 549.540874 5.72269755    564 1819700.86 0.0       
    37 5.24807E-5 21.0811313    213 .173780083 7.62264281    389 575.439937 5.69704327    565 1905460.72 0.0       
    38 5.49541E-5 20.6463608    214 .181970086 7.62241911    390 602.559586 5.67017993    566 1995262.31 0.0       
    39 5.75440E-5 20.2401555    215 .190546072 7.62218488    391 630.957344 5.64482746    567 2089296.13 0.0       
    40 6.02560E-5 19.8330761    216 .199526231 7.62193961    392 660.693448 5.62370879    568 2187761.62 0.0       
    41 6.30957E-5 19.4397729    217 .208929613 7.62168277    393 691.830971 5.60173247    569 2290867.65 0.0       
    42 6.60693E-5 19.0612647    218 .218776162 7.62141384    394 724.435960 5.57872044    570 2398832.92 0.0       
    43 6.91831E-5 18.6809282    219 .229086765 7.62113222    395 758.577575 5.55462389    571 2511886.43 0.0       
    44 7.24436E-5 18.3268393    220 .239883292 7.62083734    396 794.328235 5.53043707    572 2630267.99 0.0       
    45 7.58578E-5 17.9641773    221 .251188643 7.62052856    397 831.763771 5.51107870    573 2754228.70 0.0       
    46 7.94328E-5 17.6286198    222 .263026799 7.62020522    398 870.963590 5.49175305    574 2884031.50 0.0       
    47 8.31764E-5 17.2874173    223 .275422870 7.61986665    399 912.010839 5.47151662    575 3019951.72 0.0       
    48 8.70964E-5 16.9653332    224 .288403150 7.61951212    400 954.992586 5.45032648    576 3162277.66 0.0       
    49 9.12011E-5 16.6482450    225 .301995172 7.61914089    401 1000.00000 5.42813767    577 3311311.21 0.0       
    50 9.54993E-5 16.3362657    226 .316227766 7.61875215    402 1047.12855 5.40799976    578 3467368.50 0.0       
    51 1.00000E-4 16.0420430    227 .331131121 7.61834510    403 1096.47820 5.39113273    579 3630780.55 0.0       
    52 1.04713E-4 15.7432977    228 .346736850 7.61791886    404 1148.15362 5.37349317    580 3801893.96 0.0       
    53 1.09648E-4 15.4687350    229 .363078055 7.61747254    405 1202.26443 5.35502228    581 3981071.71 0.0       
    54 1.14815E-4 15.1862025    230 .380189396 7.61700518    406 1258.92541 5.33568088    582 4168693.83 0.0       
    55 1.20226E-4 14.9219400    231 .398107171 7.61651579    407 1318.25674 5.31542796    583 4365158.32 0.0       
    56 1.25893E-4 14.6631367    232 .416869383 7.61600334    408 1380.38426 5.29489671    584 4570881.90 0.0       
    57 1.31826E-4 14.4043601    233 .436515832 7.61546674    409 1445.43977 5.27637492    585 4786300.92 0.0       
    58 1.38038E-4 14.1664185    234 .457088190 7.61490485    410 1513.56125 5.25733015    586 5011872.34 0.0       
    59 1.44544E-4 13.9209153    235 .478630092 7.61431648    411 1584.89319 5.23738784    587 5248074.60 0.0       
    60 1.51356E-4 13.6949419    236 .501187234 7.61370038    412 1659.58691 5.21650566    588 5495408.74 0.0       
    61 1.58489E-4 13.4695443    237 .524807460 7.61305524    413 1737.80083 5.19463935    589 5754399.37 0.0       
    62 1.65959E-4 13.2485984    238 .549540874 7.61237970    414 1819.70086 5.17174250    590 6025595.86 0.0       
    63 1.73780E-4 13.0431367    239 .575439937 7.61167233    415 1905.46072 5.14776656    591 6309573.44 0.0       
    64 1.81970E-4 12.8319433    240 .602559586 7.61093161    416 1995.26231 5.12250163    592 6606934.48 0.0       
    65 1.90546E-4 12.6404328    241 .630957344 7.61015599    417 2089.29613 5.08623237    593 6918309.71 0.0       
    66 1.99526E-4 12.4466074    242 .660693448 7.60934381    418 2187.76162 5.04004000    594 7244359.60 0.0       
    67 2.08930E-4 12.2569948    243 .691830971 7.60849335    419 2290.86765 4.96272646    595 7585775.75 0.0       
    68 2.18776E-4 12.0829390    244 .724435960 7.60760282    420 2398.83292 4.78229014    596 7943282.35 0.0       
    69 2.29087E-4 11.9023026    245 .758577575 7.60667031    421 2511.88643 22.0670771    597 8317637.71 0.0       
    70 2.39883E-4 11.7376079    246 .794328235 7.60569386    422 2630.26799 5.98019632    598 8709635.90 0.0       
    71 2.51189E-4 11.5752338    247 .831763771 7.60467139    423 2754.22870 5.37356586    599 9120108.39 0.0       
    72 2.63027E-4 11.4124692    248 .870963590 7.60360073    424 2884.03150 5.23261179    600 9549925.86 0.0       
    73 2.75423E-4 11.2659795    249 .912010839 7.60247961    425 3019.95172 5.12606563    601 10000000.0 0.0       
    74 2.88403E-4 11.1145534    250 .954992586 7.60143495    426 3162.27766 4.93984044    602 10471285.5 0.0       
    75 3.01995E-4 10.9739266    251 1.00000000 7.60088970    427 3311.31121 9.53852640    603 10964782.0 0.0       
    76 3.16228E-4 10.8400815    252 1.04712855 7.60038026    428 3467.36850 5.43631912    604 11481536.2 0.0       
    77 3.31131E-4 10.7016476    253 1.09647820 7.59984681    429 3630.78055 5.27725466    605 12022644.3 0.0       
    78 3.46737E-4 10.5782583    254 1.14815362 7.59928823    430 3801.89396 5.21894483    606 12589254.1 0.0       
    79 3.63078E-4 10.4555785    255 1.20226443 7.59870331    431 3981.07171 5.18030362    607 13182567.4 0.0       
    80 3.80189E-4 10.3321678    256 1.25892541 7.59809084    432 4168.69383 5.15564478    608 13803842.6 0.0       
    81 3.98107E-4 10.2236731    257 1.31825674 7.59744949    433 4365.15832 5.13142139    609 14454397.7 0.0       
    82 4.16869E-4 10.1122907    258 1.38038426 7.59677792    434 4570.88190 5.11929504    610 15135612.5 0.0       
    83 4.36516E-4 10.0024413    259 1.44543977 7.59607470    435 4786.30092 5.09357849    611 15848931.9 0.0       
    84 4.57088E-4 9.90636489    260 1.51356125 7.59533834    436 5011.87234 5.07689914    612 16595869.1 0.0       
    85 4.78630E-4 9.80686952    261 1.58489319 7.59456727    437 5248.07460 5.05943992    613 17378008.3 0.0       
    86 5.01187E-4 9.70824810    262 1.65958691 7.59375987    438 5495.40874 5.25637309    614 18197008.6 0.0       
    87 5.24807E-4 9.62293791    263 1.73780083 7.59291441    439 5754.39937 5.02450490    615 19054607.2 0.0       
    88 5.49541E-4 9.53496071    264 1.81970086 7.59202911    440 6025.59586 5.00356644    616 19952623.1 0.0       
    89 5.75440E-4 9.44731467    265 1.90546072 7.59110209    441 6309.57344 4.98164118    617 20892961.3 0.0       
    90 6.02560E-4 9.37228094    266 1.99526231 7.59013137    442 6606.93448 4.95868262    618 21877616.2 0.0       
    91 6.30957E-4 9.29529107    267 2.08929613 7.58911491    443 6918.30971 4.93263107    619 22908676.5 0.0       
    92 6.60693E-4 9.21669828    268 2.18776162 7.58805055    444 7244.35960 5.13069262    620 23988329.2 0.0       
    93 6.91831E-4 9.15053513    269 2.29086765 7.58693602    445 7585.77575 4.93548075    621 25118864.3 0.0       
    94 7.24436E-4 9.08474537    270 2.39883292 7.58576896    446 7943.28235 4.88549771    622 26302679.9 0.0       
    95 7.58578E-4 9.01585504    271 2.51188643 7.58454691    447 8317.63771 4.84051576    623 27542287.0 0.0       
    96 7.94328E-4 8.95254811    272 2.63026799 7.58326726    448 8709.63590 4.79339169    624 28840315.0 0.0       
    97 8.31764E-4 8.89762649    273 2.75422870 7.58192730    449 9120.10839 7.11248518    625 30199517.2 0.0       
    98 8.70964E-4 8.84015603    274 2.88403150 7.58052419    450 9549.92586 5.59792749    626 31622776.6 0.0       
    99 9.12011E-4 8.78072795    275 3.01995172 7.57905496    451 10000.0000 4.70669800    627 33113112.1 0.0       
   100 9.54993E-4 8.73149534    276 3.16227766 7.57751648    452 10471.2855 4.67687259    628 34673685.0 0.0       
   101 .001000000 8.68469308    277 3.31131121 7.57590549    453 10964.7820 4.08238897    629 36307805.5 0.0       
   102 .001047129 8.63568511    278 3.46736850 7.57421859    454 11481.5362 16.8984081    630 38018939.6 0.0       
   103 .001096478 8.58528669    279 3.63078055 7.57245218    455 12022.6443 5.72010795    631 39810717.1 0.0       
   104 .001148154 8.54468351    280 3.80189396 7.57060252    456 12589.2541 7.44553588    632 41686938.3 0.0       
   105 .001202264 8.50597604    281 3.98107171 7.56866569    457 13182.5674 5.40841962    633 43651583.2 0.0       
   106 .001258925 8.46544435    282 4.16869383 7.56663758    458 13803.8426 5.99463575    634 45708819.0 0.0       
   107 .001318257 8.42304261    283 4.36515832 7.56451389    459 14454.3977 4.29462390    635 47863009.2 0.0       
   108 .001380384 8.38714978    284 4.57088190 7.56229012    460 15135.6125 11.0199786    636 50118723.4 0.0       
   109 .001445440 8.35608451    285 4.78630092 7.55996154    461 15848.9319 5.59313585    637 52480746.0 0.0       
   110 .001513561 8.32355517    286 5.01187234 7.55752321    462 16595.8691 5.30407535    638 54954087.4 0.0       
   111 .001584893 8.28949278    287 5.24807460 7.55496998    463 17378.0083 5.17195489    639 57543993.7 0.0       
   112 .001659587 8.25555371    288 5.49540874 7.55229641    464 18197.0086 5.09511258    640 60255958.6 0.0       
   113 .001737801 8.23011401    289 5.75439937 7.54949684    465 19054.6072 5.03366287    641 63095734.4 0.0       
   114 .001819701 8.20511306    290 6.02559586 7.54656533    466 19952.6231 6.12567063    642 66069344.8 0.0       
   115 .001905461 8.17893385    291 6.30957344 7.54349567    467 20892.9613 4.94524046    643 69183097.1 0.0       
   116 .001995262 8.15152086    292 6.60693448 7.54028133    468 21877.6162 5.14886452    644 72443596.0 0.0       
   117 .002089296 8.12349234    293 6.91830971 7.53691551    469 22908.6765 9.17390265    645 75857757.5 0.0       
   118 .002187762 8.10280171    294 7.24435960 7.53339106    470 23988.3292 12.4286461    646 79432823.5 0.0       
   119 .002290868 8.08378923    295 7.58577575 7.52970051    471 25118.8643 3.74913814    647 83176377.1 0.0       
   120 .002398833 8.06388072    296 7.94328235 7.52583603    472 26302.6799 8.49490042    648 87096359.0 0.0       
   121 .002511886 8.04303395    297 8.31763771 7.52178942    473 27542.2870 4.79270424    649 91201083.9 0.0       
   122 .002630268 8.02120470    298 8.70963590 7.51755210    474 28840.3150 17.6583107    650 95499258.6 0.0       
   123 .002754229 7.99995170    299 9.12010839 7.51311508    475 30199.5172 6.70749632    651 100000000. 0.0       
   124 .002884032 7.98548902    300 9.54992586 7.50846895    476 31622.7766 6.63540677    652 104712855. 0.0       
   125 .003019952 7.97137595    301 10.0000000 7.50360386    477 33113.1121 5.48144221    653 109647820. 0.0       
   126 .003162278 7.95659776    302 10.4712855 7.49850948    478 34673.6850 10.6854018    654 114815362. 0.0       
   127 .003311311 7.94112309    303 10.9647820 7.49317501    479 36307.8055 4.62046548    655 120226443. 0.0       
   128 .003467369 7.92491912    304 11.4815362 7.48758914    480 38018.9396 6.46640859    656 125892541. 0.0       
   129 .003630781 7.90795148    305 12.0226443 7.48174001    481 39810.7171 4.98906952    657 131825674. 0.0       
   130 .003801894 7.89348575    306 12.5892541 7.47561522    482 41686.9383 8.27809574    658 138038426. 0.0       
   131 .003981072 7.88384374    307 13.1825674 7.46920178    483 43651.5832 5.28050885    659 144543977. 0.0       
   132 .004168694 7.87382864    308 13.8038426 7.46248608    484 45708.8190 4.84038341    660 151356125. 0.0       
   133 .004365158 7.86334154    309 14.4543977 7.45545388    485 47863.0092 4.42279966    661 158489319. 0.0       
   134 .004570882 7.85236019    310 15.1356125 7.44809026    486 50118.7234 7.09321905    662 165958691. 0.0       
   135 .004786301 7.84086131    311 15.8489319 7.44037961    487 52480.7460 10.1989232    663 173780083. 0.0       
   136 .005011872 7.82882050    312 16.5958691 7.43230557    488 54954.0874 10.2579329    664 181970086. 0.0       
   137 .005248075 7.81625428    313 17.3780083 7.42385100    489 57543.9937 5.75135250    665 190546072. 0.0       
   138 .005495409 7.80745277    314 18.1970086 7.41499799    490 60255.9586 11.8654445    666 199526231. 0.0       
   139 .005754399 7.80118662    315 19.0546072 7.40572774    491 63095.7344 7.26106193    667 208929613. 0.0       
   140 .006025596 7.79462516    316 19.9526231 7.39602061    492 66069.3448 10.2463216    668 218776162. 0.0       
   141 .006309573 7.78775446    317 20.8929613 7.38585599    493 69183.0971 6.95181195    669 229086765. 0.0       
   142 .006606934 7.78055996    318 21.8776162 7.37521232    494 72443.5960 7.44997430    670 239883292. 0.0       
   143 .006918310 7.77302639    319 22.9086765 7.36406704    495 75857.7575 11.3328690    671 251188643. 0.0       
   144 .007244360 7.76513778    320 23.9883292 7.35239649    496 79432.8235 4.34537286    672 263026799. 0.0       
   145 .007585776 7.75687738    321 25.1188643 7.34029418    497 83176.3771 12.2974260    673 275422870. 0.0       
   146 .007943282 7.74822769    322 26.3026799 7.32943845    498 87096.3590 8.34670550    674 288403150. 0.0       
   147 .008317638 7.74050722    323 27.5422870 7.31869278    499 91201.0839 7.52514660    675 301995172. 0.0       
   148 .008709636 7.73667349    324 28.8403150 7.30744068    500 95499.2586 5.59925365    676 316227766. 0.0       
   149 .009120108 7.73297152    325 30.1995172 7.29565828    501 100000.000 0.0           677 331131121. 0.0       
   150 .009549926 7.72909508    326 31.6227766 7.28332060    502 104712.855 0.0           678 346736850. 0.0       
   151 .010000000 7.72503595    327 33.1131121 7.27040146    503 109647.820 0.0           679 363078055. 0.0       
   152 .010471285 7.72078551    328 34.6736850 7.25687346    504 114815.362 0.0           680 380189396. 0.0       
   153 .010964782 7.71633476    329 36.3078055 7.24270791    505 120226.443 0.0           681 398107171. 0.0       
   154 .011481536 7.71167426    330 38.0189396 7.22787475    506 125892.541 0.0           682 416869383. 0.0       
   155 .012022644 7.70679411    331 39.8107171 7.21234253    507 131825.674 0.0           683 436515832. 0.0       
   156 .012589254 7.70168396    332 41.6869383 7.19607830    508 138038.426 0.0           684 457088190. 0.0       
   157 .013182567 7.69633298    333 43.6515832 7.17904756    509 144543.977 0.0           685 478630092. 0.0       
   158 .013803843 7.69072982    334 45.7088190 7.16121418    510 151356.125 0.0           686 501187234. 0.0       
   159 .014454398 7.68573641    335 47.8630092 7.14254034    511 158489.319 0.0           687 524807460. 0.0       
   160 .015135612 7.68344349    336 50.1187234 7.12298643    512 165958.691 0.0           688 549540874. 0.0       
   161 .015848932 7.68127839    337 52.4807460 7.10251098    513 173780.083 0.0           689 575439937. 0.0       
   162 .016595869 7.67901126    338 54.9540874 7.08225518    514 181970.086 0.0           690 602559586. 0.0       
   163 .017378008 7.67663728    339 57.5439937 7.06422750    515 190546.072 0.0           691 630957344. 0.0       
   164 .018197009 7.67415142    340 60.2559586 7.04552295    516 199526.231 0.0           692 660693448. 0.0       
   165 .019054607 7.67154840    341 63.0957344 7.02593688    517 208929.613 0.0           693 691830971. 0.0       
   166 .019952623 7.66882271    342 66.0693448 7.00542775    518 218776.162 0.0           694 724435960. 0.0       
   167 .020892961 7.66596855    343 69.1830971 6.98395206    519 229086.765 0.0           695 758577575. 0.0       
   168 .021877616 7.66297989    344 72.4435960 6.96146425    520 239883.292 0.0           696 794328235. 0.0       
   169 .022908677 7.65985038    345 75.8577575 6.93791662    521 251188.643 0.0           697 831763771. 0.0       
   170 .023988329 7.65657337    346 79.4328235 6.91325922    522 263026.799 0.0           698 870963590. 0.0       
   171 .025118864 7.65430971    347 83.1763771 6.88743976    523 275422.870 0.0           699 912010839. 0.0       
   172 .026302680 7.65358169    348 87.0963590 6.86056311    524 288403.150 0.0           700 954992586. 0.0       
   173 .027542287 7.65283681    349 91.2010839 6.83651083    525 301995.172 0.0           701 1.00000E+9
   174 .028840315 7.65205682    350 95.4992586 6.81313246    526 316227.766 0.0       
   175 .030199517 7.65124007    351 100.000000 6.78865231    527 331131.121 0.0       
   176 .031622777 7.65038483    352 104.712855 6.76301844    528 346736.850 0.0       
 
                                                     MT=102
 MAT 3925                         293.160004 Kelvin Unshielded Cross Sections                           39-Y -89   

   No.  Group-eV   Average      No.  Group-eV   Average      No.  Group-eV   Average      No.  Group-eV   Average

     1 1.00000E-5 63.8695237    177 .033113112 1.10954431    353 109.647820 .009262720    529 363078.055 0.0       
     2 1.04713E-5 62.4232353    178 .034673685 1.08477652    354 114.815362 .008796326    530 380189.396 0.0       
     3 1.09648E-5 60.9887998    179 .036307805 1.05961064    355 120.226443 .008346416    531 398107.171 0.0       
     4 1.14815E-5 59.6181666    180 .038018940 1.03588593    356 125.892541 .007911998    532 416869.383 0.0       
     5 1.20226E-5 58.2398528    181 .039810717 1.01195104    357 131.825674 .007492768    533 436515.832 0.0       
     6 1.25893E-5 56.9375818    182 .041686938 .989170250    358 138.038426 .007089472    534 457088.190 0.0       
     7 1.31826E-5 55.6165281    183 .043651583 .966460315    359 144.543977 .006701426    535 478630.092 0.0       
     8 1.38038E-5 54.3760452    184 .045708819 .944534264    360 151.356125 .006328537    536 501187.234 0.0       
     9 1.44544E-5 53.1129879    185 .047863009 .923031952    361 158.489319 .005969498    537 524807.460 0.0       
    10 1.51356E-5 51.9283581    186 .050118723 .901892711    362 165.958691 .005626364    538 549540.874 0.0       
    11 1.58489E-5 50.7236657    187 .052480746 .881534220    363 173.780083 .005298407    539 575439.937 0.0       
    12 1.65959E-5 49.5895453    188 .054954087 .861194143    364 181.970086 .004983998    540 602559.586 0.0       
    13 1.73780E-5 48.4432673    189 .057543994 .841875920    365 190.546072 .004683387    541 630957.344 0.0       
    14 1.81970E-5 47.3548331    190 .060255959 .822354853    366 199.526231 .004397113    542 660693.448 0.0       
    15 1.90546E-5 46.2667159    191 .063095734 .803976699    367 208.929613 .004124225    543 691830.971 0.0       
    16 1.99526E-5 45.2196527    192 .066069345 .785288191    368 218.776162 .003863963    544 724435.960 0.0       
    17 2.08930E-5 44.1891273    193 .069183097 .767759636    369 229.086765 .003616942    545 758577.575 0.0       
    18 2.18776E-5 43.1797488    194 .072443596 .749911628    370 239.883292 .003381656    546 794328.235 0.0       
    19 2.29087E-5 42.2042736    195 .075857758 .733151091    371 251.188643 .003158934    547 831763.771 0.0       
    20 2.39883E-5 41.2325658    196 .079432823 .716146556    372 263.026799 .002947979    548 870963.590 0.0       
    21 2.51189E-5 40.3074534    197 .083176377 .700080573    373 275.422870 .002749597    549 912010.839 0.0       
    22 2.63027E-5 39.3744243    198 .087096359 .683918097    374 288.403150 .002560583    550 954992.586 0.0       
    23 2.75423E-5 38.4948362    199 .091201084 .668480613    375 301.995172 .002383114    551 1000000.00 0.0       
    24 2.88403E-5 37.6011912    200 .095499259 .653154919    376 316.227766 .002215683    552 1047128.55 0.0       
    25 3.01995E-5 36.7627388    201 .100000000 .638286627    377 331.131121 .002058279    553 1096478.20 0.0       
    26 3.16228E-5 35.9089004    202 .104712855 .623778948    378 346.736850 .001910154    554 1148153.62 0.0       
    27 3.31131E-5 35.1076403    203 .109647820 .609446928    379 363.078055 .001771206    555 1202264.43 0.0       
    28 3.46737E-5 34.2938014    204 .114815362 .595704313    380 380.189396 .001641365    556 1258925.41 0.0       
    29 3.63078E-5 33.5261743    205 .120226443 .581923484    381 398.107171 .001520001    557 1318256.74 0.0       
    30 3.80189E-5 32.7523062    206 .125892541 .568873158    382 416.869383 .001406288    558 1380384.26 0.0       
    31 3.98107E-5 32.0151131    207 .131825674 .555655851    383 436.515832 .001300215    559 1445439.77 0.0       
    32 4.16869E-5 31.2810028    208 .138038426 .543231094    384 457.088190 .001201111    560 1513561.25 0.0       
    33 4.36516E-5 30.5713705    209 .144543977 .530585463    385 478.630092 .001109310    561 1584893.19 0.0       
    34 4.57088E-5 29.8763798    210 .151356125 .518726048    386 501.187234 .001023752    562 1659586.91 0.0       
    35 4.78630E-5 29.1922504    211 .158489319 .506656535    387 524.807460 9.44711E-4    563 1737800.83 0.0       
    36 5.01187E-5 28.5341918    212 .165958691 .495308172    388 549.540874 8.71229E-4    564 1819700.86 0.0       
    37 5.24807E-5 27.8760751    213 .173780083 .483815927    389 575.439937 8.03129E-4    565 1905460.72 0.0       
    38 5.49541E-5 27.2515503    214 .181970086 .472929743    390 602.559586 7.40538E-4    566 1995262.31 0.0       
    39 5.75440E-5 26.6200749    215 .190546072 .462013019    391 630.957344 6.82686E-4    567 2089296.13 0.0       
    40 6.02560E-5 26.0258558    216 .199526231 .451545082    392 660.693448 6.29372E-4    568 2187761.62 0.0       
    41 6.30957E-5 25.4214479    217 .208929613 .441199564    393 691.830971 5.80601E-4    569 2290867.65 0.0       
    42 6.60693E-5 24.8546218    218 .218776162 .431110484    394 724.435960 5.35589E-4    570 2398832.92 0.0       
    43 6.91831E-5 24.2775280    219 .229086765 .421316927    395 758.577575 4.94507E-4    571 2511886.43 0.0       
    44 7.24436E-5 23.7354655    220 .239883292 .411596782    396 794.328235 4.57186E-4    572 2630267.99 0.0       
    45 7.58578E-5 23.1857701    221 .251188643 .402312875    397 831.763771 4.23123E-4    573 2754228.70 0.0       
    46 7.94328E-5 22.6661069    222 .263026799 .392972375    398 870.963590 3.92217E-4    574 2884031.50 0.0       
    47 8.31764E-5 22.1437559    223 .275422870 .384148934    399 912.010839 3.64439E-4    575 3019951.72 0.0       
    48 8.70964E-5 21.6443648    224 .288403150 .375195681    400 954.992586 3.39505E-4    576 3162277.66 0.0       
    49 9.12011E-5 21.1491778    225 .301995172 .366788266    401 1000.00000 3.17318E-4    577 3311311.21 0.0       
    50 9.54993E-5 20.6681499    226 .316227766 .358227093    402 1047.12855 2.97719E-4    578 3467368.50 0.0       
    51 1.00000E-4 20.1994459    227 .331131121 .350195602    403 1096.47820 2.80757E-4    579 3630780.55 0.0       
    52 1.04713E-4 19.7358570    228 .346736850 .342028885    404 1148.15362 2.66345E-4    580 3801893.96 0.0       
    53 1.09648E-4 19.2918405    229 .363078055 .334337176    405 1202.26443 2.54471E-4    581 3981071.71 0.0       
    54 1.14815E-4 18.8462001    230 .380189396 .326565115    406 1258.92541 2.45336E-4    582 4168693.83 0.0       
    55 1.20226E-4 18.4245122    231 .398107171 .319180661    407 1318.25674 2.38998E-4    583 4365158.32 0.0       
    56 1.25893E-4 17.9972113    232 .416869383 .311801541    408 1380.38426 2.35775E-4    584 4570881.90 0.0       
    57 1.31826E-4 17.5956993    233 .436515832 .304695111    409 1445.43977 2.36291E-4    585 4786300.92 0.0       
    58 1.38038E-4 17.1869915    234 .457088190 .297704693    410 1513.56125 2.41106E-4    586 5011872.34 0.0       
    59 1.44544E-4 16.8037194    235 .478630092 .290851749    411 1584.89319 2.51498E-4    587 5248074.60 0.0       
    60 1.51356E-4 16.4137440    236 .501187234 .284232185    412 1659.58691 2.69429E-4    588 5495408.74 0.0       
    61 1.58489E-4 16.0469627    237 .524807460 .277633517    413 1737.80083 2.98106E-4    589 5754399.37 0.0       
    62 1.65959E-4 15.6757485    238 .549540874 .271352673    414 1819.70086 3.42897E-4    590 6025595.86 0.0       
    63 1.73780E-4 15.3238835    239 .575439937 .265014982    415 1905.46072 4.14354E-4    591 6309573.44 0.0       
    64 1.81970E-4 14.9713665    240 .602559586 .259040079    416 1995.26231 5.33326E-4    592 6606934.48 0.0       
    65 1.90546E-4 14.6330066    241 .630957344 .252968007    417 2089.29613 7.47750E-4    593 6918309.71 0.0       
    66 1.99526E-4 14.2990406    242 .660693448 .247269426    418 2187.76162 .001190581    594 7244359.60 0.0       
    67 2.08930E-4 13.9729272    243 .691830971 .241465780    419 2290.86765 .002357428    595 7585775.75 0.0       
    68 2.18776E-4 13.6568263    244 .724435960 .236016798    420 2398.83292 .007778835    596 7943282.35 0.0       
    69 2.29087E-4 13.3427472    245 .758577575 .230482755    421 2511.88643 4.89802645    597 8317637.71 0.0       
    70 2.39883E-4 13.0430954    246 .794328235 .225259291    422 2630.26799 .049115934    598 8709635.90 0.0       
    71 2.51189E-4 12.7413919    247 .831763771 .219994716    423 2754.22870 .004057714    599 9120108.39 0.0       
    72 2.63027E-4 12.4566045    248 .870963590 .214980063    424 2884.03150 .001520479    600 9549925.86 0.0       
    73 2.75423E-4 12.1675163    249 .912010839 .209990901    425 3019.95172 8.53660E-4    601 10000000.0 0.0       
    74 2.88403E-4 11.8961624    250 .954992586 .205154149    426 3162.27766 8.90631E-4    602 10471285.5 0.0       
    75 3.01995E-4 11.6198409    251 1.00000000 .200410944    427 3311.31121 .311569048    603 10964782.0 0.0       
    76 3.16228E-4 11.3606316    252 1.04712855 .195741728    428 3467.36850 5.44507E-4    604 11481536.2 0.0       
    77 3.31131E-4 11.0971502    253 1.09647820 .191257731    429 3630.78055 2.41158E-4    605 12022644.3 0.0       
    78 3.46737E-4 10.8489228    254 1.14815362 .186769379    430 3801.89396 1.69900E-4    606 12589254.1 0.0       
    79 3.63078E-4 10.5982836    255 1.20226443 .182508320    431 3981.07171 1.35190E-4    607 13182567.4 0.0       
    80 3.80189E-4 10.3599920    256 1.25892541 .178197506    432 4168.69383 1.17524E-4    608 13803842.6 0.0       
    81 3.98107E-4 10.1221355    257 1.31825674 .174139224    433 4365.15832 1.23851E-4    609 14454397.7 0.0       
    82 4.16869E-4 9.89284057    258 1.38038426 .170010042    434 4570.88190 .154662046    610 15135612.5 0.0       
    83 4.36516E-4 9.66761226    259 1.44543977 .166134810    435 4786.30092 .001958442    611 15848931.9 0.0       
    84 4.57088E-4 9.44655447    260 1.51356125 .162188838    436 5011.87234 9.96244E-5    612 16595869.1 0.0       
    85 4.78630E-4 9.23333724    261 1.58489319 .158478811    437 5248.07460 9.77658E-5    613 17378008.3 0.0       
    86 5.01187E-4 9.02059281    262 1.65958691 .154716545    438 5495.40874 .201463893    614 18197008.6 0.0       
    87 5.24807E-4 8.81832657    263 1.73780083 .151155634    439 5754.39937 3.20803E-4    615 19054607.2 0.0       
    88 5.49541E-4 8.61410886    264 1.81970086 .147576614    440 6025.59586 7.06883E-5    616 19952623.1 0.0       
    89 5.75440E-4 8.42173888    265 1.90546072 .144150334    441 6309.57344 5.85850E-5    617 20892961.3 0.0       
    90 6.02560E-4 8.22619485    266 1.99526231 .140753272    442 6606.93448 5.75363E-5    618 21877616.2 0.0       
    91 6.30957E-4 8.04277012    267 2.08929613 .137448606    443 6918.30971 7.53384E-5    619 22908676.5 0.0       
    92 6.60693E-4 7.85598840    268 2.18776162 .134228562    444 7244.35960 .041787726    620 23988329.2 0.0       
    93 6.91831E-4 7.68064978    269 2.29086765 .131039699    445 7585.77575 9.89791E-5    621 25118864.3 0.0       
    94 7.24436E-4 7.50266536    270 2.39883292 .127984168    446 7943.28235 7.93899E-5    622 26302679.9 0.0       
    95 7.58578E-4 7.33464013    271 2.51188643 .124914572    447 8317.63771 1.04212E-4    623 27542287.0 0.0       
    96 7.94328E-4 7.16544278    272 2.63026799 .122007497    448 8709.63590 2.17635E-4    624 28840315.0 0.0       
    97 8.31764E-4 7.00403563    273 2.75422870 .119059771    449 9120.10839 .119209784    625 30199517.2 0.0       
    98 8.70964E-4 6.84357367    274 2.88403150 .116286599    450 9549.92586 .082684949    626 31622776.6 0.0       
    99 9.12011E-4 6.68816049    275 3.01995172 .113462473    451 10000.0000 2.90971E-4    627 33113112.1 0.0       
   100 9.54993E-4 6.53626520    276 3.16227766 .110810082    452 10471.2855 .018479008    628 34673685.0 0.0       
   101 .001000000 6.38645033    277 3.31131121 .108110519    453 10964.7820 .003457500    629 36307805.5 0.0       
   102 .001047129 6.24260141    278 3.46736850 .105567087    454 11481.5362 .110119977    630 38018939.6 0.0       
   103 .001096478 6.09852506    279 3.63078055 .102992375    455 12022.6443 .001077071    631 39810717.1 0.0       
   104 .001148154 5.96196713    280 3.80189396 .100547266    456 12589.2541 .109597032    632 41686938.3 0.0       
   105 .001202264 5.82376229    281 3.98107171 .098097095    457 13182.5674 .036563716    633 43651583.2 0.0       
   106 .001258925 5.69379345    282 4.16869383 .095740749    458 13803.8426 .050296970    634 45708819.0 0.0       
   107 .001318257 5.56154906    283 4.36515832 .093414225    459 14454.3977 .042358344    635 47863009.2 0.0       
   108 .001380384 5.43753578    284 4.57088190 .091138132    460 15135.6125 .022401743    636 50118723.4 0.0       
   109 .001445440 5.31130165    285 4.78630092 .088930445    461 15848.9319 .003466423    637 52480746.0 0.0       
   110 .001513561 5.19267302    286 5.01187234 .086733689    462 16595.8691 .006742158    638 54954087.4 0.0       
   111 .001584893 5.07246447    287 5.24807460 .084635525    463 17378.0083 1.06829E-4    639 57543993.7 0.0       
   112 .001659587 4.95870638    288 5.49540874 .082520668    464 18197.0086 .004860310    640 60255958.6 0.0       
   113 .001737801 4.84450791    289 5.75439937 .080521091    465 19054.6072 3.63654E-4    641 63095734.4 0.0       
   114 .001819701 4.73515829    290 6.02559586 .078489757    466 19952.6231 .038208240    642 66069344.8 0.0       
   115 .001905461 4.62692761    291 6.30957344 .076579386    467 20892.9613 .001971855    643 69183097.1 0.0       
   116 .001995262 4.52157179    292 6.60693448 .074633017    468 21877.6162 .009367668    644 72443596.0 0.0       
   117 .002089296 4.41913230    293 6.91830971 .072803461    469 22908.6765 .061646078    645 75857757.5 0.0       
   118 .002187762 4.31762034    294 7.24435960 .070943077    470 23988.3292 .071916148    646 79432823.5 0.0       
   119 .002290868 4.22055171    295 7.58577575 .069187059    471 25118.8643 .001058021    647 83176377.1 0.0       
   120 .002398833 4.12299801    296 7.94328235 .067413375    472 26302.6799 .013396609    648 87096359.0 0.0       
   121 .002511886 4.03078356    297 8.31763771 .065718076    473 27542.2870 .033610981    649 91201083.9 0.0       
   122 .002630268 3.93727044    298 8.70963590 .064027472    474 28840.3150 .056989952    650 95499258.6 0.0       
   123 .002754229 3.84944296    299 9.12010839 .062411945    475 30199.5172 .005435855    651 100000000. 0.0       
   124 .002884032 3.76002355    300 9.54992586 .060796929    476 31622.7766 .009609968    652 104712855. 0.0       
   125 .003019952 3.67616150    301 10.0000000 .059258397    477 33113.1121 .007318268    653 109647820. 0.0       
   126 .003162278 3.59086304    302 10.4712855 .057719035    478 34673.6850 .017769761    654 114815362. 0.0       
   127 .003311311 3.51058664    303 10.9647820 .056261241    479 36307.8055 .005663883    655 120226443. 0.0       
   128 .003467369 3.42941350    304 11.4815362 .054803772    480 38018.9396 .045807851    656 125892541. 0.0       
   129 .003630781 3.35238098    305 12.0226443 .053433033    481 39810.7171 .010907229    657 131825674. 0.0       
   130 .003801894 3.27531723    306 12.5892541 .052077342    482 41686.9383 .006706075    658 138038426. 0.0       
   131 .003981072 3.20122150    307 13.1825674 .050824214    483 43651.5832 .004177469    659 144543977. 0.0       
   132 .004168694 3.12822902    308 13.8038426 .049623284    484 45708.8190 .003457136    660 151356125. 0.0       
   133 .004365158 3.05680352    309 14.4543977 .048558757    485 47863.0092 2.78922E-4    661 158489319. 0.0       
   134 .004570882 2.98771242    310 15.1356125 .047695866    486 50118.7234 .034526066    662 165958691. 0.0       
   135 .004786301 2.91894304    311 15.8489319 .047205835    487 52480.7460 .012892447    663 173780083. 0.0       
   136 .005011872 2.85342813    312 16.5958691 .047630577    488 54954.0874 .026676943    664 181970086. 0.0       
   137 .005248075 2.78738733    313 17.3780083 .051014769    489 57543.9937 .004255842    665 190546072. 0.0       
   138 .005495409 2.72510463    314 18.1970086 .074238757    490 60255.9586 .021774218    666 199526231. 0.0       
   139 .005754399 2.66184327    315 19.0546072 1.77398585    491 63095.7344 .010255116    667 208929613. 0.0       
   140 .006025596 2.60248219    316 19.9526231 .184442744    492 66069.3448 .009016973    668 218776162. 0.0       
   141 .006309573 2.54203192    317 20.8929613 .050514298    493 69183.0971 .012051634    669 229086765. 0.0       
   142 .006606934 2.48531258    318 21.8776162 .041315893    494 72443.5960 .013539467    670 239883292. 0.0       
   143 .006918310 2.42768816    319 22.9086765 .037858842    495 75857.7575 .015455674    671 251188643. 0.0       
   144 .007244360 2.37335868    320 23.9883292 .035780177    496 79432.8235 .001605529    672 263026799. 0.0       
   145 .007585776 2.31855989    321 25.1188643 .034209963    497 83176.3771 .017030433    673 275422870. 0.0       
   146 .007943282 2.26639382    322 26.3026799 .032875690    498 87096.3590 .006418104    674 288403150. 0.0       
   147 .008317638 2.21440720    323 27.5422870 .031674688    499 91201.0839 .009780791    675 301995172. 0.0       
   148 .008709636 2.16420094    324 28.8403150 .030564187    500 95499.2586 .007483722    676 316227766. 0.0       
   149 .009120108 2.11498581    325 30.1995172 .029488808    501 100000.000 0.0           677 331131121. 0.0       
   150 .009549926 2.06658631    326 31.6227766 .028474028    502 104712.855 0.0           678 346736850. 0.0       
   151 .010000000 2.01999331    327 33.1131121 .027495591    503 109647.820 0.0           679 363078055. 0.0       
   152 .010471285 1.97343019    328 34.6736850 .026536232    504 114815.362 0.0           680 380189396. 0.0       
   153 .010964782 1.92921874    329 36.3078055 .025610502    505 120226.443 0.0           681 398107171. 0.0       
   154 .011481536 1.88453505    330 38.0189396 .024715718    506 125892.541 0.0           682 416869383. 0.0       
   155 .012022644 1.84247273    331 39.8107171 .023830982    507 131825.674 0.0           683 436515832. 0.0       
   156 .012589254 1.79969637    332 41.6869383 .022982607    508 138038.426 0.0           684 457088190. 0.0       
   157 .013182567 1.75957381    333 43.6515832 .022142021    509 144543.977 0.0           685 478630092. 0.0       
   158 .013803843 1.71872039    334 45.7088190 .021328912    510 151356.125 0.0           686 501187234. 0.0       
   159 .014454398 1.68035036    335 47.8630092 .020538932    511 158489.319 0.0           687 524807460. 0.0       
   160 .015135612 1.64142581    336 50.1187234 .019756615    512 165958.691 0.0           688 549540874. 0.0       
   161 .015848932 1.60464137    337 52.4807460 .019006387    513 173780.083 0.0           689 575439937. 0.0       
   162 .016595869 1.56764362    338 54.9540874 .018261646    514 181970.086 0.0           690 602559586. 0.0       
   163 .017378008 1.53229684    339 57.5439937 .017542466    515 190546.072 0.0           691 630957344. 0.0       
   164 .018197009 1.49721802    340 60.2559586 .016845801    516 199526.231 0.0           692 660693448. 0.0       
   165 .019054607 1.46317259    341 63.0957344 .016156667    517 208929.613 0.0           693 691830971. 0.0       
   166 .019952623 1.42996461    342 66.0693448 .015488254    518 218776.162 0.0           694 724435960. 0.0       
   167 .020892961 1.39714802    343 69.1830971 .014842293    519 229086.765 0.0           695 758577575. 0.0       
   168 .021877616 1.36569193    344 72.4435960 .014204451    520 239883.292 0.0           696 794328235. 0.0       
   169 .022908677 1.33406487    345 75.8577575 .013586977    521 251188.643 0.0           697 831763771. 0.0       
   170 .023988329 1.30393738    346 79.4328235 .012995489    522 263026.799 0.0           698 870963590. 0.0       
   171 .025118864 1.27410763    347 83.1763771 .012407461    523 275422.870 0.0           699 912010839. 0.0       
   172 .026302680 1.24551352    348 87.0963590 .011842480    524 288403.150 0.0           700 954992586. 0.0       
   173 .027542287 1.21668044    349 91.2010839 .011291845    525 301995.172 0.0           701 1.00000E+9
   174 .028840315 1.18948365    350 95.4992586 .010762112    526 316227.766 0.0       
   175 .030199517 1.16186217    351 100.000000 .010247359    527 331131.121 0.0       
   176 .031622777 1.13594116    352 104.712855 .009745794    528 346736.850 0.0       
 
