# n +  89Y : Direct Capture to  90Y 
# Q-value    = 6.85703E+00 mass=  89.907144 Emax=   6.857032
# # transitions from   0.5- GS to  90Y  levels: 32
# # energies =     4
#    E         xs                     xs(E1)      xs(E2)      xs(M1)     xs(tot)
 1.00000E-06 6.08409E+01             6.08397E+01 2.81061E-06 1.23673E-03 1.86029E+04
 1.00000E-05 1.92431E+01             1.92427E+01 8.90055E-07 4.13674E-04 2.31672E+03
 1.00000E-04 6.09645E+00             6.09625E+00 2.85447E-07 2.02264E-04 3.41068E+02
 1.00000E-03 1.96348E+00             1.96319E+00 1.02914E-07 2.90589E-04 8.55915E+01
 2.00000E-03 1.41652E+00             1.41613E+00 8.27649E-08 3.84567E-04 5.15443E+01
 4.00000E-03 1.04171E+00             1.04118E+00 7.27843E-08 5.27524E-04 2.93662E+01
 7.00000E-03 8.33493E-01             8.32800E-01 7.14321E-08 6.93004E-04 1.82464E+01
 1.00000E-02 7.36456E-01             7.35625E-01 7.37411E-08 8.30450E-04 1.34872E+01
 2.00000E-02 6.15984E-01             6.14783E-01 8.63559E-08 1.20116E-03 7.87504E+00
 4.00000E-02 5.80410E-01             5.78615E-01 1.13702E-07 1.79540E-03 5.25526E+00
 7.00000E-02 6.22558E-01             6.19975E-01 1.53949E-07 2.58258E-03 4.18390E+00
 1.00000E-01 6.94161E-01             6.90819E-01 1.94165E-07 3.34254E-03 3.81179E+00
 2.00000E-01 9.78285E-01             9.72440E-01 3.28269E-07 5.84602E-03 3.53276E+00
 3.00000E-01 1.20486E+00             1.19698E+00 4.35714E-07 7.88272E-03 3.44867E+00
 4.00000E-01 1.27571E+00             1.26692E+00 4.79763E-07 8.78776E-03 3.34862E+00
 5.00000E-01 1.20314E+00             1.19457E+00 4.61868E-07 8.56335E-03 3.20224E+00
 6.00000E-01 1.06439E+00             1.05665E+00 4.11906E-07 7.73833E-03 3.05649E+00
 7.00000E-01 9.19550E-01             9.12775E-01 3.55242E-07 6.77527E-03 2.94709E+00
 8.00000E-01 7.94015E-01             7.88117E-01 3.03711E-07 5.89719E-03 2.89457E+00
 9.00000E-01 6.92660E-01             6.87491E-01 2.60446E-07 5.16920E-03 2.89531E+00
 1.00000E+00 6.12959E-01             6.08366E-01 2.25130E-07 4.59324E-03 2.07324E+00
 1.20000E+00 5.02126E-01             4.98290E-01 1.73114E-07 3.83605E-03 1.91354E+00
 1.40000E+00 4.34471E-01             4.30923E-01 1.38045E-07 3.54833E-03 1.89500E+00
 1.60000E+00 3.94638E-01             3.90814E-01 1.13543E-07 3.82448E-03 1.73799E+00
 1.80000E+00 3.77151E-01             3.72054E-01 9.58675E-08 5.09671E-03 1.52872E+00
 2.00000E+00 3.84310E-01             3.76007E-01 8.27899E-08 8.30339E-03 1.35751E+00
 2.20000E+00 4.08434E-01             3.95335E-01 7.29205E-08 1.30994E-02 1.38609E+00
 2.40000E+00 3.99832E-01             3.85984E-01 6.53516E-08 1.38484E-02 1.34347E+00
 2.60000E+00 3.61985E-01             3.51321E-01 5.94659E-08 1.06635E-02 1.31153E+00
 2.80000E+00 3.30935E-01             3.23053E-01 5.48224E-08 7.88248E-03 1.26379E+00
 3.00000E+00 3.10498E-01             3.04371E-01 5.11093E-08 6.12644E-03 1.21872E+00
 3.20000E+00 2.96926E-01             2.91900E-01 4.81009E-08 5.02600E-03 1.14478E+00
 3.40000E+00 2.87629E-01             2.83327E-01 4.56366E-08 4.30204E-03 1.02253E+00
 3.60000E+00 2.81216E-01             2.77415E-01 4.36046E-08 3.80056E-03 9.58387E-01
 3.80000E+00 2.76947E-01             2.73510E-01 4.19320E-08 3.43780E-03 8.81683E-01
 4.00000E+00 2.74411E-01             2.71245E-01 4.05708E-08 3.16598E-03 8.33980E-01
 4.20000E+00 2.73366E-01             2.70409E-01 3.94937E-08 2.95660E-03 6.95497E-01
 4.40000E+00 2.73651E-01             2.70860E-01 3.86823E-08 2.79158E-03 5.89293E-01
 4.60000E+00 2.75162E-01             2.72502E-01 3.81240E-08 2.65920E-03 5.36607E-01
 4.80000E+00 2.77816E-01             2.75265E-01 3.78051E-08 2.55142E-03 5.00375E-01
 5.00000E+00 2.81537E-01             2.79075E-01 3.77084E-08 2.46257E-03 4.79816E-01
