 MAT 3925            293.160004 Kelvin  Multi-Band Parameters            *        Unshielded Group Averages             39-Y -89 
                                                                         *
           No.   Group-eV Band  Weight      Total    Elastic    Capture *      Total    Elastic    Capture    Other  
                                                                         *
             1 1.00000D-5    1 0.49971 108.905623 45.7252089 63.1688029 * 109.627439 46.0240998 63.5916500           
                             2 0.50029 110.348427 46.3226483 64.0140126 *
             2 1.04713D-5    1 0.50091 106.453673 44.7101596 61.7321666 * 107.157276 45.0014144 62.1444391           
                             2 0.49909 107.863457 45.2937365 62.5582223 *
             3 1.09648D-5    1 0.49875 104.052129 43.7163094 60.3247313 * 104.742325 44.0019168 60.7292460           
                             2 0.50125 105.429084 44.2861016 61.1317458 *
             4 1.14815D-5    1 0.50160 101.714609 42.7493004 58.9544723 * 102.385306 43.0267407 59.3476573           
                             2 0.49840 103.060318 43.3059655 59.7433712 *
             5 1.20226D-5    1 0.49835 99.4202200 41.8004792 57.6091519 * 100.079690 42.0731730 57.9958568           
                             2 0.50165 100.734817 42.3440713 58.3800155 *
             6 1.25893D-5    1 0.50179 97.1902217 40.8786494 56.3012237 * 97.8302292 41.1431926 56.6766191           
                             2 0.49821 98.4748397 41.4096384 57.0547143 *
             7 1.31826D-5    1 0.49844 95.0000683 39.9736498 55.0163061 * 95.6296110 40.2337612 55.3856695           
                             2 0.50156 96.2552321 40.4922523 55.7527320 *
             8 1.38038D-5    1 0.50143 92.8710260 39.0942825 53.7668607 * 93.4824121 39.3467839 54.1256794           
                             2 0.49857 94.0973088 39.6007352 54.4865585 *
             9 1.44544D-5    1 0.49902 90.7821796 38.2318936 52.5406287 * 91.3824207 38.4796814 52.8930172           
                             2 0.50098 91.9803193 38.7265022 53.2440305 *
            10 1.51356D-5    1 0.50057 88.7482683 37.3925804 51.3462501 * 89.3326638 37.6337133 51.6894496           
                             2 0.49943 89.9183927 37.8753964 52.0334321 *
            11 1.58489D-5    1 0.50017 86.7579671 36.5716595 50.1770846 * 87.3293335 36.8073007 50.5127481           
                             2 0.49983 87.9010924 37.0431037 50.8486423 *
            12 1.65959D-5    1 0.49939 84.8133587 35.7699937 49.0343520 * 85.3721658 36.0003360 49.3627564           
                             2 0.50061 85.9296043 36.2301142 49.6903566 *
            13 1.73780D-5    1 0.50118 82.9172079 34.9887229 47.9196768 * 83.4612689 35.2128666 48.2395352           
                             2 0.49882 84.0079033 35.4380706 48.5609066 *
            14 1.81970D-5    1 0.49860 81.0588043 34.2234273 46.8267697 * 81.5928677 34.4433278 47.1408749           
                             2 0.50140 82.1239393 34.6619964 47.4532205 *
            15 1.90546D-5    1 0.50175 79.2512620 33.4795175 45.7633327 * 79.7698644 33.6929267 46.0684697           
                             2 0.49825 80.2921121 33.9078361 46.3757516 *
            16 1.99526D-5    1 0.49835 77.4767521 32.7496403 44.7188919 * 77.9867626 32.9593844 45.0191032           
                             2 0.50165 78.4934176 33.1677484 45.3173393 *
            17 2.08930D-5    1 0.50179 75.7525730 32.0409274 43.7036124 * 76.2474161 32.2443028 43.9950265           
                             2 0.49821 76.7458171 32.4491405 44.2885359 *
            18 2.18776D-5    1 0.49858 74.0596316 31.3455107 42.7062709 * 74.5462185 31.5453581 42.9929578           
                             2 0.50142 75.0300412 31.7440702 43.2780160 *
            19 2.29087D-5    1 0.50126 72.4139006 30.6699694 41.7362595 * 72.8865207 30.8639431 42.0148548           
                             2 0.49874 73.3615320 31.0588981 42.2948596 *
            20 2.39883D-5    1 0.49932 70.8003916 30.0081328 40.7847621 * 71.2639380 30.1982419 41.0581492           
                             2 0.50068 71.7262250 30.3878344 41.3307934 *
            21 2.51189D-5    1 0.50028 69.2282417 29.3637611 39.8571543 * 69.6799387 29.5488663 40.1236972           
                             2 0.49972 70.1321489 29.7341818 40.3905428 *
            22 2.63027D-5    1 0.50055 67.6917410 28.7345045 38.9500769 * 68.1326820 28.9150554 39.2104191           
                             2 0.49945 68.5745948 29.0960043 39.4713351 *
            23 2.75423D-5    1 0.49911 66.1892817 28.1197044 38.0625808 * 66.6209889 28.2963236 38.3176220           
                             2 0.50089 67.0511596 28.4723141 38.5717555 *
            24 2.88403D-5    1 0.50147 64.7259425 27.5214430 37.1976621 * 65.1457140 27.6930273 37.4458037           
                             2 0.49853 65.5679555 27.8656212 37.6954053 *
            25 3.01995D-5    1 0.49851 63.2910578 26.9353469 36.3490295 * 63.7033748 27.1037270 36.5929215           
                             2 0.50149 64.1132473 27.2711089 36.8353676 *
            26 3.16228D-5    1 0.50187 61.8965562 26.3663036 35.5237229 * 62.2966191 26.5295214 35.7605245           
                             2 0.49813 62.6996806 26.6939626 35.9991009 *
            27 3.31131D-5    1 0.49841 60.5274870 25.8081899 34.7129163 * 60.9209382 25.9685471 34.9459675           
                             2 0.50159 61.3118912 26.1278860 35.1775389 *
            28 3.46737D-5    1 0.50174 59.1976490 25.2666526 33.9247606 * 59.5793230 25.4220445 34.1510011           
                             2 0.49826 59.9636634 25.5785220 34.3788221 *
            29 3.63078D-5    1 0.49879 57.8926536 24.7358062 33.1507539 * 58.2676407 24.8883061 33.3732001           
                             2 0.50121 58.6408177 25.0400699 33.5945726 *
            30 3.80189D-5    1 0.50107 56.6237264 24.2202377 32.3975335 * 56.9881378 24.3682637 32.6138792           
                             2 0.49893 57.3541180 24.5169269 32.8311563 *
            31 3.98107D-5    1 0.49973 55.3810499 23.7159371 31.6592935 * 55.7378801 23.8607070 31.8713147           
                             2 0.50027 56.0943188 24.0053182 32.0831033 *
            32 4.16869D-5    1 0.49997 54.1693623 23.2248375 30.9388379 * 54.5174510 23.3658799 31.1458462           
                             2 0.50003 54.8654941 23.5069038 31.3528274 *
            33 4.36516D-5    1 0.50094 52.9868588 22.7461995 30.2351019 * 53.3260757 22.8834639 30.4370171           
                             2 0.49906 53.6665697 23.0212453 30.6396926 *
            34 4.57088D-5    1 0.49892 51.8297825 22.2785693 29.5458555 * 52.1621933 22.4129456 29.7439082           
                             2 0.50108 52.4931751 22.5467443 29.9411095 *
            35 4.78630D-5    1 0.50172 50.7041653 21.8243348 28.8746835 * 51.0269772 21.9546333 29.0672065           
                             2 0.49828 51.3520226 22.0858334 29.2610615 *
            36 5.01187D-5    1 0.49849 49.6002643 21.3795708 28.2157977 * 49.9174170 21.5073245 28.4051413           
                             2 0.50151 50.2326561 21.6343074 28.5933425 *
            37 5.24807D-5    1 0.50196 48.5281753 20.9478232 27.5752034 * 48.8357077 21.0715633 27.7590005           
                             2 0.49804 49.1456631 21.1962783 27.9442458 *
            38 5.49541D-5    1 0.49854 47.4760136 20.5257497 26.9458304 * 47.7783139 20.6470927 27.1267032           
                             2 0.50146 48.0788502 20.7677276 27.3065207 *
            39 5.75440D-5    1 0.50166 46.4543207 20.1154354 26.3339585 * 46.7475456 20.2329565 26.5096068           
                             2 0.49834 47.0427290 20.3512626 26.6864283 *
            40 6.02560D-5    1 0.49908 45.4525369 19.7147623 25.7332968 * 45.7402854 19.8299351 25.9058746           
                             2 0.50092 46.0269808 19.9446863 26.0778208 *
            41 6.30957D-5    1 0.50086 44.4782725 19.3255535 25.1483868 * 44.7580368 19.4372067 25.3163904           
                             2 0.49914 45.0387655 19.5492447 25.4849733 *
            42 6.60693D-5    1 0.50022 43.5255324 18.9453521 24.5756533 * 43.7989161 19.0543022 24.7400431           
                             2 0.49978 44.0725437 19.1633495 24.9045796 *
            43 6.91831D-5    1 0.49966 42.5959516 18.5756305 24.0160741 * 42.8629298 18.6819265 24.1768356           
                             2 0.50034 43.1295433 18.7880773 24.3373775 *
            44 7.24436D-5    1 0.50133 41.6901970 18.2160044 23.4700561 * 41.9499135 18.3190143 23.6266695           
                             2 0.49867 42.2110145 18.4225734 23.7841177 *
            45 7.58578D-5    1 0.49882 40.8036359 17.8646679 22.9348218 * 41.0582551 17.9655230 23.0885929           
                             2 0.50118 41.3116777 18.0659041 23.2416413 *
            46 7.94328D-5    1 0.50195 39.9422486 17.5242566 22.4139686 * 40.1892181 17.6218619 22.5633516           
                             2 0.49805 40.4381254 17.7202331 22.7139065 *
            47 8.31764D-5    1 0.49854 39.0975922 17.1914175 21.9024235 * 39.3401892 17.2869679 22.0494005           
                             2 0.50146 39.5813758 17.3819629 22.1955231 *
            48 8.70964D-5    1 0.50205 38.2779577 16.8687758 21.4051828 * 38.5130213 16.9611656 21.5478359           
                             2 0.49795 38.7500234 17.0543173 21.6916653 *
            49 9.12011D-5    1 0.49874 37.4740908 16.5539605 20.9166738 * 37.7049662 16.6444176 21.0570313           
                             2 0.50126 37.9346844 16.7344214 21.1966853 *
            50 9.54993D-5    1 0.50160 36.6938074 16.2483984 20.4416186 * 36.9177064 16.3358843 20.5779842           
                             2 0.49840 37.1430400 16.4239307 20.7152237 *
            51 1.00000D-4    1 0.49947 35.9296399 15.9506225 19.9755111 * 36.1490142 16.0361245 20.1093747           
                             2 0.50053 36.3679208 16.1214442 20.2429529 *
            52 1.04713D-4    1 0.50063 35.1864044 15.6617948 19.5212708 * 35.3997782 15.7446469 19.6517316           
                             2 0.49937 35.6136925 15.8277089 19.7825229 *
            53 1.09648D-4    1 0.50099 34.4614447 15.3804024 19.0769975 * 34.6691258 15.4609215 19.2043887           
                             2 0.49901 34.8776306 15.5417600 19.3322853 *
            54 1.14815D-4    1 0.49805 33.7521069 15.1068158 18.6419604 * 33.9560768 15.1855795 18.7671460           
                             2 0.50195 34.1584657 15.2637327 18.8913614 *
            55 1.20226D-4    1 0.50255 33.0643985 14.8421212 18.2188786 * 33.2615729 14.9178585 18.3401441           
                             2 0.49745 33.4607704 14.9943729 18.4626538 *
            56 1.25893D-4    1 0.49988 32.3905233 14.5836336 17.8033180 * 32.5836254 14.6576535 17.9224379           
                             2 0.50012 32.7766368 14.7316387 18.0415018 *
            57 1.31826D-4    1 0.49899 31.7340994 14.3330389 17.3981023 * 31.9228273 14.4051705 17.5147494           
                             2 0.50101 32.1107931 14.4770108 17.6309254 *
            58 1.38038D-4    1 0.50280 31.0965632 14.0905340 17.0026507 * 31.2791037 14.1598799 17.1157831           
                             2 0.49720 31.4636987 14.2300063 17.2301889 *
            59 1.44544D-4    1 0.49859 30.4714135 13.8537123 16.6149347 * 30.6508346 13.9215605 16.7264363           
                             2 0.50141 30.8292489 13.9890280 16.8373121 *
            60 1.51356D-4    1 0.50048 29.8647421 13.6246700 16.2368873 * 30.0390852 13.6904010 16.3454703           
                             2 0.49952 30.2137623 13.7562579 16.4542614 *
            61 1.58489D-4    1 0.50251 29.2738329 13.4027706 15.8679259 * 29.4428614 13.4662690 15.9735832           
                             2 0.49749 29.6135920 13.5304068 16.0803044 *
            62 1.65959D-4    1 0.49800 28.6949233 13.1866968 15.5056676 * 28.8612096 13.2486876 15.6098681           
                             2 0.50200 29.0261703 13.3101842 15.7132380 *
            63 1.73780D-4    1 0.50175 28.1342759 12.9778346 15.1535398 * 28.2952125 13.0375755 15.2545751           
                             2 0.49825 28.4572767 13.0977350 15.3563183 *
            64 1.81970D-4    1 0.50174 27.5868406 12.7751927 14.8086455 * 27.7434022 12.8332026 14.9073835           
                             2 0.49826 27.9010599 12.8916187 15.0068127 *
            65 1.90546D-4    1 0.49806 27.0517447 12.5785647 14.4707534 * 27.2054922 12.6350692 14.5679222           
                             2 0.50194 27.3580498 12.6911363 14.6643389 *
            66 1.99526D-4    1 0.50263 26.5337050 12.3887869 14.1423658 * 26.6821982 12.4429687 14.2364864           
                             2 0.49737 26.8322644 12.4977246 14.3316040 *
            67 2.08930D-4    1 0.50057 26.0269160 12.2042046 13.8198719 * 26.1719617 12.2569826 13.9122215           
                             2 0.49943 26.3173355 12.3098801 14.0047802 *
            68 2.18776D-4    1 0.49880 25.5331764 12.0257925 13.5051613 * 25.6750430 12.0771563 13.5957451           
                             2 0.50120 25.8162314 12.1282745 13.6858958 *
            69 2.29087D-4    1 0.50305 25.0546314 11.8538002 13.1982782 * 25.1916053 11.9029418 13.2860655           
                             2 0.49695 25.3302582 11.9526856 13.3749289 *
            70 2.39883D-4    1 0.49915 24.5859034 11.6865229 12.8973653 * 24.7202792 11.7343249 12.9838262           
                             2 0.50085 24.8541978 11.7819643 13.0699929 *
            71 2.51189D-4    1 0.50024 24.1311003 11.5249831 12.6037923 * 24.2617379 11.5712055 12.6881168           
                             2 0.49976 24.3925015 11.6174726 12.7725225 *
            72 2.63027D-4    1 0.50291 23.6890675 11.3690898 12.3174692 * 23.8154492 11.4136695 12.3994168           
                             2 0.49709 23.9433116 11.4587715 12.4823245 *
            73 2.75423D-4    1 0.49834 23.2563205 11.2179955 12.0362960 * 23.3804990 11.2614274 12.1171201           
                             2 0.50166 23.5038551 11.3045717 12.1974088 *
            74 2.88403D-4    1 0.50162 22.8375875 11.0728416 11.7628496 * 22.9577528 11.1143389 11.8412821           
                             2 0.49838 23.0786972 11.1561053 11.9202231 *
            75 3.01995D-4    1 0.50234 22.4295055 10.9323018 11.4952641 * 22.5461081 10.9722537 11.5718140           
                             2 0.49766 22.6638086 11.0125817 11.6490847 *
            76 3.16228D-4    1 0.49727 22.0307008 10.7960799 11.2327345 * 22.1453751 10.8350577 11.3082820           
                             2 0.50273 22.2588038 10.8736122 11.3830091 *
            77 3.31131D-4    1 0.50148 21.6449883 10.6652691 10.9777960 * 21.7558250 10.7026984 11.0510253           
                             2 0.49852 21.8673219 10.7403506 11.1246906 *
            78 3.46737D-4    1 0.50373 21.2695705 10.5390768 10.7280657 * 21.3766948 10.5751233 10.7993062           
                             2 0.49627 21.4854304 10.6117120 10.8716183 *
            79 3.63078D-4    1 0.49957 20.9025946 10.4171241 10.4834363 * 21.0075849 10.4521259 10.5536482           
                             2 0.50043 21.1123929 10.4870670 10.6237383 *
            80 3.80189D-4    1 0.49833 20.5460818 10.2998138 10.2444608 * 20.6486555 10.3336012 10.3132598           
                             2 0.50167 20.7505464 10.3671636 10.3816008 *
            81 3.98107D-4    1 0.50335 20.2010602 10.1872353 10.0120817 * 20.2998609 10.2193736 10.0786370           
                             2 0.49665 20.3999950 10.2519457 10.1460906 *
            82 4.16869D-4    1 0.50265 19.8643944 10.0784756 9.78397208 * 19.9603793 10.1093802 9.84911770           
                             2 0.49735 20.0573883 10.1406144 9.91495843 *
            83 4.36516D-4    1 0.49760 19.5356616 9.97353077 9.56070034 * 19.6300476 10.0035082 9.62498361           
                             2 0.50240 19.7235335 10.0331998 9.68865384 *
            84 4.57088D-4    1 0.50103 19.2179089 9.87313650 9.34349297 * 19.3092342 9.90170026 9.40588484           
                             2 0.49897 19.4009350 9.93038147 9.46853327 *
            85 4.78630D-4    1 0.50400 18.9091334 9.77644809 9.13114676 * 18.9972480 9.80375384 9.19173526           
                             2 0.49600 19.0867853 9.83150047 9.25330200 *
            86 5.01187D-4    1 0.50044 18.6075301 9.68315583 8.92293655 * 18.6936858 9.70959338 8.98258229           
                             2 0.49956 18.7799948 9.73607795 9.04233410 *
            87 5.24807D-4    1 0.49807 18.3143029 9.59357855 8.71944722 * 18.3986046 9.61911393 8.77800025           
                             2 0.50193 18.4822596 9.64445344 8.83610413 *
            88 5.49541D-4    1 0.50276 18.0307989 9.50799998 8.52161021 * 18.1121541 9.53227372 8.57831403           
                             2 0.49724 18.1944109 9.55681646 8.63564623 *
            89 5.75440D-4    1 0.50465 17.7548725 9.42562660 8.32770901 * 17.8334500 9.44883230 8.38291254           
                             2 0.49535 17.9135030 9.47247373 8.43915261 *
            90 6.02560D-4    1 0.50202 17.4858405 9.34636916 8.13798494 * 17.5624424 9.36874720 8.19222298           
                             2 0.49798 17.6396667 9.39130708 8.24690172 *
            91 6.30957D-4    1 0.49711 17.2236327 9.27033973 7.95209186 * 17.2989460 9.29196921 8.00563013           
                             2 0.50289 17.3733942 9.31335022 8.05855339 *
            92 6.60693D-4    1 0.49918 16.9699500 9.19763226 7.77139499 * 17.0430676 9.21827413 7.82349010           
                             2 0.50082 17.1159466 9.23884862 7.87541518 *
            93 6.91831D-4    1 0.50368 16.7240078 9.12800355 7.59488290 * 16.7944160 9.14762190 7.64534283           
                             2 0.49632 16.8658696 9.16753151 7.69655191 *
            94 7.24436D-4    1 0.50453 16.4845422 9.06117894 7.42212753 * 16.5526593 9.07994346 7.47133758           
                             2 0.49547 16.6220210 9.09905085 7.52144678 *
            95 7.58578D-4    1 0.50097 16.2510506 8.99687625 7.25284863 * 16.3176126 9.01507324 7.30128375           
                             2 0.49903 16.3844339 9.03334111 7.34990754 *
            96 7.94328D-4    1 0.49616 16.0238415 8.93527972 7.08725868 * 16.0892623 8.95295644 7.13502932           
                             2 0.50384 16.1536871 8.97036406 7.18207274 *
            97 8.31764D-4    1 0.49791 15.8037854 8.87646444 6.92615830 * 15.8673781 8.89349520 6.97269197           
                             2 0.50209 15.9304410 8.91038408 7.01883800 *
            98 8.70964D-4    1 0.50190 15.5903863 8.82033947 6.76876811 * 15.6517574 8.83657856 6.81387606           
                             2 0.49810 15.7135975 8.85294173 6.85932870 *
            99 9.12011D-4    1 0.50478 15.3829596 8.76681580 6.61503293 * 15.4421637 8.78218881 6.65887427           
                             2 0.49522 15.5025105 8.79785854 6.70356183 *
           100 9.54993D-4    1 0.50529 15.1811056 8.71560872 6.46439179 * 15.2384249 8.73004452 6.50719397           
                             2 0.49471 15.2969709 8.74478922 6.55091207 *
           101 .001000000    1 0.50317 14.9845568 8.66638894 6.31715733 * 15.0403748 8.68013152 6.35916469           
                             2 0.49683 15.0969049 8.69404942 6.40170795 *
           102 .001047129    1 0.49928 14.7931803 8.61901116 6.17294894 * 14.8478472 8.63240938 6.21433165           
                             2 0.50072 14.9023559 8.64576882 6.25559455 *
           103 .001096478    1 0.49572 14.6071966 8.57365557 6.03221712 * 14.6608193 8.58684522 6.07293330           
                             2 0.50428 14.7135311 8.59981079 6.11295779 *
           104 .001148154    1 0.49615 14.4267084 8.53080670 5.89490622 * 14.4789719 8.54336087 5.93466521           
                             2 0.50385 14.5304367 8.55572317 5.97381657 *
           105 .001202264    1 0.49853 14.2515367 8.49010869 5.76091578 * 14.3022193 8.50171862 5.79957094           
                             2 0.50147 14.3526041 8.51326033 5.83799895 *
           106 .001258925    1 0.50125 14.0813468 8.45073549 5.63000999 * 14.1303791 8.46177473 5.66758419           
                             2 0.49875 14.1796568 8.47286921 5.70534636 *
           107 .001318257    1 0.50369 13.9159027 8.41288952 5.50198591 * 13.9633050 8.42374391 5.53851520           
                             2 0.49631 14.0114117 8.43475958 5.57558726 *
           108 .001380384    1 0.50565 13.7550744 8.37739013 5.37694104 * 13.8008778 8.38760132 5.41251091           
                             2 0.49435 13.8477275 8.39804578 5.44889332 *
           109 .001445440    1 0.50636 13.5984822 8.34331677 5.25451740 * 13.6429563 8.35273027 5.28922440           
                             2 0.49364 13.6885759 8.36238622 5.32482533 *
           110 .001513561    1 0.50659 13.4461648 8.31011883 5.13499614 * 13.4893436 8.31946556 5.16890633           
                             2 0.49341 13.5336763 8.32906208 5.20372274 *
           111 .001584893    1 0.50659 13.2980141 8.27908024 5.01802439 * 13.3399575 8.28801553 5.05116654           
                             2 0.49341 13.3830205 8.29718935 5.08519344 *
           112 .001659587    1 1.00000 13.1946686 8.25759471 4.93625392 * 13.1946686 8.25759471 4.93625392           
           113 .001737801    1 1.00000 13.0533965 8.22859565 4.82383590 * 13.0533965 8.22859565 4.82383590           
           114 .001819701    1 1.00000 12.9159599 8.20125192 4.71406316 * 12.9159599 8.20125192 4.71406316           
           115 .001905461    1 1.00000 12.7822440 8.17460006 4.60674657 * 12.7822440 8.17460006 4.60674657           
           116 .001995262    1 1.00000 12.6521570 8.14952049 4.50186386 * 12.6521570 8.14952049 4.50186386           
           117 .002089296    1 1.00000 12.5255897 8.12553371 4.39942126 * 12.5255897 8.12553371 4.39942126           
           118 .002187762    1 1.00000 12.4024676 8.10234470 4.29922231 * 12.4024676 8.10234470 4.29922231           
           119 .002290868    1 1.00000 12.2826495 8.08073525 4.20141739 * 12.2826495 8.08073525 4.20141739           
           120 .002398833    1 1.00000 12.1660268 8.05943382 4.10571283 * 12.1660268 8.05943382 4.10571283           
           121 .002511886    1 1.00000 12.0525262 8.03977692 4.01231530 * 12.0525262 8.03977692 4.01231530           
           122 .002630268    1 1.00000 11.9420643 8.02031826 3.92092288 * 11.9420643 8.02031826 3.92092288           
           123 .002754229    1 1.00000 11.8345892 8.00236579 3.83171586 * 11.8345892 8.00236579 3.83171586           
           124 .002884032    1 1.00000 11.7299308 7.98465040 3.74445915 * 11.7299308 7.98465040 3.74445915           
           125 .003019952    1 1.00000 11.6280479 7.96829450 3.65923663 * 11.6280479 7.96829450 3.65923663           
           126 .003162278    1 1.00000 11.5288310 7.95208926 3.57594255 * 11.5288310 7.95208926 3.57594255           
           127 .003311311    1 1.00000 11.4322494 7.93724360 3.49451632 * 11.4322494 7.93724360 3.49451632           
           128 .003467369    1 1.00000 11.3381227 7.92237270 3.41500313 * 11.3381227 7.92237270 3.41500313           
           129 .003630781    1 1.00000 11.2464853 7.90895040 3.33721781 * 11.2464853 7.90895040 3.33721781           
           130 .003801894    1 1.00000 11.1572641 7.89529656 3.26129901 * 11.1572641 7.89529656 3.26129901           
           131 .003981072    1 1.00000 11.0703951 7.88303835 3.18700736 * 11.0703951 7.88303835 3.18700736           
           132 .004168694    1 1.00000 10.9858574 7.87074840 3.11450540 * 10.9858574 7.87074840 3.11450540           
           133 .004365158    1 1.00000 10.9035014 7.85927026 3.04356557 * 10.9035014 7.85927026 3.04356557           
           134 .004570882    1 1.00000 10.8231287 7.84847567 2.97431202 * 10.8231287 7.84847567 2.97431202           
           135 .004786301    1 1.00000 10.7448556 7.83754999 2.90658665 * 10.7448556 7.83754999 2.90658665           
           136 .005011872    1 1.00000 10.6686045 7.82795457 2.84042271 * 10.6686045 7.82795457 2.84042271           
           137 .005248075    1 1.00000 10.5943808 7.81815295 2.77577424 * 10.5943808 7.81815295 2.77577424           
           138 .005495409    1 1.00000 10.5221246 7.80890737 2.71256003 * 10.5221246 7.80890737 2.71256003           
           139 .005754399    1 1.00000 10.4516882 7.80052855 2.65084390 * 10.4516882 7.80052855 2.65084390           
           140 .006025596    1 1.00000 10.3828195 7.79177979 2.59046129 * 10.3828195 7.79177979 2.59046129           
           141 .006309573    1 1.00000 10.3158220 7.78396388 2.53153274 * 10.3158220 7.78396388 2.53153274           
           142 .006606934    1 1.00000 10.2506342 7.77659654 2.47386785 * 10.2506342 7.77659654 2.47386785           
           143 .006918310    1 1.00000 10.1872175 7.76890578 2.41759051 * 10.1872175 7.76890578 2.41759051           
           144 .007244360    1 1.00000 10.1250427 7.76213029 2.36253391 * 10.1250427 7.76213029 2.36253391           
           145 .007585776    1 1.00000 10.0645418 7.75577106 2.30877875 * 10.0645418 7.75577106 2.30877875           
           146 .007943282    1 1.00000 10.0057568 7.74911213 2.25622476 * 10.0057568 7.74911213 2.25622476           
           147 .008317638    1 1.00000 9.94846307 7.74296680 2.20487045 * 9.94846307 7.74296680 2.20487045           
           148 .008709636    1 1.00000 9.89226311 7.73758889 2.15470973 * 9.89226311 7.73758889 2.15470973           
           149 .009120108    1 1.00000 9.83765943 7.73196098 2.10565367 * 9.83765943 7.73196098 2.10565367           
           150 .009549926    1 1.00000 9.78468295 7.72627932 2.05777022 * 9.78468295 7.72627932 2.05777022           
           151 .010000000    1 1.00000 9.73270425 7.72163618 2.01091834 * 9.73270425 7.72163618 2.01091834           
           152 .010471285    1 1.00000 9.68197173 7.71699829 1.96519651 * 9.68197173 7.71699829 1.96519651           
           153 .010964782    1 1.00000 9.63281178 7.71214182 1.92045501 * 9.63281178 7.71214182 1.92045501           
           154 .011481536    1 1.00000 9.58476033 7.70747858 1.87678291 * 9.58476033 7.70747858 1.87678291           
           155 .012022644    1 1.00000 9.53761999 7.70371137 1.83405975 * 9.53761999 7.70371137 1.83405975           
           156 .012589254    1 1.00000 9.49201411 7.69982526 1.79233089 * 9.49201411 7.69982526 1.79233089           
           157 .013182567    1 1.00000 9.44745777 7.69575601 1.75153719 * 9.44745777 7.69575601 1.75153719           
           158 .013803843    1 1.00000 9.40367961 7.69179279 1.71165586 * 9.40367961 7.69179279 1.71165586           
           159 .014454398    1 1.00000 9.36143042 7.68870307 1.67270352 * 9.36143042 7.68870307 1.67270352           
           160 .015135612    1 1.00000 9.32000005 7.68556085 1.63459579 * 9.32000005 7.68556085 1.63459579           
           161 .015848932    1 1.00000 9.27939054 7.68227054 1.59739930 * 9.27939054 7.68227054 1.59739930           
           162 .016595869    1 1.00000 9.24028108 7.67883147 1.56100049 * 9.24028108 7.67883147 1.56100049           
           163 .017378008    1 1.00000 9.20157075 7.67599720 1.52548090 * 9.20157075 7.67599720 1.52548090           
           164 .018197009    1 1.00000 9.16412429 7.67356539 1.49072936 * 9.16412429 7.67356539 1.49072936           
           165 .019054607    1 1.00000 9.12769172 7.67101897 1.45680950 * 9.12769172 7.67101897 1.45680950           
           166 .019952623    1 1.00000 9.09171133 7.66835254 1.42363939 * 9.09171133 7.66835254 1.42363939           
           167 .020892961    1 1.00000 9.05723419 7.66556152 1.39123915 * 9.05723419 7.66556152 1.39123915           
           168 .021877616    1 1.00000 9.02297708 7.66314674 1.35957789 * 9.02297708 7.66314674 1.35957789           
           169 .022908677    1 1.00000 8.98995451 7.66104564 1.32861861 * 8.98995451 7.66104564 1.32861861           
           170 .023988329    1 1.00000 8.95726601 7.65884553 1.29838502 * 8.95726601 7.65884553 1.29838502           
           171 .025118864    1 1.00000 8.92589621 7.65684643 1.26879746 * 8.92589621 7.65684643 1.26879746           
           172 .026302680    1 1.00000 8.89516011 7.65527178 1.23992121 * 8.89516011 7.65527178 1.23992121           
           173 .027542287    1 1.00000 8.86515799 7.65363142 1.21165750 * 8.86515799 7.65363142 1.21165750           
           174 .028840315    1 1.00000 8.83560722 7.65191374 1.18406647 * 8.83560722 7.65191374 1.18406647           
           175 .030199517    1 1.00000 8.80723671 7.65011512 1.15707962 * 8.80723671 7.65011512 1.15707962           
           176 .031622777    1 1.00000 8.77893145 7.64823173 1.13072353 * 8.77893145 7.64823173 1.13072353           
           177 .033113112    1 1.00000 8.75198736 7.64645196 1.10497030 * 8.75198736 7.64645196 1.10497030           
           178 .034673685    1 1.00000 8.72497584 7.64527238 1.07980078 * 8.72497584 7.64527238 1.07980078           
           179 .036307805    1 1.00000 8.69939156 7.64409718 1.05523171 * 8.69939156 7.64409718 1.05523171           
           180 .038018940    1 1.00000 8.67362725 7.64286659 1.03120254 * 8.67362725 7.64286659 1.03120254           
           181 .039810717    1 1.00000 8.64928664 7.64157801 1.00775310 * 8.64928664 7.64157801 1.00775310           
           182 .041686938    1 1.00000 8.62471148 7.64022870 .984803314 * 8.62471148 7.64022870 .984803314           
           183 .043651583    1 1.00000 8.60153070 7.63881580 .962398137 * 8.60153070 7.63881580 .962398137           
           184 .045708819    1 1.00000 8.57806704 7.63741058 .940465997 * 8.57806704 7.63741058 .940465997           
           185 .047863009    1 1.00000 8.55598610 7.63652995 .919045285 * 8.55598610 7.63652995 .919045285           
           186 .050118723    1 1.00000 8.53358021 7.63573553 .898091840 * 8.53358021 7.63573553 .898091840           
           187 .052480746    1 1.00000 8.51254339 7.63490368 .877617573 * 8.51254339 7.63490368 .877617573           
           188 .054954087    1 1.00000 8.49118086 7.63403261 .857612647 * 8.49118086 7.63403261 .857612647           
           189 .057543994    1 1.00000 8.47110086 7.63312050 .838051297 * 8.47110086 7.63312050 .838051297           
           190 .060255959    1 1.00000 8.45080509 7.63216540 .818954869 * 8.45080509 7.63216540 .818954869           
           191 .063095734    1 1.00000 8.43154671 7.63116529 .800271504 * 8.43154671 7.63116529 .800271504           
           192 .066069345    1 1.00000 8.41239020 7.63011804 .782039032 * 8.41239020 7.63011804 .782039032           
           193 .069183097    1 1.00000 8.39377937 7.62920614 .764198779 * 8.39377937 7.62920614 .764198779           
           194 .072443596    1 1.00000 8.37583507 7.62869718 .746790421 * 8.37583507 7.62869718 .746790421           
           195 .075857758    1 1.00000 8.35773846 7.62818360 .729765764 * 8.35773846 7.62818360 .729765764           
           196 .079432823    1 1.00000 8.34088545 7.62764583 .713151881 * 8.34088545 7.62764583 .713151881           
           197 .083176377    1 1.00000 8.32355016 7.62708270 .696917707 * 8.32355016 7.62708270 .696917707           
           198 .087096359    1 1.00000 8.30745069 7.62649304 .681053903 * 8.30745069 7.62649304 .681053903           
           199 .091201084    1 1.00000 8.29119726 7.62587558 .665550135 * 8.29119726 7.62587558 .665550135           
           200 .095499259    1 1.00000 8.27531229 7.62522903 .650373512 * 8.27531229 7.62522903 .650373512           
           201 .100000000    1 1.00000 8.26025882 7.62455201 .635548828 * 8.26025882 7.62455201 .635548828           
           202 .104712855    1 1.00000 8.24475365 7.62384307 .621038203 * 8.24475365 7.62384307 .621038203           
           203 .109647820    1 1.00000 8.23048417 7.62310073 .606876307 * 8.23048417 7.62310073 .606876307           
           204 .114815362    1 1.00000 8.21596599 7.62253650 .593018611 * 8.21596599 7.62253650 .593018611           
           205 .120226443    1 1.00000 8.20181622 7.62223689 .579492982 * 8.20181622 7.62223689 .579492982           
           206 .125892541    1 1.00000 8.18849215 7.62192474 .566263102 * 8.18849215 7.62192474 .566263102           
           207 .131825674    1 1.00000 8.17465622 7.62159788 .553342422 * 8.17465622 7.62159788 .553342422           
           208 .138038426    1 1.00000 8.16192262 7.62125561 .540713792 * 8.16192262 7.62125561 .540713792           
           209 .144543977    1 1.00000 8.14921504 7.62089721 .528369400 * 8.14921504 7.62089721 .528369400           
           210 .151356125    1 1.00000 8.13631604 7.62052192 .516317387 * 8.13631604 7.62052192 .516317387           
           211 .158489319    1 1.00000 8.12460200 7.62012895 .504536050 * 8.12460200 7.62012895 .504536050           
           212 .165958691    1 1.00000 8.11254646 7.61971745 .493050739 * 8.11254646 7.61971745 .493050739           
           213 .173780083    1 1.00000 8.10070579 7.61928656 .481815775 * 8.10070579 7.61928656 .481815775           
           214 .181970086    1 1.00000 8.08978437 7.61883536 .470838111 * 8.08978437 7.61883536 .470838111           
           215 .190546072    1 1.00000 8.07838186 7.61836290 .460080825 * 8.07838186 7.61836290 .460080825           
           216 .199526231    1 1.00000 8.06741524 7.61786818 .449572163 * 8.06741524 7.61786818 .449572163           
           217 .208929613    1 1.00000 8.05718641 7.61735013 .439293699 * 8.05718641 7.61735013 .439293699           
           218 .218776162    1 1.00000 8.04647992 7.61684516 .429252676 * 8.04647992 7.61684516 .429252676           
           219 .229086765    1 1.00000 8.03624287 7.61658754 .419441231 * 8.03624287 7.61658754 .419441231           
           220 .239883292    1 1.00000 8.02670887 7.61637175 .409847753 * 8.02670887 7.61637175 .409847753           
           221 .251188643    1 1.00000 8.01672796 7.61614579 .400481136 * 8.01672796 7.61614579 .400481136           
           222 .263026799    1 1.00000 8.00706512 7.61590918 .391316770 * 8.00706512 7.61590918 .391316770           
           223 .275422870    1 1.00000 7.99821290 7.61566142 .382372556 * 7.99821290 7.61566142 .382372556           
           224 .288403150    1 1.00000 7.98895950 7.61540198 .373619584 * 7.98895950 7.61540198 .373619584           
           225 .301995172    1 1.00000 7.97976464 7.61513031 .365077053 * 7.97976464 7.61513031 .365077053           
           226 .316227766    1 1.00000 7.97154977 7.61484584 .356723065 * 7.97154977 7.61484584 .356723065           
           227 .331131121    1 1.00000 7.96303397 7.61454797 .348581573 * 7.96303397 7.61454797 .348581573           
           228 .346736850    1 1.00000 7.95430348 7.61423605 .340630383 * 7.95430348 7.61423605 .340630383           
           229 .363078055    1 1.00000 7.94656919 7.61390944 .332841801 * 7.94656919 7.61390944 .332841801           
           230 .380189396    1 1.00000 7.93876109 7.61356743 .325217758 * 7.93876109 7.61356743 .325217758           
           231 .398107171    1 1.00000 7.93058503 7.61320931 .317758320 * 7.93058503 7.61320931 .317758320           
           232 .416869383    1 1.00000 7.92294623 7.61283431 .310476136 * 7.92294623 7.61283431 .310476136           
           233 .436515832    1 1.00000 7.91586629 7.61244163 .303350250 * 7.91586629 7.61244163 .303350250           
           234 .457088190    1 1.00000 7.90845268 7.61203045 .296395568 * 7.90845268 7.61203045 .296395568           
           235 .478630092    1 1.00000 7.90084520 7.61159989 .289589461 * 7.90084520 7.61159989 .289589461           
           236 .501187234    1 1.00000 7.89419045 7.61114903 .282945774 * 7.89419045 7.61114903 .282945774           
           237 .524807460    1 1.00000 7.88751953 7.61067693 .276446061 * 7.88751953 7.61067693 .276446061           
           238 .549540874    1 1.00000 7.88053421 7.61018258 .270097768 * 7.88053421 7.61018258 .270097768           
           239 .575439937    1 1.00000 7.87363180 7.60966494 .263891444 * 7.87363180 7.60966494 .263891444           
           240 .602559586    1 1.00000 7.86759953 7.60916876 .257824668 * 7.86759953 7.60916876 .257824668           
           241 .630957344    1 1.00000 7.86135793 7.60881070 .251905990 * 7.86135793 7.60881070 .251905990           
           242 .660693448    1 1.00000 7.85482217 7.60844970 .246141205 * 7.85482217 7.60844970 .246141205           
           243 .691830971    1 1.00000 7.84859755 7.60807170 .240492915 * 7.84859755 7.60807170 .240492915           
           244 .724435960    1 1.00000 7.84301830 7.60767587 .234947651 * 7.84301830 7.60767587 .234947651           
           245 .758577575    1 1.00000 7.83718524 7.60726140 .229534153 * 7.83718524 7.60726140 .229534153           
           246 .794328235    1 1.00000 7.83107728 7.60682739 .224236430 * 7.83107728 7.60682739 .224236430           
           247 .831763771    1 1.00000 7.82523010 7.60637292 .219063898 * 7.82523010 7.60637292 .219063898           
           248 .870963590    1 1.00000 7.82006676 7.60589704 .214004171 * 7.82006676 7.60589704 .214004171           
           249 .912010839    1 1.00000 7.81467702 7.60539873 .209060535 * 7.81467702 7.60539873 .209060535           
           250 .954992586    1 1.00000 7.80903327 7.60487693 .204228159 * 7.80903327 7.60487693 .204228159           
           251 1.00000000    1 1.00000 7.80340597 7.60433054 .199502492 * 7.80340597 7.60433054 .199502492           
           252 1.04712855    1 1.00000 7.79857978 7.60375840 .194886795 * 7.79857978 7.60375840 .194886795           
           253 1.09647820    1 1.00000 7.79362815 7.60315930 .190369827 * 7.79362815 7.60315930 .190369827           
           254 1.14815362    1 1.00000 7.78844316 7.60253197 .185959882 * 7.78844316 7.60253197 .185959882           
           255 1.20226443    1 1.00000 7.78303443 7.60187506 .181642876 * 7.78303443 7.60187506 .181642876           
           256 1.25892541    1 1.00000 7.77825789 7.60118720 .177428220 * 7.77825789 7.60118720 .177428220           
           257 1.31825674    1 1.00000 7.77373302 7.60046692 .173303270 * 7.77373302 7.60046692 .173303270           
           258 1.38038426    1 1.00000 7.76899490 7.59971270 .169295340 * 7.76899490 7.59971270 .169295340           
           259 1.44543977    1 1.00000 7.76403348 7.59892293 .165366069 * 7.76403348 7.59892293 .165366069           
           260 1.51356125    1 1.00000 7.75899164 7.59809594 .161511457 * 7.75899164 7.59809594 .161511457           
           261 1.58489319    1 1.00000 7.75468176 7.59722997 .157739601 * 7.75468176 7.59722997 .157739601           
           262 1.65958691    1 1.00000 7.75033889 7.59632320 .154051559 * 7.75033889 7.59632320 .154051559           
           263 1.73780083    1 1.00000 7.74579135 7.59537368 .150449601 * 7.74579135 7.59537368 .150449601           
           264 1.81970086    1 1.00000 7.74102948 7.59437942 .146923990 * 7.74102948 7.59437942 .146923990           
           265 1.90546072    1 1.00000 7.73621523 7.59333830 .143480069 * 7.73621523 7.59333830 .143480069           
           266 1.99526231    1 1.00000 7.73209888 7.59224812 .140108920 * 7.73209888 7.59224812 .140108920           
           267 2.08929613    1 1.00000 7.72792585 7.59110655 .136815474 * 7.72792585 7.59110655 .136815474           
           268 2.18776162    1 1.00000 7.72355616 7.58991119 .133592119 * 7.72355616 7.58991119 .133592119           
           269 2.29086765    1 1.00000 7.71898054 7.58865948 .130444007 * 7.71898054 7.58865948 .130444007           
           270 2.39883292    1 1.00000 7.71423998 7.58734879 .127361162 * 7.71423998 7.58734879 .127361162           
           271 2.51188643    1 1.00000 7.71010122 7.58597633 .124349762 * 7.71010122 7.58597633 .124349762           
           272 2.63026799    1 1.00000 7.70605904 7.58453918 .121401827 * 7.70605904 7.58453918 .121401827           
           273 2.75422870    1 1.00000 7.70182636 7.58303431 .118540293 * 7.70182636 7.58303431 .118540293           
           274 2.88403150    1 1.00000 7.69739420 7.58145851 .115724760 * 7.69739420 7.58145851 .115724760           
           275 3.01995172    1 1.00000 7.69275315 7.57980845 .112967352 * 7.69275315 7.57980845 .112967352           
           276 3.16227766    1 1.00000 7.68815445 7.57808062 .110266231 * 7.68815445 7.57808062 .110266231           
           277 3.31131121    1 1.00000 7.68411867 7.57627136 .107623837 * 7.68411867 7.57627136 .107623837           
           278 3.46736850    1 1.00000 7.67994419 7.57437683 .105042633 * 7.67994419 7.57437683 .105042633           
           279 3.63078055    1 1.00000 7.67557297 7.57239302 .102514954 * 7.67557297 7.57239302 .102514954           
           280 3.80189396    1 1.00000 7.67099574 7.57034793 .100044875 * 7.67099574 7.57034793 .100044875           
           281 3.98107171    1 1.00000 7.66620279 7.56833664 .097625586 * 7.66620279 7.56833664 .097625586           
           282 4.16869383    1 1.00000 7.66148674 7.56624425 .095259327 * 7.66148674 7.56624425 .095259327           
           283 4.36515832    1 1.00000 7.65724487 7.56405324 .092944617 * 7.65724487 7.56405324 .092944617           
           284 4.57088190    1 1.00000 7.65283018 7.56175898 .090677999 * 7.65283018 7.56175898 .090677999           
           285 4.78630092    1 1.00000 7.64820743 7.55935659 .088462889 * 7.64820743 7.55935659 .088462889           
           286 5.01187234    1 1.00000 7.64336681 7.55684098 .086292323 * 7.64336681 7.55684098 .086292323           
           287 5.24807460    1 1.00000 7.63829806 7.55420681 .084170882 * 7.63829806 7.55420681 .084170882           
           288 5.49540874    1 1.00000 7.63312188 7.55144850 .082107691 * 7.63312188 7.55144850 .082107691           
           289 5.75439937    1 1.00000 7.62841964 7.54856019 .080074029 * 7.62841964 7.54856019 .080074029           
           290 6.02559586    1 1.00000 7.62360425 7.54553576 .078085155 * 7.62360425 7.54553576 .078085155           
           291 6.30957344    1 1.00000 7.61856190 7.54236879 .076133322 * 7.61856190 7.54236879 .076133322           
           292 6.60693448    1 1.00000 7.61328192 7.53905257 .074222837 * 7.61328192 7.53905257 .074222837           
           293 6.91830971    1 1.00000 7.60775310 7.53558006 .072355115 * 7.60775310 7.53558006 .072355115           
           294 7.24435960    1 1.00000 7.60196372 7.53194390 .070525528 * 7.60196372 7.53194390 .070525528           
           295 7.58577575    1 1.00000 7.59628191 7.52813637 .068734917 * 7.59628191 7.52813637 .068734917           
           296 7.94328235    1 1.00000 7.59086375 7.52414939 .066981049 * 7.59086375 7.52414939 .066981049           
           297 8.31763771    1 1.00000 7.58519354 7.51997452 .065263206 * 7.58519354 7.51997452 .065263206           
           298 8.70963590    1 1.00000 7.57925611 7.51560288 .063582106 * 7.57925611 7.51560288 .063582106           
           299 9.12010839    1 1.00000 7.57303886 7.51102523 .061934666 * 7.57303886 7.51102523 .061934666           
           300 9.54992586    1 1.00000 7.56652860 7.50623183 .060320721 * 7.56652860 7.50623183 .060320721           
           301 10.0000000    1 1.00000 7.55971187 7.50121252 .058741420 * 7.55971187 7.50121252 .058741420           
           302 10.4712855    1 1.00000 7.55304047 7.49595667 .057194325 * 7.55304047 7.49595667 .057194325           
           303 10.9647820    1 1.00000 7.54647845 7.49045311 .055677407 * 7.54647845 7.49045311 .055677407           
           304 11.4815362    1 1.00000 7.53960716 7.48478388 .054194602 * 7.53960716 7.48478388 .054194602           
           305 12.0226443    1 1.00000 7.53241204 7.47913602 .052751608 * 7.53241204 7.47913602 .052751608           
           306 12.5892541    1 1.00000 7.52487782 7.47324207 .051321931 * 7.52487782 7.47324207 .051321931           
           307 13.1825674    1 1.00000 7.51698853 7.46707035 .049923759 * 7.51698853 7.46707035 .049923759           
           308 13.8038426    1 1.00000 7.50872848 7.46060777 .048552992 * 7.50872848 7.46060777 .048552992           
           309 14.4543977    1 1.00000 7.50056475 7.45384062 .047212431 * 7.50056475 7.45384062 .047212431           
           310 15.1356125    1 1.00000 7.49242392 7.44675454 .045897883 * 7.49242392 7.44675454 .045897883           
           311 15.8489319    1 1.00000 7.48389943 7.43933450 .044608836 * 7.48389943 7.43933450 .044608836           
           312 16.5958691    1 1.00000 7.47497319 7.43156477 .043346527 * 7.47497319 7.43156477 .043346527           
           313 17.3780083    1 1.00000 7.46562627 7.42342886 .042109081 * 7.46562627 7.42342886 .042109081           
           314 18.1970086    1 1.00000 7.45583884 7.41490951 .040895969 * 7.45583884 7.41490951 .040895969           
           315 19.0546072    1 1.00000 7.44564571 7.40598867 .039707456 * 7.44564571 7.40598867 .039707456           
           316 19.9526231    1 1.00000 7.43565890 7.39692560 .038543138 * 7.43565890 7.39692560 .038543138           
           317 20.8929613    1 1.00000 7.42540717 7.38780159 .037401643 * 7.42540717 7.38780159 .037401643           
           318 21.8776162    1 1.00000 7.41467230 7.37824909 .036282375 * 7.41467230 7.37824909 .036282375           
           319 22.9086765    1 1.00000 7.40343151 7.36824640 .035185854 * 7.40343151 7.36824640 .035185854           
           320 23.9883292    1 1.00000 7.39166095 7.35777229 .034111984 * 7.39166095 7.35777229 .034111984           
           321 25.1188643    1 1.00000 7.37937618 7.34680455 .033066606 * 7.37937618 7.34680455 .033066606           
           322 26.3026799    1 1.00000 7.36722783 7.33531992 .032033388 * 7.36722783 7.33531992 .032033388           
           323 27.5422870    1 1.00000 7.35477127 7.32329679 .031021296 * 7.35477127 7.32329679 .031021296           
           324 28.8403150    1 1.00000 7.34172766 7.31120255 .030031979 * 7.34172766 7.31120255 .030031979           
           325 30.1995172    1 1.00000 7.32806931 7.29890890 .029061269 * 7.32806931 7.29890890 .029061269           
           326 31.6227766    1 1.00000 7.31376727 7.28603588 .028110150 * 7.31376727 7.28603588 .028110150           
           327 33.1131121    1 1.00000 7.29922432 7.27255617 .027178442 * 7.29922432 7.27255617 .027178442           
           328 34.6736850    1 1.00000 7.28471769 7.25844118 .026266070 * 7.28471769 7.25844118 .026266070           
           329 36.3078055    1 1.00000 7.26953802 7.24366326 .025372940 * 7.26953802 7.24366326 .025372940           
           330 38.0189396    1 1.00000 7.25364296 7.22879563 .024499205 * 7.25364296 7.22879563 .024499205           
           331 39.8107171    1 1.00000 7.23700405 7.21370668 .023643648 * 7.23700405 7.21370668 .023643648           
           332 41.6869383    1 1.00000 7.22033260 7.19790661 .022806456 * 7.22033260 7.19790661 .022806456           
           333 43.6515832    1 1.00000 7.20341649 7.18136191 .021987049 * 7.20341649 7.18136191 .021987049           
           334 45.7088190    1 1.00000 7.18570313 7.16405207 .021186036 * 7.18570313 7.16405207 .021186036           
           335 47.8630092    1 1.00000 7.16715498 7.14672924 .020403529 * 7.16715498 7.14672924 .020403529           
           336 50.1187234    1 1.00000 7.14827460 7.12905541 .019637736 * 7.14827460 7.12905541 .019637736           
           337 52.4807460    1 1.00000 7.12940612 7.11054863 .018890401 * 7.12940612 7.11054863 .018890401           
           338 54.9540874    1 1.00000 7.10966160 7.09116993 .018160346 * 7.10966160 7.09116993 .018160346           
           339 57.5439937    1 1.00000 7.08899466 7.07161404 .017451460 * 7.08899466 7.07161404 .017451460           
           340 60.2559586    1 1.00000 7.06829625 7.05182744 .016755186 * 7.06829625 7.05182744 .016755186           
           341 63.0957344    1 1.00000 7.04727554 7.03110834 .016076420 * 7.04727554 7.03110834 .016076420           
           342 66.0693448    1 1.00000 7.02526416 7.00956189 .015414213 * 7.02526416 7.00956189 .015414213           
           343 69.1830971    1 1.00000 7.00263371 6.98817548 .014769038 * 7.00263371 6.98817548 .014769038           
           344 72.4435960    1 1.00000 6.98015180 6.96603333 .014140717 * 6.98015180 6.96603333 .014140717           
           345 75.8577575    1 1.00000 6.95668672 6.94287554 .013529446 * 6.95668672 6.94287554 .013529446           
           346 79.4328235    1 1.00000 6.93252459 6.91977568 .012935206 * 6.93252459 6.91977568 .012935206           
           347 83.1763771    1 1.00000 6.90854222 6.89619622 .012357234 * 6.90854222 6.89619622 .012357234           
           348 87.0963590    1 1.00000 6.88352880 6.87154038 .011795699 * 6.88352880 6.87154038 .011795699           
           349 91.2010839    1 1.00000 6.85800850 6.84696004 .011250451 * 6.85800850 6.84696004 .011250451           
           350 95.4992586    1 1.00000 6.83257076 6.82184338 .010722237 * 6.83257076 6.82184338 .010722237           
           351 100.000000    1 1.00000 6.80599240 6.79573555 .010209751 * 6.80599240 6.79573555 .010209751           
           352 104.712855    1 1.00000 6.77950398 6.76991225 .009714024 * 6.77950398 6.76991225 .009714024           
           353 109.647820    1 1.00000 6.75251652 6.74319643 .009233798 * 6.75251652 6.74319643 .009233798           
           354 114.815362    1 1.00000 6.72470299 6.71602358 .008770047 * 6.72470299 6.71602358 .008770047           
           355 120.226443    1 1.00000 6.69720441 6.68890079 .008321987 * 6.69720441 6.68890079 .008321987           
           356 125.892541    1 1.00000 6.66865641 6.66073098 .007889632 * 6.66865641 6.66073098 .007889632           
           357 131.825674    1 1.00000 6.64037977 6.63293729 .007472842 * 6.64037977 6.63293729 .007472842           
           358 138.038426    1 1.00000 6.61134680 6.60422720 .007071584 * 6.61134680 6.60422720 .007071584           
           359 144.543977    1 1.00000 6.58224219 6.57560738 .006685521 * 6.58224219 6.57560738 .006685521           
           360 151.356125    1 1.00000 6.55286582 6.54651770 .006316067 * 6.55286582 6.54651770 .006316067           
           361 158.489319    1 1.00000 6.52316327 6.51722212 .005959991 * 6.52316327 6.51722212 .005959991           
           362 165.958691    1 1.00000 6.49344327 6.48782532 .005618488 * 6.49344327 6.48782532 .005618488           
           363 173.780083    1 1.00000 6.46317812 6.45788030 .005291272 * 6.46317812 6.45788030 .005291272           
           364 181.970086    1 1.00000 6.43313741 6.42814883 .004978219 * 6.43313741 6.42814883 .004978219           
           365 190.546072    1 1.00000 6.40270684 6.39803516 .004679587 * 6.40270684 6.39803516 .004679587           
           366 199.526231    1 1.00000 6.37233272 6.36798326 .004393954 * 6.37233272 6.36798326 .004393954           
           367 208.929613    1 1.00000 6.34187923 6.33773684 .004122257 * 6.34187923 6.33773684 .004122257           
           368 218.776162    1 1.00000 6.31131270 6.30747866 .003863186 * 6.31131270 6.30747866 .003863186           
           369 229.086765    1 1.00000 6.28095356 6.27731852 .003617197 * 6.28095356 6.27731852 .003617197           
           370 239.883292    1 1.00000 6.25031406 6.24694538 .003383478 * 6.25031406 6.24694538 .003383478           
           371 251.188643    1 1.00000 6.22011835 6.21694314 .003161835 * 6.22011835 6.21694314 .003161835           
           372 263.026799    1 1.00000 6.18957598 6.18662058 .002951953 * 6.18957598 6.18662058 .002951953           
           373 275.422870    1 1.00000 6.15960543 6.15689808 .002753440 * 6.15960543 6.15689808 .002753440           
           374 288.403150    1 1.00000 6.12938684 6.12680773 .002565968 * 6.12938684 6.12680773 .002565968           
           375 301.995172    1 1.00000 6.09958668 6.09726194 .002389014 * 6.09958668 6.09726194 .002389014           
           376 316.227766    1 1.00000 6.06997938 6.06772263 .002222395 * 6.06997938 6.06772263 .002222395           
           377 331.131121    1 1.00000 6.04040881 6.03837497 .002065626 * 6.04040881 6.03837497 .002065626           
           378 346.736850    1 1.00000 6.01148483 6.00956061 .001918333 * 6.01148483 6.00956061 .001918333           
           379 363.078055    1 1.00000 5.98237610 5.98057999 .001780099 * 5.98237610 5.98057999 .001780099           
           380 380.189396    1 1.00000 5.95390584 5.95229992 .001650615 * 5.95390584 5.95229992 .001650615           
           381 398.107171    1 1.00000 5.92565552 5.92409447 .001529706 * 5.92565552 5.92409447 .001529706           
           382 416.869383    1 1.00000 5.89763161 5.89625735 .001416587 * 5.89763161 5.89625735 .001416587           
           383 436.515832    1 1.00000 5.87035313 5.86901296 .001310799 * 5.87035313 5.86901296 .001310799           
           384 457.088190    1 1.00000 5.84291686 5.84169238 .001212363 * 5.84291686 5.84169238 .001212363           
           385 478.630092    1 1.00000 5.81631616 5.81524492 .001120645 * 5.81631616 5.81524492 .001120645           
           386 501.187234    1 1.00000 5.78984816 5.78876387 .001035456 * 5.78984816 5.78876387 .001035456           
           387 524.807460    1 1.00000 5.76385268 5.76290586 9.56405D-4 * 5.76385268 5.76290586 9.56405D-4           
           388 549.540874    1 1.00000 5.73847635 5.73758436 8.83174D-4 * 5.73847635 5.73758436 8.83174D-4           
           389 575.439937    1 1.00000 5.71318213 5.71236620 8.15408D-4 * 5.71318213 5.71236620 8.15408D-4           
           390 602.559586    1 1.00000 5.68868786 5.68798695 7.52825D-4 * 5.68868786 5.68798695 7.52825D-4           
           391 630.957344    1 1.00000 5.66437529 5.66366553 6.95095D-4 * 5.66437529 5.66366553 6.95095D-4           
           392 660.693448    1 1.00000 5.64055521 5.63997647 6.41976D-4 * 5.64055521 5.63997647 6.41976D-4           
           393 691.830971    1 1.00000 5.61741946 5.61678661 5.93148D-4 * 5.61741946 5.61678661 5.93148D-4           
           394 724.435960    1 1.00000 5.59432242 5.59376419 5.48385D-4 * 5.59432242 5.59376419 5.48385D-4           
           395 758.577575    1 1.00000 5.57206483 5.57159443 5.07442D-4 * 5.57206483 5.57159443 5.07442D-4           
           396 794.328235    1 1.00000 5.54993407 5.54939994 4.70082D-4 * 5.54993407 5.54939994 4.70082D-4           
           397 831.763771    1 1.00000 5.52836384 5.52800729 4.36102D-4 * 5.52836384 5.52800729 4.36102D-4           
           398 870.963590    1 1.00000 5.50728627 5.50679777 4.05329D-4 * 5.50728627 5.50679777 4.05329D-4           
           399 912.010839    1 1.00000 5.48636783 5.48604116 3.77666D-4 * 5.48636783 5.48604116 3.77666D-4           
           400 954.992586    1 1.00000 5.46618234 5.46580854 3.52758D-4 * 5.46618234 5.46580854 3.52758D-4           
           401 1000.00000    1 1.00000 5.44596138 5.44562560 3.30614D-4 * 5.44596138 5.44562560 3.30614D-4           
           402 1047.12855    1 1.00000 5.42647676 5.42622390 3.11129D-4 * 5.42647676 5.42622390 3.11129D-4           
           403 1096.47820    1 1.00000 5.40693722 5.40662670 2.94244D-4 * 5.40693722 5.40662670 2.94244D-4           
           404 1148.15362    1 1.00000 5.38801809 5.38780955 2.79925D-4 * 5.38801809 5.38780955 2.79925D-4           
           405 1202.26443    1 1.00000 5.36905820 5.36875154 2.68210D-4 * 5.36905820 5.36875154 2.68210D-4           
           406 1258.92541    1 1.00000 5.35058623 5.35038051 2.59197D-4 * 5.35058623 5.35038051 2.59197D-4           
           407 1318.25674    1 1.00000 5.33197111 5.33166014 2.53069D-4 * 5.33197111 5.33166014 2.53069D-4           
           408 1380.38426    1 1.00000 5.31378898 5.31354501 2.50137D-4 * 5.31378898 5.31354501 2.50137D-4           
           409 1445.43977    1 1.00000 5.29513507 5.29487525 2.50917D-4 * 5.29513507 5.29487525 2.50917D-4           
           410 1513.56125    1 1.00000 5.27693777 5.27663092 2.56190D-4 * 5.27693777 5.27663092 2.56190D-4           
           411 1584.89319    1 1.00000 5.25800927 5.25784833 2.67183D-4 * 5.25800927 5.25784833 2.67183D-4           
           412 1659.58691    1 1.00000 5.23841077 5.23822704 2.85890D-4 * 5.23841077 5.23822704 2.85890D-4           
           413 1737.80083    1 1.00000 5.21819290 5.21791102 3.15558D-4 * 5.21819290 5.21791102 3.15558D-4           
           414 1819.70086    1 1.00000 5.19702387 5.19666864 3.61965D-4 * 5.19702387 5.19666864 3.61965D-4           
           415 1905.46072    1 1.00000 5.17423804 5.17379715 4.35763D-4 * 5.17423804 5.17379715 4.35763D-4           
           416 1995.26231    1 1.00000 5.14816646 5.14761625 5.58559D-4 * 5.14816646 5.14761625 5.58559D-4           
           417 2089.29613    1 1.00000 5.11681232 5.11606809 7.79959D-4 * 5.11681232 5.11606809 7.79959D-4           
           418 2187.76162    1 1.00000 5.07507189 5.07382695 .001236995 * 5.07507189 5.07382695 .001236995           
           419 2290.86765    1 0.43515 4.97993844 4.97681602 .003106340 * 5.00894223 5.00650184 .002441386           
                             2 0.56485 5.03128596 5.02937100 .001929123 *
           420 2398.83292    1 0.36937 4.76028615 4.74735600 .012893041 * 4.85741395 4.84935273 .008037301           
                             2 0.63063 4.91430345 4.90909405 .005193207 *
           421 2511.88643    1 0.83020 4.60152464 4.37983683 .221678894 * 27.0646834 22.1747653 4.88995680           
                             2 0.16980 136.891037 109.177316 27.7139927 *
           422 2630.26799    1 0.79237 5.68751795 5.66802984 .019486057 * 5.96268688 5.91151749 .051163313           
                             2 0.20763 7.01279445 6.84072208 .172050968 *
           423 2754.22870    1 0.59581 5.33290887 5.32995319 .002971846 * 5.37359119 5.36938175 .004216984           
                             2 0.40419 5.43355989 5.42750231 .006052408 *
           424 2884.03150    1 0.55033 5.24325436 5.24197468 .001276610 * 5.26219013 5.26060701 .001579199           
                             2 0.44967 5.28536496 5.28341048 .001949527 *
           425 3019.95172    1 1.00000 5.20528842 5.20441873 8.72739D-4 * 5.20528842 5.20441873 8.72739D-4           
           426 3162.27766    1 1.00000 5.16684813 5.16605751 8.13959D-4 * 5.16684813 5.16605751 8.13959D-4           
           427 3311.31121    1 0.95838 5.24711118 5.22582074 .021284221 * 7.35604765 6.93620047 .419841949           
                             2 0.04162 55.9151068 46.3183399 9.59678424 *
           428 3467.36850    1 1.00000 5.11226986 5.11175500 4.90638D-4 * 5.11226986 5.11175500 4.90638D-4           
           429 3630.78055    1 1.00000 5.08576925 5.08549297 2.54762D-4 * 5.08576925 5.08549297 2.54762D-4           
           430 3801.89396    1 1.00000 5.06148388 5.06145076 1.91441D-4 * 5.06148388 5.06145076 1.91441D-4           
           431 3981.07171    1 1.00000 5.03747180 5.03712718 1.58588D-4 * 5.03747180 5.03712718 1.58588D-4           
           432 4168.69383    1 1.00000 5.01284996 5.01240966 1.39986D-4 * 5.01284996 5.01240966 1.39986D-4           
           433 4365.15832    1 1.00000 4.98706773 4.98655510 1.35851D-4 * 4.98706773 4.98655510 1.35851D-4           
           434 4570.88190    1 0.97615 4.97431655 4.96129631 .012808098 * 5.10004923 4.97388559 .125956130           
                             2 0.02385 10.2456782 5.48910382 4.75655654 *
           435 4786.30092    1 1.00000 4.92983485 4.92892403 8.96035D-4 * 4.92983485 4.92892403 8.96035D-4           
           436 5011.87234    1 1.00000 4.89444345 4.89432647 1.25982D-4 * 4.89444345 4.89432647 1.25982D-4           
           437 5248.07460    1 1.00000 4.85443772 4.85432146 1.39264D-4 * 4.85443772 4.85432146 1.39264D-4           
           438 5495.40874    1 0.97628 4.82889933 4.81217711 .016708894 * 5.07051621 4.86851885 .201985000           
                             2 0.02372 15.0171447 7.18793624 7.82923612 *
           439 5754.39937    1 0.48430 4.72489939 4.72477331 1.27754D-4 * 4.74588291 4.74545937 3.64799D-4           
                             2 0.51570 4.76558885 4.76488596 5.87411D-4 *
           440 6025.59586    1 0.46735 4.63554134 4.63532525 1.89080D-4 * 4.66475273 4.66454851 1.81778D-4           
                             2 0.53265 4.69038323 4.69018942 1.75371D-4 *
           441 6309.57344    1 0.45818 4.50412929 4.50386373 2.66518D-4 * 4.54868467 4.54842544 2.37538D-4           
                             2 0.54182 4.58636181 4.58610794 2.13032D-4 *
           442 6606.93448    1 0.44635 4.28754330 4.28703812 5.04253D-4 * 4.36396249 4.36355198 4.09801D-4           
                             2 0.55365 4.42557089 4.42523670 3.33656D-4 *
           443 6918.30971    1 0.56345 3.99129973 3.98932025 .001973762 * 4.06994651 4.06854838 .001391320           
                             2 0.43655 4.17145524 4.17080746 6.39566D-4 *
           444 7244.35960    1 0.60260 5.50265662 5.40061501 .102043000 * 24.8244279 24.6984236 .126003635           
                             2 0.39740 54.1231245 53.9607842 .162336503 *
           445 7585.77575    1 0.72103 7.90528449 7.90352461 .001759550 * 10.0049812 10.0008279 .004152887           
                             2 0.27897 15.4317756 15.4214364 .010338612 *
           446 7943.28235    1 0.59974 6.01937878 6.01896398 4.14592D-4 * 6.24609891 6.24555784 5.40870D-4           
                             2 0.40026 6.58581179 6.58508153 7.30084D-4 *
           447 8317.63771    1 0.55767 5.56965774 5.56938893 2.68538D-4 * 5.65971756 5.65942846 2.88858D-4           
                             2 0.44233 5.77326106 5.77294639 3.14478D-4 *
           448 8709.63590    1 0.54100 5.34789598 5.34749890 3.92145D-4 * 5.39924549 5.39890846 3.34231D-4           
                             2 0.45900 5.45976792 5.45950167 2.65970D-4 *
           449 9120.10839    1 0.95723 5.45467748 5.44396643 .010703780 * 7.77355830 7.65399633 .119547225           
                             2 0.04277 59.6774568 57.1214664 2.55580832 *
           450 9549.92586    1 0.96089 5.22434502 5.21995109 .004368330 * 6.16993576 6.14066726 .029245870           
                             2 0.03911 29.3991071 28.7587754 .640381957 *
           451 10000.0000    1 0.46969 4.86339080 4.86295866 4.67309D-4 * 4.91873686 4.91819309 4.53904D-4           
                             2 0.53031 4.96775574 4.96711309 4.42033D-4 *
           452 10471.2855    1 0.42405 4.57466123 4.57355974 .001109761 * 4.68226269 4.68145697 8.27747D-4           
                             2 0.57595 4.76148517 4.76089721 6.20112D-4 *
           453 10964.7820    1 0.57335 4.04907392 4.04149372 .007564552 * 4.22093054 4.21369877 .007228090           
                             2 0.42665 4.45187922 4.44511569 .006775936 *
           454 11481.5362    1 0.77364 8.13303565 8.11216423 .020872505 * 17.1879480 17.0804376 .107511874           
                             2 0.22636 48.1359994 47.7323727 .403629556 *
           455 12022.6443    1 0.63353 5.74556470 5.74457045 9.92921D-4 * 5.94922473 5.94784578 .001377796           
                             2 0.36647 6.30129175 6.29924778 .002043129 *
           456 12589.2541    1 0.91992 5.80972574 5.80265483 .007062669 * 7.74421332 7.70485301 .039350073           
                             2 0.08008 29.9680651 29.5577565 .410275431 *
           457 13182.5674    1 0.95322 4.84506964 4.84188748 .003200466 * 5.62683411 5.58970627 .037147997           
                             2 0.04678 21.5568440 20.8280053 .728896629 *
           458 13803.8426    1 0.95456 5.35098818 5.34233079 .008664347 * 6.19125127 6.13950560 .051748724           
                             2 0.04544 23.8407480 22.8839449 .956724306 *
           459 14454.3977    1 0.40181 4.03934715 4.03759691 .001754200 * 4.43440166 4.43328637 .001106671           
                             2 0.59819 4.69976208 4.69907329 6.71722D-4 *
           460 15135.6125    1 0.80428 6.95972203 6.95778357 .001938045 * 11.2161838 11.2080685 .008113961           
                             2 0.19572 28.7073604 28.6738625 .033492793 *
           461 15848.9319    1 0.98497 5.75030946 5.74693639 .003387624 * 5.93852753 5.86529960 .073241378           
                             2 0.01503 18.2699310 13.6200518 4.64982020 *
           462 16595.8691    1 0.98484 5.46025987 5.45151631 .008740495 * 5.64198197 5.56515375 .076824149           
                             2 0.01516 17.4472842 12.9474381 4.49977592 *
           463 17378.0083    1 0.53040 5.27302524 5.27289787 9.75462D-5 * 5.30167393 5.30153897 1.14174D-4           
                             2 0.46960 5.33403179 5.33388824 1.32956D-4 *
           464 18197.0086    1 0.98645 5.22367623 5.21817048 .005418830 * 5.37365186 5.31198366 .061584192           
                             2 0.01355 16.2948511 12.1434428 4.15153611 *
           465 19054.6072    1 1.00000 5.13930957 5.13916359 1.71673D-4 * 5.13930957 5.13916359 1.71673D-4           
           466 19952.6231    1 0.94107 5.29024035 5.28766148 .002578145 * 6.25830906 6.24481989 .013489271           
                             2 0.05893 21.7165798 21.5288733 .187719811 *
           467 20892.9613    1 0.56849 4.99821893 4.99800704 2.09304D-4 * 5.01540760 5.01519985 2.05077D-4           
                             2 0.43151 5.03805280 5.03785051 1.99508D-4 *
           468 21877.6162    1 0.88666 5.00766549 5.00697470 6.87522D-4 * 5.05917938 5.05794903 .001226440           
                             2 0.11334 5.46216965 5.45671831 .005442369 *
           469 22908.6765    1 0.91159 5.25970062 5.24877321 .010921402 * 9.41812760 9.34871689 .069395918           
                             2 0.08841 52.2937311 51.6213264 .672299411 *
           470 23988.3292    1 0.86116 5.61332037 5.60260251 .010713474 * 12.8306599 12.7550420 .075613065           
                             2 0.13884 57.5979082 57.1197329 .478168064 *
           471 25118.8643    1 0.38479 3.63802378 3.63660936 .001409961 * 4.12445192 4.12333264 .001120942           
                             2 0.61521 4.42869848 4.42776381 9.40169D-4 *
           472 26302.6799    1 0.80622 5.80980078 5.80723888 .002560655 * 8.37300494 8.35962647 .013378633           
                             2 0.19378 19.0371774 18.9787967 .058386669 *
           473 27542.2870    1 0.97658 4.69549282 4.69291325 .002568500 * 5.08838739 5.06651150 .021865812           
                             2 0.02342 21.4710584 20.6445765 .826512995 *
           474 28840.3150    1 0.63118 6.30713608 6.29471470 .012420183 * 17.8118202 17.7493604 .062457339           
                             2 0.36882 37.5006317 37.3525376 .148089602 *
           475 30199.5172    1 0.82335 6.22935284 6.22910972 2.42708D-4 * 6.67012252 6.66770217 .002419879           
                             2 0.17665 8.72456037 8.71199183 .012567721 *
           476 31622.7766    1 0.96320 5.76042643 5.75882789 .001597971 * 6.73582701 6.72599436 .009832012           
                             2 0.03680 32.2634465 32.0381154 .225328588 *
           477 33113.1121    1 0.91364 5.41754324 5.41700733 5.33865D-4 * 5.57738336 5.57658339 7.98058D-4           
                             2 0.08636 7.26838005 7.26478655 .003593039 *
           478 34673.6850    1 0.81237 6.10218006 6.09839402 .003784606 * 10.7657318 10.7528440 .012887310           
                             2 0.18763 30.9578068 30.9055106 .052299863 *
           479 36307.8055    1 0.07163 3.10374945 3.09823626 .005513241 * 4.68376081 4.68317489 5.84784D-4           
                             2 0.92837 4.80567677 4.80547104 2.04497D-4 *
           480 38018.9396    1 0.87335 4.82050451 4.81967861 8.21239D-4 * 6.64423701 6.61055660 .033676038           
                             2 0.12665 19.2200602 18.9598265 .260231272 *
           481 39810.7171    1 0.94798 4.28856461 4.28431066 .004248622 * 5.10175420 5.08818191 .013568050           
                             2 0.05202 19.9193566 19.7359894 .183382780 *
           482 41686.9383    1 0.54697 3.02858651 3.02485041 .003735697 * 8.20190592 8.18915114 .012753179           
                             2 0.45303 14.4480712 14.4244274 .023640711 *
           483 43651.5832    1 0.98226 5.26292252 5.26234950 5.68548D-4 * 5.33636888 5.33060652 .005757758           
                             2 0.01774 9.40308458 9.10998903 .293083669 *
           484 45708.8190    1 0.49222 4.76953871 4.76943338 1.04461D-4 * 4.86747298 4.86737501 9.71274D-5           
                             2 0.50778 4.96240504 4.96231421 9.00188D-5 *
           485 47863.0092    1 0.29561 4.15710739 4.15671689 3.90234D-4 * 4.44696120 4.44674176 2.19224D-4           
                             2 0.70439 4.56860193 4.56845427 1.47457D-4 *
           486 50118.7234    1 0.83142 4.40248458 4.38880779 .013679128 * 7.28841309 7.24529442 .043121609           
                             2 0.16858 21.5216215 21.3332974 .188329978 *
           487 52480.7460    1 0.70063 7.10421479 7.10220259 .002011810 * 10.5098486 10.5037334 .006130609           
                             2 0.29937 18.4801908 18.4644731 .015770000 *
           488 54954.0874    1 0.72577 5.75520636 5.74526749 .009931786 * 10.2378851 10.1967771 .041104186           
                             2 0.27423 22.1015864 21.9779872 .123603975 *
           489 57543.9937    1 0.64429 5.57931680 5.57892606 3.85923D-4 * 5.71148865 5.71107177 4.25992D-4           
                             2 0.35571 5.95089251 5.95042828 4.98571D-4 *
           490 60255.9586    1 0.80380 6.17216698 6.16502817 .007135124 * 11.7775446 11.7410116 .036532103           
                             2 0.19620 34.7417406 34.5847854 .156966094 *
           491 63095.7344    1 0.72461 4.40415011 4.40096824 .003183073 * 7.32635299 7.31302918 .013323422           
                             2 0.27539 15.0151836 14.9751746 .040004467 *
           492 66069.3448    1 0.65308 3.87332823 3.87006650 .003264454 * 10.1570680 10.1378078 .019262244           
                             2 0.34692 21.9862756 21.9368981 .049378256 *
           493 69183.0971    1 0.88599 5.53755163 5.53460804 .002938350 * 7.06780996 7.05110828 .016696052           
                             2 0.11401 18.9599054 18.8362855 .123611272 *
           494 72443.5960    1 0.86681 5.66357364 5.65918105 .004390112 * 7.82659982 7.80880415 .017793159           
                             2 0.13319 21.9033771 21.7983554 .105018963 *
           495 75857.7575    1 0.57464 5.41706527 5.40725398 .009811022 * 11.4569440 11.4430865 .013854404           
                             2 0.42536 19.6165914 19.5972677 .019316861 *
           496 79432.8235    1 0.45352 2.60935306 2.60864622 7.07467D-4 * 4.24255492 4.24046747 .002088155           
                             2 0.54648 5.59792155 5.59468836 .003233966 *
           497 83176.3771    1 0.74285 7.36329736 7.35704425 .006251083 * 12.2662852 12.2345429 .031742613           
                             2 0.25715 26.4297794 26.3244052 .105381209 *
           498 87096.3590    1 0.88361 6.00920855 6.00595780 .003250194 * 8.29059708 8.27883692 .011760760           
                             2 0.11639 25.6097272 25.5333680 .076368612 *
           499 91201.0839    1 0.84773 5.61223714 5.60963882 .002593972 * 7.44041361 7.42766327 .012748619           
                             2 0.15227 17.6187346 17.5494632 .069284333 *
           500 95499.2586    1 0.84623 4.60903014 4.60711904 .001902679 * 5.42464353 5.41623643 .008400005           
                             2 0.15377 9.91324919 9.86909234 .044157061 *
           501 100000.000    1 0.86724 4.43194244 4.42597967 .005952451 * 5.74416593 5.71810418 .026052666           
                             2 0.13276 14.3158924 14.1585397 .157351598 *
           502 104712.855    1 0.95141 4.82118201 4.81644863 .004728484 * 5.68304195 5.66978482 .013252008           
                             2 0.04859 22.5585754 22.3784200 .180145730 *
           503 109647.820    1 0.58839 4.00424106 3.99818525 .006054580 * 8.52903728 8.51650517 .012531936           
                             2 0.41161 14.9972183 14.9754284 .021791296 *
           504 114815.362    1 0.33295 4.69484836 4.69090013 .003950599 * 12.3002666 12.2845468 .015720462           
                             2 0.66705 16.0963650 16.0747696 .021595163 *
           505 120226.443    1 0.50562 9.75576362 9.75119566 .004589159 * 17.7226965 17.7099091 .012795448           
                             2 0.49438 25.8707250 25.8495314 .021188275 *
           506 125892.541    1 0.64943 5.22903541 5.22339035 .005643406 * 8.32391771 8.31403572 .009880470           
                             2 0.35057 14.0571474 14.0394166 .017729577 *
           507 131825.674    1 0.75759 7.15061551 7.14516417 .005451975 * 11.5216970 11.5036148 .018086910           
                             2 0.24241 25.1825349 25.1249777 .057574574 *
           508 138038.426    1 0.61623 9.65585641 9.64080067 .015059028 * 22.2222237 22.1987292 .023500205           
                             2 0.38377 42.4002253 42.3631808 .037054327 *
           509 144543.977    1 0.77409 5.89415448 5.89013546 .004008419 * 7.81745126 7.80531618 .012129588           
                             2 0.22591 14.4078491 14.3679034 .039957709 *
           510 151356.125    1 0.55970 5.96277036 5.95685601 .005906801 * 9.29214437 9.28369781 .008440987           
                             2 0.44030 13.5244054 13.5127399 .011662414 *
           511 158489.319    1 0.59969 7.64617108 7.64380000 .002368850 * 13.7469263 13.7393854 .007537273           
                             2 0.40031 22.8861302 22.8708446 .015279801 *
           512 165958.691    1 0.71787 6.73998394 6.73418074 .005805518 * 9.52684251 9.51380430 .013040718           
                             2 0.28213 16.6178308 16.5863835 .031450235 *
           513 173780.083    1 0.61278 5.51793383 5.51443048 .003491047 * 11.6965003 11.6835337 .012963525           
                             2 0.38722 21.4743456 21.4464031 .027954125 *
           514 181970.086    1 0.65166 7.45129473 7.44470489 .006591596 * 10.7709274 10.7598092 .011115994           
                             2 0.34834 16.9812453 16.9616557 .019580170 *
           515 190546.072    1 0.58455 8.50029296 8.49613020 .004164991 * 13.4709379 13.4629614 .007970956           
                             2 0.41545 20.4647692 20.4514265 .013326051 *
           516 199526.231    1 0.63832 7.45091984 7.44775584 .003194167 * 9.41194992 9.40636482 .005601049           
                             2 0.36168 12.8728828 12.8630248 .009848845 *
           517 208929.613    1 0.87384 6.48580757 6.48282887 .002967984 * 7.27382125 7.27015438 .003658113           
                             2 0.12616 12.7317768 12.7233435 .008438099 *
           518 218776.162    1 0.72637 5.73113397 5.72762249 .003507446 * 6.89714298 6.89316809 .003970582           
                             2 0.27363 9.99246773 9.98726267 .005200037 *
           519 229086.765    1 0.59952 8.15692008 8.15496621 .001964357 * 11.1639153 11.1601419 .003761738           
                             2 0.40048 15.6653437 15.6588465 .006452392 *
           520 239883.292    1 0.63766 6.25866066 6.25591440 .002758243 * 7.15258269 7.14896591 .003626585           
                             2 0.36234 8.72576785 8.72061905 .005154753 *
           521 251188.643    1 0.80236 6.65554004 6.65334278 .002196540 * 8.30819139 8.30504061 .003149063           
                             2 0.19764 15.0172813 15.0102596 .007015916 *
           522 263026.799    1 0.82668 6.97049937 6.97023908 2.76629D-4 * 8.33469594 8.33350564 .001204369           
                             2 0.17332 14.8413264 14.8357004 .005629291 *
           523 275422.870    1 1.00000 1.29925003 1.29915804 9.18549D-5 * 1.29925003 1.29915804 9.18549D-5           
           524 288403.150    1 1.00000                                  *                                  0.0       
           525 301995.172    1 1.00000                                  *                                  0.0       
           526 316227.766    1 1.00000                                  *                                  0.0       
           527 331131.121    1 1.00000                                  *                                  0.0       
           528 346736.850    1 1.00000                                  *                                  0.0       
           529 363078.055    1 1.00000                                  *                                  0.0       
           530 380189.396    1 1.00000                                  *                                  0.0       
           531 398107.171    1 1.00000                                  *                                  0.0       
           532 416869.383    1 1.00000                                  *                                  0.0       
           533 436515.832    1 1.00000                                  *                                  0.0       
           534 457088.190    1 1.00000                                  *                                  0.0       
           535 478630.092    1 1.00000                                  *                                  0.0       
           536 501187.234    1 1.00000                                  *                                  0.0       
           537 524807.460    1 1.00000                                  *                                  0.0       
           538 549540.874    1 1.00000                                  *                                  0.0       
           539 575439.937    1 1.00000                                  *                                  0.0       
           540 602559.586    1 1.00000                                  *                                  0.0       
           541 630957.344    1 1.00000                                  *                                  0.0       
           542 660693.448    1 1.00000                                  *                                  0.0       
           543 691830.971    1 1.00000                                  *                                  0.0       
           544 724435.960    1 1.00000                                  *                                  0.0       
           545 758577.575    1 1.00000                                  *                                  0.0       
           546 794328.235    1 1.00000                                  *                                  0.0       
           547 831763.771    1 1.00000                                  *                                  0.0       
           548 870963.590    1 1.00000                                  *                                  0.0       
           549 912010.839    1 1.00000                                  *                                  0.0       
           550 954992.586    1 1.00000                                  *                                  0.0       
           551 1000000.00    1 1.00000                                  *                                  0.0       
           552 1047128.55    1 1.00000                                  *                                  0.0       
           553 1096478.20    1 1.00000                                  *                                  0.0       
           554 1148153.62    1 1.00000                                  *                                  0.0       
           555 1202264.43    1 1.00000                                  *                                  0.0       
           556 1258925.41    1 1.00000                                  *                                  0.0       
           557 1318256.74    1 1.00000                                  *                                  0.0       
           558 1380384.26    1 1.00000                                  *                                  0.0       
           559 1445439.77    1 1.00000                                  *                                  0.0       
           560 1513561.25    1 1.00000                                  *                                  0.0       
           561 1584893.19    1 1.00000                                  *                                  0.0       
           562 1659586.91    1 1.00000                                  *                                  0.0       
           563 1737800.83    1 1.00000                                  *                                  0.0       
           564 1819700.86    1 1.00000                                  *                                  0.0       
           565 1905460.72    1 1.00000                                  *                                  0.0       
           566 1995262.31    1 1.00000                                  *                                  0.0       
           567 2089296.13    1 1.00000                                  *                                  0.0       
           568 2187761.62    1 1.00000                                  *                                  0.0       
           569 2290867.65    1 1.00000                                  *                                  0.0       
           570 2398832.92    1 1.00000                                  *                                  0.0       
           571 2511886.43    1 1.00000                                  *                                  0.0       
           572 2630267.99    1 1.00000                                  *                                  0.0       
           573 2754228.70    1 1.00000                                  *                                  0.0       
           574 2884031.50    1 1.00000                                  *                                  0.0       
           575 3019951.72    1 1.00000                                  *                                  0.0       
           576 3162277.66    1 1.00000                                  *                                  0.0       
           577 3311311.21    1 1.00000                                  *                                  0.0       
           578 3467368.50    1 1.00000                                  *                                  0.0       
           579 3630780.55    1 1.00000                                  *                                  0.0       
           580 3801893.96    1 1.00000                                  *                                  0.0       
           581 3981071.71    1 1.00000                                  *                                  0.0       
           582 4168693.83    1 1.00000                                  *                                  0.0       
           583 4365158.32    1 1.00000                                  *                                  0.0       
           584 4570881.90    1 1.00000                                  *                                  0.0       
           585 4786300.92    1 1.00000                                  *                                  0.0       
           586 5011872.34    1 1.00000                                  *                                  0.0       
           587 5248074.60    1 1.00000                                  *                                  0.0       
           588 5495408.74    1 1.00000                                  *                                  0.0       
           589 5754399.37    1 1.00000                                  *                                  0.0       
           590 6025595.86    1 1.00000                                  *                                  0.0       
           591 6309573.44    1 1.00000                                  *                                  0.0       
           592 6606934.48    1 1.00000                                  *                                  0.0       
           593 6918309.71    1 1.00000                                  *                                  0.0       
           594 7244359.60    1 1.00000                                  *                                  0.0       
           595 7585775.75    1 1.00000                                  *                                  0.0       
           596 7943282.35    1 1.00000                                  *                                  0.0       
           597 8317637.71    1 1.00000                                  *                                  0.0       
           598 8709635.90    1 1.00000                                  *                                  0.0       
           599 9120108.39    1 1.00000                                  *                                  0.0       
           600 9549925.86    1 1.00000                                  *                                  0.0       
           601 10000000.0    1 1.00000                                  *                                  0.0       
           602 10471285.5    1 1.00000                                  *                                  0.0       
           603 10964782.0    1 1.00000                                  *                                  0.0       
           604 11481536.2    1 1.00000                                  *                                  0.0       
           605 12022644.3    1 1.00000                                  *                                  0.0       
           606 12589254.1    1 1.00000                                  *                                  0.0       
           607 13182567.4    1 1.00000                                  *                                  0.0       
           608 13803842.6    1 1.00000                                  *                                  0.0       
           609 14454397.7    1 1.00000                                  *                                  0.0       
           610 15135612.5    1 1.00000                                  *                                  0.0       
           611 15848931.9    1 1.00000                                  *                                  0.0       
           612 16595869.1    1 1.00000                                  *                                  0.0       
           613 17378008.3    1 1.00000                                  *                                  0.0       
           614 18197008.6    1 1.00000                                  *                                  0.0       
           615 19054607.2    1 1.00000                                  *                                  0.0       
           616 19952623.1    1 1.00000                                  *                                  0.0       
           617 20892961.3    1 1.00000                                  *                                  0.0       
           618 21877616.2    1 1.00000                                  *                                  0.0       
           619 22908676.5    1 1.00000                                  *                                  0.0       
           620 23988329.2    1 1.00000                                  *                                  0.0       
           621 25118864.3    1 1.00000                                  *                                  0.0       
           622 26302679.9    1 1.00000                                  *                                  0.0       
           623 27542287.0    1 1.00000                                  *                                  0.0       
           624 28840315.0    1 1.00000                                  *                                  0.0       
           625 30199517.2    1 1.00000                                  *                                  0.0       
           626 31622776.6    1 1.00000                                  *                                  0.0       
           627 33113112.1    1 1.00000                                  *                                  0.0       
           628 34673685.0    1 1.00000                                  *                                  0.0       
           629 36307805.5    1 1.00000                                  *                                  0.0       
           630 38018939.6    1 1.00000                                  *                                  0.0       
           631 39810717.1    1 1.00000                                  *                                  0.0       
           632 41686938.3    1 1.00000                                  *                                  0.0       
           633 43651583.2    1 1.00000                                  *                                  0.0       
           634 45708819.0    1 1.00000                                  *                                  0.0       
           635 47863009.2    1 1.00000                                  *                                  0.0       
           636 50118723.4    1 1.00000                                  *                                  0.0       
           637 52480746.0    1 1.00000                                  *                                  0.0       
           638 54954087.4    1 1.00000                                  *                                  0.0       
           639 57543993.7    1 1.00000                                  *                                  0.0       
           640 60255958.6    1 1.00000                                  *                                  0.0       
           641 63095734.4    1 1.00000                                  *                                  0.0       
           642 66069344.8    1 1.00000                                  *                                  0.0       
           643 69183097.1    1 1.00000                                  *                                  0.0       
           644 72443596.0    1 1.00000                                  *                                  0.0       
           645 75857757.5    1 1.00000                                  *                                  0.0       
           646 79432823.5    1 1.00000                                  *                                  0.0       
           647 83176377.1    1 1.00000                                  *                                  0.0       
           648 87096359.0    1 1.00000                                  *                                  0.0       
           649 91201083.9    1 1.00000                                  *                                  0.0       
           650 95499258.6    1 1.00000                                  *                                  0.0       
           651 100000000.    1 1.00000                                  *                                  0.0       
           652 104712855.    1 1.00000                                  *                                  0.0       
           653 109647820.    1 1.00000                                  *                                  0.0       
           654 114815362.    1 1.00000                                  *                                  0.0       
           655 120226443.    1 1.00000                                  *                                  0.0       
           656 125892541.    1 1.00000                                  *                                  0.0       
           657 131825674.    1 1.00000                                  *                                  0.0       
           658 138038426.    1 1.00000                                  *                                  0.0       
           659 144543977.    1 1.00000                                  *                                  0.0       
           660 151356125.    1 1.00000                                  *                                  0.0       
           661 158489319.    1 1.00000                                  *                                  0.0       
           662 165958691.    1 1.00000                                  *                                  0.0       
           663 173780083.    1 1.00000                                  *                                  0.0       
           664 181970086.    1 1.00000                                  *                                  0.0       
           665 190546072.    1 1.00000                                  *                                  0.0       
           666 199526231.    1 1.00000                                  *                                  0.0       
           667 208929613.    1 1.00000                                  *                                  0.0       
           668 218776162.    1 1.00000                                  *                                  0.0       
           669 229086765.    1 1.00000                                  *                                  0.0       
           670 239883292.    1 1.00000                                  *                                  0.0       
           671 251188643.    1 1.00000                                  *                                  0.0       
           672 263026799.    1 1.00000                                  *                                  0.0       
           673 275422870.    1 1.00000                                  *                                  0.0       
           674 288403150.    1 1.00000                                  *                                  0.0       
           675 301995172.    1 1.00000                                  *                                  0.0       
           676 316227766.    1 1.00000                                  *                                  0.0       
           677 331131121.    1 1.00000                                  *                                  0.0       
           678 346736850.    1 1.00000                                  *                                  0.0       
           679 363078055.    1 1.00000                                  *                                  0.0       
           680 380189396.    1 1.00000                                  *                                  0.0       
           681 398107171.    1 1.00000                                  *                                  0.0       
           682 416869383.    1 1.00000                                  *                                  0.0       
           683 436515832.    1 1.00000                                  *                                  0.0       
           684 457088190.    1 1.00000                                  *                                  0.0       
           685 478630092.    1 1.00000                                  *                                  0.0       
           686 501187234.    1 1.00000                                  *                                  0.0       
           687 524807460.    1 1.00000                                  *                                  0.0       
           688 549540874.    1 1.00000                                  *                                  0.0       
           689 575439937.    1 1.00000                                  *                                  0.0       
           690 602559586.    1 1.00000                                  *                                  0.0       
           691 630957344.    1 1.00000                                  *                                  0.0       
           692 660693448.    1 1.00000                                  *                                  0.0       
           693 691830971.    1 1.00000                                  *                                  0.0       
           694 724435960.    1 1.00000                                  *                                  0.0       
           695 758577575.    1 1.00000                                  *                                  0.0       
           696 794328235.    1 1.00000                                  *                                  0.0       
           697 831763771.    1 1.00000                                  *                                  0.0       
           698 870963590.    1 1.00000                                  *                                  0.0       
           699 912010839.    1 1.00000                                  *                                  0.0       
           700 954992586.    1 1.00000                                  *                                  0.0       
           701 1.00000D+9                                                *
                                                                          
