                                                     MT=  1
 MAT 3925                         293.160004 Kelvin Unshielded Cross Sections                          39-Y -89 

   No.  Group-eV   Average      No.  Group-eV   Average      No.  Group-eV   Average      No.  Group-eV   Average

     1 1.00000D-5 109.627439    177 .033113112 8.75198736    353 109.647820 6.75251652    529 363078.055 0.0       
     2 1.04713D-5 107.157276    178 .034673685 8.72497584    354 114.815362 6.72470299    530 380189.396 0.0       
     3 1.09648D-5 104.742325    179 .036307805 8.69939156    355 120.226443 6.69720441    531 398107.171 0.0       
     4 1.14815D-5 102.385306    180 .038018940 8.67362725    356 125.892541 6.66865641    532 416869.383 0.0       
     5 1.20226D-5 100.079690    181 .039810717 8.64928664    357 131.825674 6.64037977    533 436515.832 0.0       
     6 1.25893D-5 97.8302292    182 .041686938 8.62471148    358 138.038426 6.61134680    534 457088.190 0.0       
     7 1.31826D-5 95.6296110    183 .043651583 8.60153070    359 144.543977 6.58224219    535 478630.092 0.0       
     8 1.38038D-5 93.4824121    184 .045708819 8.57806704    360 151.356125 6.55286582    536 501187.234 0.0       
     9 1.44544D-5 91.3824207    185 .047863009 8.55598610    361 158.489319 6.52316327    537 524807.460 0.0       
    10 1.51356D-5 89.3326638    186 .050118723 8.53358021    362 165.958691 6.49344327    538 549540.874 0.0       
    11 1.58489D-5 87.3293335    187 .052480746 8.51254339    363 173.780083 6.46317812    539 575439.937 0.0       
    12 1.65959D-5 85.3721658    188 .054954087 8.49118086    364 181.970086 6.43313741    540 602559.586 0.0       
    13 1.73780D-5 83.4612689    189 .057543994 8.47110086    365 190.546072 6.40270684    541 630957.344 0.0       
    14 1.81970D-5 81.5928677    190 .060255959 8.45080509    366 199.526231 6.37233272    542 660693.448 0.0       
    15 1.90546D-5 79.7698644    191 .063095734 8.43154671    367 208.929613 6.34187923    543 691830.971 0.0       
    16 1.99526D-5 77.9867626    192 .066069345 8.41239020    368 218.776162 6.31131270    544 724435.960 0.0       
    17 2.08930D-5 76.2474161    193 .069183097 8.39377937    369 229.086765 6.28095356    545 758577.575 0.0       
    18 2.18776D-5 74.5462185    194 .072443596 8.37583507    370 239.883292 6.25031406    546 794328.235 0.0       
    19 2.29087D-5 72.8865207    195 .075857758 8.35773846    371 251.188643 6.22011835    547 831763.771 0.0       
    20 2.39883D-5 71.2639380    196 .079432823 8.34088545    372 263.026799 6.18957598    548 870963.590 0.0       
    21 2.51189D-5 69.6799387    197 .083176377 8.32355016    373 275.422870 6.15960543    549 912010.839 0.0       
    22 2.63027D-5 68.1326820    198 .087096359 8.30745069    374 288.403150 6.12938684    550 954992.586 0.0       
    23 2.75423D-5 66.6209889    199 .091201084 8.29119726    375 301.995172 6.09958668    551 1000000.00 0.0       
    24 2.88403D-5 65.1457140    200 .095499259 8.27531229    376 316.227766 6.06997938    552 1047128.55 0.0       
    25 3.01995D-5 63.7033748    201 .100000000 8.26025882    377 331.131121 6.04040881    553 1096478.20 0.0       
    26 3.16228D-5 62.2966191    202 .104712855 8.24475365    378 346.736850 6.01148483    554 1148153.62 0.0       
    27 3.31131D-5 60.9209382    203 .109647820 8.23048417    379 363.078055 5.98237610    555 1202264.43 0.0       
    28 3.46737D-5 59.5793230    204 .114815362 8.21596599    380 380.189396 5.95390584    556 1258925.41 0.0       
    29 3.63078D-5 58.2676407    205 .120226443 8.20181622    381 398.107171 5.92565552    557 1318256.74 0.0       
    30 3.80189D-5 56.9881378    206 .125892541 8.18849215    382 416.869383 5.89763161    558 1380384.26 0.0       
    31 3.98107D-5 55.7378801    207 .131825674 8.17465622    383 436.515832 5.87035313    559 1445439.77 0.0       
    32 4.16869D-5 54.5174510    208 .138038426 8.16192262    384 457.088190 5.84291686    560 1513561.25 0.0       
    33 4.36516D-5 53.3260757    209 .144543977 8.14921504    385 478.630092 5.81631616    561 1584893.19 0.0       
    34 4.57088D-5 52.1621933    210 .151356125 8.13631604    386 501.187234 5.78984816    562 1659586.91 0.0       
    35 4.78630D-5 51.0269772    211 .158489319 8.12460200    387 524.807460 5.76385268    563 1737800.83 0.0       
    36 5.01187D-5 49.9174170    212 .165958691 8.11254646    388 549.540874 5.73847635    564 1819700.86 0.0       
    37 5.24807D-5 48.8357077    213 .173780083 8.10070579    389 575.439937 5.71318213    565 1905460.72 0.0       
    38 5.49541D-5 47.7783139    214 .181970086 8.08978437    390 602.559586 5.68868786    566 1995262.31 0.0       
    39 5.75440D-5 46.7475456    215 .190546072 8.07838186    391 630.957344 5.66437529    567 2089296.13 0.0       
    40 6.02560D-5 45.7402854    216 .199526231 8.06741524    392 660.693448 5.64055521    568 2187761.62 0.0       
    41 6.30957D-5 44.7580368    217 .208929613 8.05718641    393 691.830971 5.61741946    569 2290867.65 0.0       
    42 6.60693D-5 43.7989161    218 .218776162 8.04647992    394 724.435960 5.59432242    570 2398832.92 0.0       
    43 6.91831D-5 42.8629298    219 .229086765 8.03624287    395 758.577575 5.57206483    571 2511886.43 0.0       
    44 7.24436D-5 41.9499135    220 .239883292 8.02670887    396 794.328235 5.54993407    572 2630267.99 0.0       
    45 7.58578D-5 41.0582551    221 .251188643 8.01672796    397 831.763771 5.52836384    573 2754228.70 0.0       
    46 7.94328D-5 40.1892181    222 .263026799 8.00706512    398 870.963590 5.50728627    574 2884031.50 0.0       
    47 8.31764D-5 39.3401892    223 .275422870 7.99821290    399 912.010839 5.48636783    575 3019951.72 0.0       
    48 8.70964D-5 38.5130213    224 .288403150 7.98895950    400 954.992586 5.46618234    576 3162277.66 0.0       
    49 9.12011D-5 37.7049662    225 .301995172 7.97976464    401 1000.00000 5.44596138    577 3311311.21 0.0       
    50 9.54993D-5 36.9177064    226 .316227766 7.97154977    402 1047.12855 5.42647676    578 3467368.50 0.0       
    51 1.00000D-4 36.1490142    227 .331131121 7.96303397    403 1096.47820 5.40693722    579 3630780.55 0.0       
    52 1.04713D-4 35.3997782    228 .346736850 7.95430348    404 1148.15362 5.38801809    580 3801893.96 0.0       
    53 1.09648D-4 34.6691258    229 .363078055 7.94656919    405 1202.26443 5.36905820    581 3981071.71 0.0       
    54 1.14815D-4 33.9560768    230 .380189396 7.93876109    406 1258.92541 5.35058623    582 4168693.83 0.0       
    55 1.20226D-4 33.2615729    231 .398107171 7.93058503    407 1318.25674 5.33197111    583 4365158.32 0.0       
    56 1.25893D-4 32.5836254    232 .416869383 7.92294623    408 1380.38426 5.31378898    584 4570881.90 0.0       
    57 1.31826D-4 31.9228273    233 .436515832 7.91586629    409 1445.43977 5.29513507    585 4786300.92 0.0       
    58 1.38038D-4 31.2791037    234 .457088190 7.90845268    410 1513.56125 5.27693777    586 5011872.34 0.0       
    59 1.44544D-4 30.6508346    235 .478630092 7.90084520    411 1584.89319 5.25800927    587 5248074.60 0.0       
    60 1.51356D-4 30.0390852    236 .501187234 7.89419045    412 1659.58691 5.23841077    588 5495408.74 0.0       
    61 1.58489D-4 29.4428614    237 .524807460 7.88751953    413 1737.80083 5.21819290    589 5754399.37 0.0       
    62 1.65959D-4 28.8612096    238 .549540874 7.88053421    414 1819.70086 5.19702387    590 6025595.86 0.0       
    63 1.73780D-4 28.2952125    239 .575439937 7.87363180    415 1905.46072 5.17423804    591 6309573.44 0.0       
    64 1.81970D-4 27.7434022    240 .602559586 7.86759953    416 1995.26231 5.14816646    592 6606934.48 0.0       
    65 1.90546D-4 27.2054922    241 .630957344 7.86135793    417 2089.29613 5.11681232    593 6918309.71 0.0       
    66 1.99526D-4 26.6821982    242 .660693448 7.85482217    418 2187.76162 5.07507189    594 7244359.60 0.0       
    67 2.08930D-4 26.1719617    243 .691830971 7.84859755    419 2290.86765 5.00894223    595 7585775.75 0.0       
    68 2.18776D-4 25.6750430    244 .724435960 7.84301830    420 2398.83292 4.85741395    596 7943282.35 0.0       
    69 2.29087D-4 25.1916053    245 .758577575 7.83718524    421 2511.88643 27.0646834    597 8317637.71 0.0       
    70 2.39883D-4 24.7202792    246 .794328235 7.83107728    422 2630.26799 5.96268688    598 8709635.90 0.0       
    71 2.51189D-4 24.2617379    247 .831763771 7.82523010    423 2754.22870 5.37359119    599 9120108.39 0.0       
    72 2.63027D-4 23.8154492    248 .870963590 7.82006676    424 2884.03150 5.26219013    600 9549925.86 0.0       
    73 2.75423D-4 23.3804990    249 .912010839 7.81467702    425 3019.95172 5.20528842    601 10000000.0 0.0       
    74 2.88403D-4 22.9577528    250 .954992586 7.80903327    426 3162.27766 5.16684813    602 10471285.5 0.0       
    75 3.01995D-4 22.5461081    251 1.00000000 7.80340597    427 3311.31121 7.35604765    603 10964782.0 0.0       
    76 3.16228D-4 22.1453751    252 1.04712855 7.79857978    428 3467.36850 5.11226986    604 11481536.2 0.0       
    77 3.31131D-4 21.7558250    253 1.09647820 7.79362815    429 3630.78055 5.08576925    605 12022644.3 0.0       
    78 3.46737D-4 21.3766948    254 1.14815362 7.78844316    430 3801.89396 5.06148388    606 12589254.1 0.0       
    79 3.63078D-4 21.0075849    255 1.20226443 7.78303443    431 3981.07171 5.03747180    607 13182567.4 0.0       
    80 3.80189D-4 20.6486555    256 1.25892541 7.77825789    432 4168.69383 5.01284996    608 13803842.6 0.0       
    81 3.98107D-4 20.2998609    257 1.31825674 7.77373302    433 4365.15832 4.98706773    609 14454397.7 0.0       
    82 4.16869D-4 19.9603793    258 1.38038426 7.76899490    434 4570.88190 5.10004923    610 15135612.5 0.0       
    83 4.36516D-4 19.6300476    259 1.44543977 7.76403348    435 4786.30092 4.92983485    611 15848931.9 0.0       
    84 4.57088D-4 19.3092342    260 1.51356125 7.75899164    436 5011.87234 4.89444345    612 16595869.1 0.0       
    85 4.78630D-4 18.9972480    261 1.58489319 7.75468176    437 5248.07460 4.85443772    613 17378008.3 0.0       
    86 5.01187D-4 18.6936858    262 1.65958691 7.75033889    438 5495.40874 5.07051621    614 18197008.6 0.0       
    87 5.24807D-4 18.3986046    263 1.73780083 7.74579135    439 5754.39937 4.74588291    615 19054607.2 0.0       
    88 5.49541D-4 18.1121541    264 1.81970086 7.74102948    440 6025.59586 4.66475273    616 19952623.1 0.0       
    89 5.75440D-4 17.8334500    265 1.90546072 7.73621523    441 6309.57344 4.54868467    617 20892961.3 0.0       
    90 6.02560D-4 17.5624424    266 1.99526231 7.73209888    442 6606.93448 4.36396249    618 21877616.2 0.0       
    91 6.30957D-4 17.2989460    267 2.08929613 7.72792585    443 6918.30971 4.06994651    619 22908676.5 0.0       
    92 6.60693D-4 17.0430676    268 2.18776162 7.72355616    444 7244.35960 24.8244279    620 23988329.2 0.0       
    93 6.91831D-4 16.7944160    269 2.29086765 7.71898054    445 7585.77575 10.0049812    621 25118864.3 0.0       
    94 7.24436D-4 16.5526593    270 2.39883292 7.71423998    446 7943.28235 6.24609891    622 26302679.9 0.0       
    95 7.58578D-4 16.3176126    271 2.51188643 7.71010122    447 8317.63771 5.65971756    623 27542287.0 0.0       
    96 7.94328D-4 16.0892623    272 2.63026799 7.70605904    448 8709.63590 5.39924549    624 28840315.0 0.0       
    97 8.31764D-4 15.8673781    273 2.75422870 7.70182636    449 9120.10839 7.77355830    625 30199517.2 0.0       
    98 8.70964D-4 15.6517574    274 2.88403150 7.69739420    450 9549.92586 6.16993576    626 31622776.6 0.0       
    99 9.12011D-4 15.4421637    275 3.01995172 7.69275315    451 10000.0000 4.91873686    627 33113112.1 0.0       
   100 9.54993D-4 15.2384249    276 3.16227766 7.68815445    452 10471.2855 4.68226269    628 34673685.0 0.0       
   101 .001000000 15.0403748    277 3.31131121 7.68411867    453 10964.7820 4.22093054    629 36307805.5 0.0       
   102 .001047129 14.8478472    278 3.46736850 7.67994419    454 11481.5362 17.1879480    630 38018939.6 0.0       
   103 .001096478 14.6608193    279 3.63078055 7.67557297    455 12022.6443 5.94922473    631 39810717.1 0.0       
   104 .001148154 14.4789719    280 3.80189396 7.67099574    456 12589.2541 7.74421332    632 41686938.3 0.0       
   105 .001202264 14.3022193    281 3.98107171 7.66620279    457 13182.5674 5.62683411    633 43651583.2 0.0       
   106 .001258925 14.1303791    282 4.16869383 7.66148674    458 13803.8426 6.19125127    634 45708819.0 0.0       
   107 .001318257 13.9633050    283 4.36515832 7.65724487    459 14454.3977 4.43440166    635 47863009.2 0.0       
   108 .001380384 13.8008778    284 4.57088190 7.65283018    460 15135.6125 11.2161838    636 50118723.4 0.0       
   109 .001445440 13.6429563    285 4.78630092 7.64820743    461 15848.9319 5.93852753    637 52480746.0 0.0       
   110 .001513561 13.4893436    286 5.01187234 7.64336681    462 16595.8691 5.64198197    638 54954087.4 0.0       
   111 .001584893 13.3399575    287 5.24807460 7.63829806    463 17378.0083 5.30167393    639 57543993.7 0.0       
   112 .001659587 13.1946686    288 5.49540874 7.63312188    464 18197.0086 5.37365186    640 60255958.6 0.0       
   113 .001737801 13.0533965    289 5.75439937 7.62841964    465 19054.6072 5.13930957    641 63095734.4 0.0       
   114 .001819701 12.9159599    290 6.02559586 7.62360425    466 19952.6231 6.25830906    642 66069344.8 0.0       
   115 .001905461 12.7822440    291 6.30957344 7.61856190    467 20892.9613 5.01540760    643 69183097.1 0.0       
   116 .001995262 12.6521570    292 6.60693448 7.61328192    468 21877.6162 5.05917938    644 72443596.0 0.0       
   117 .002089296 12.5255897    293 6.91830971 7.60775310    469 22908.6765 9.41812760    645 75857757.5 0.0       
   118 .002187762 12.4024676    294 7.24435960 7.60196372    470 23988.3292 12.8306599    646 79432823.5 0.0       
   119 .002290868 12.2826495    295 7.58577575 7.59628191    471 25118.8643 4.12445192    647 83176377.1 0.0       
   120 .002398833 12.1660268    296 7.94328235 7.59086375    472 26302.6799 8.37300494    648 87096359.0 0.0       
   121 .002511886 12.0525262    297 8.31763771 7.58519354    473 27542.2870 5.08838739    649 91201083.9 0.0       
   122 .002630268 11.9420643    298 8.70963590 7.57925611    474 28840.3150 17.8118202    650 95499258.6 0.0       
   123 .002754229 11.8345892    299 9.12010839 7.57303886    475 30199.5172 6.67012252    651 100000000. 0.0       
   124 .002884032 11.7299308    300 9.54992586 7.56652860    476 31622.7766 6.73582701    652 104712855. 0.0       
   125 .003019952 11.6280479    301 10.0000000 7.55971187    477 33113.1121 5.57738336    653 109647820. 0.0       
   126 .003162278 11.5288310    302 10.4712855 7.55304047    478 34673.6850 10.7657318    654 114815362. 0.0       
   127 .003311311 11.4322494    303 10.9647820 7.54647845    479 36307.8055 4.68376081    655 120226443. 0.0       
   128 .003467369 11.3381227    304 11.4815362 7.53960716    480 38018.9396 6.64423701    656 125892541. 0.0       
   129 .003630781 11.2464853    305 12.0226443 7.53241204    481 39810.7171 5.10175420    657 131825674. 0.0       
   130 .003801894 11.1572641    306 12.5892541 7.52487782    482 41686.9383 8.20190592    658 138038426. 0.0       
   131 .003981072 11.0703951    307 13.1825674 7.51698853    483 43651.5832 5.33636888    659 144543977. 0.0       
   132 .004168694 10.9858574    308 13.8038426 7.50872848    484 45708.8190 4.86747298    660 151356125. 0.0       
   133 .004365158 10.9035014    309 14.4543977 7.50056475    485 47863.0092 4.44696120    661 158489319. 0.0       
   134 .004570882 10.8231287    310 15.1356125 7.49242392    486 50118.7234 7.28841309    662 165958691. 0.0       
   135 .004786301 10.7448556    311 15.8489319 7.48389943    487 52480.7460 10.5098486    663 173780083. 0.0       
   136 .005011872 10.6686045    312 16.5958691 7.47497319    488 54954.0874 10.2378851    664 181970086. 0.0       
   137 .005248075 10.5943808    313 17.3780083 7.46562627    489 57543.9937 5.71148865    665 190546072. 0.0       
   138 .005495409 10.5221246    314 18.1970086 7.45583884    490 60255.9586 11.7775446    666 199526231. 0.0       
   139 .005754399 10.4516882    315 19.0546072 7.44564571    491 63095.7344 7.32635299    667 208929613. 0.0       
   140 .006025596 10.3828195    316 19.9526231 7.43565890    492 66069.3448 10.1570680    668 218776162. 0.0       
   141 .006309573 10.3158220    317 20.8929613 7.42540717    493 69183.0971 7.06780996    669 229086765. 0.0       
   142 .006606934 10.2506342    318 21.8776162 7.41467230    494 72443.5960 7.82659982    670 239883292. 0.0       
   143 .006918310 10.1872175    319 22.9086765 7.40343151    495 75857.7575 11.4569440    671 251188643. 0.0       
   144 .007244360 10.1250427    320 23.9883292 7.39166095    496 79432.8235 4.24255492    672 263026799. 0.0       
   145 .007585776 10.0645418    321 25.1188643 7.37937618    497 83176.3771 12.2662852    673 275422870. 0.0       
   146 .007943282 10.0057568    322 26.3026799 7.36722783    498 87096.3590 8.29059708    674 288403150. 0.0       
   147 .008317638 9.94846307    323 27.5422870 7.35477127    499 91201.0839 7.44041361    675 301995172. 0.0       
   148 .008709636 9.89226311    324 28.8403150 7.34172766    500 95499.2586 5.42464353    676 316227766. 0.0       
   149 .009120108 9.83765943    325 30.1995172 7.32806931    501 100000.000 5.74416593    677 331131121. 0.0       
   150 .009549926 9.78468295    326 31.6227766 7.31376727    502 104712.855 5.68304195    678 346736850. 0.0       
   151 .010000000 9.73270425    327 33.1131121 7.29922432    503 109647.820 8.52903728    679 363078055. 0.0       
   152 .010471285 9.68197173    328 34.6736850 7.28471769    504 114815.362 12.3002666    680 380189396. 0.0       
   153 .010964782 9.63281178    329 36.3078055 7.26953802    505 120226.443 17.7226965    681 398107171. 0.0       
   154 .011481536 9.58476033    330 38.0189396 7.25364296    506 125892.541 8.32391771    682 416869383. 0.0       
   155 .012022644 9.53761999    331 39.8107171 7.23700405    507 131825.674 11.5216970    683 436515832. 0.0       
   156 .012589254 9.49201411    332 41.6869383 7.22033260    508 138038.426 22.2222237    684 457088190. 0.0       
   157 .013182567 9.44745777    333 43.6515832 7.20341649    509 144543.977 7.81745126    685 478630092. 0.0       
   158 .013803843 9.40367961    334 45.7088190 7.18570313    510 151356.125 9.29214437    686 501187234. 0.0       
   159 .014454398 9.36143042    335 47.8630092 7.16715498    511 158489.319 13.7469263    687 524807460. 0.0       
   160 .015135612 9.32000005    336 50.1187234 7.14827460    512 165958.691 9.52684251    688 549540874. 0.0       
   161 .015848932 9.27939054    337 52.4807460 7.12940612    513 173780.083 11.6965003    689 575439937. 0.0       
   162 .016595869 9.24028108    338 54.9540874 7.10966160    514 181970.086 10.7709274    690 602559586. 0.0       
   163 .017378008 9.20157075    339 57.5439937 7.08899466    515 190546.072 13.4709379    691 630957344. 0.0       
   164 .018197009 9.16412429    340 60.2559586 7.06829625    516 199526.231 9.41194992    692 660693448. 0.0       
   165 .019054607 9.12769172    341 63.0957344 7.04727554    517 208929.613 7.27382125    693 691830971. 0.0       
   166 .019952623 9.09171133    342 66.0693448 7.02526416    518 218776.162 6.89714298    694 724435960. 0.0       
   167 .020892961 9.05723419    343 69.1830971 7.00263371    519 229086.765 11.1639153    695 758577575. 0.0       
   168 .021877616 9.02297708    344 72.4435960 6.98015180    520 239883.292 7.15258269    696 794328235. 0.0       
   169 .022908677 8.98995451    345 75.8577575 6.95668672    521 251188.643 8.30819139    697 831763771. 0.0       
   170 .023988329 8.95726601    346 79.4328235 6.93252459    522 263026.799 8.33469594    698 870963590. 0.0       
   171 .025118864 8.92589621    347 83.1763771 6.90854222    523 275422.870 1.29925003    699 912010839. 0.0       
   172 .026302680 8.89516011    348 87.0963590 6.88352880    524 288403.150 0.0           700 954992586. 0.0       
   173 .027542287 8.86515799    349 91.2010839 6.85800850    525 301995.172 0.0           701 1.00000D+9
   174 .028840315 8.83560722    350 95.4992586 6.83257076    526 316227.766 0.0       
   175 .030199517 8.80723671    351 100.000000 6.80599240    527 331131.121 0.0       
   176 .031622777 8.77893145    352 104.712855 6.77950398    528 346736.850 0.0       
 
                                                     MT=  2
 MAT 3925                         293.160004 Kelvin Unshielded Cross Sections                          39-Y -89 

   No.  Group-eV   Average      No.  Group-eV   Average      No.  Group-eV   Average      No.  Group-eV   Average

     1 1.00000D-5 46.0240998    177 .033113112 7.64645196    353 109.647820 6.74319643    529 363078.055 0.0       
     2 1.04713D-5 45.0014144    178 .034673685 7.64527238    354 114.815362 6.71602358    530 380189.396 0.0       
     3 1.09648D-5 44.0019168    179 .036307805 7.64409718    355 120.226443 6.68890079    531 398107.171 0.0       
     4 1.14815D-5 43.0267407    180 .038018940 7.64286659    356 125.892541 6.66073098    532 416869.383 0.0       
     5 1.20226D-5 42.0731730    181 .039810717 7.64157801    357 131.825674 6.63293729    533 436515.832 0.0       
     6 1.25893D-5 41.1431926    182 .041686938 7.64022870    358 138.038426 6.60422720    534 457088.190 0.0       
     7 1.31826D-5 40.2337612    183 .043651583 7.63881580    359 144.543977 6.57560738    535 478630.092 0.0       
     8 1.38038D-5 39.3467839    184 .045708819 7.63741058    360 151.356125 6.54651770    536 501187.234 0.0       
     9 1.44544D-5 38.4796814    185 .047863009 7.63652995    361 158.489319 6.51722212    537 524807.460 0.0       
    10 1.51356D-5 37.6337133    186 .050118723 7.63573553    362 165.958691 6.48782532    538 549540.874 0.0       
    11 1.58489D-5 36.8073007    187 .052480746 7.63490368    363 173.780083 6.45788030    539 575439.937 0.0       
    12 1.65959D-5 36.0003360    188 .054954087 7.63403261    364 181.970086 6.42814883    540 602559.586 0.0       
    13 1.73780D-5 35.2128666    189 .057543994 7.63312050    365 190.546072 6.39803516    541 630957.344 0.0       
    14 1.81970D-5 34.4433278    190 .060255959 7.63216540    366 199.526231 6.36798326    542 660693.448 0.0       
    15 1.90546D-5 33.6929267    191 .063095734 7.63116529    367 208.929613 6.33773684    543 691830.971 0.0       
    16 1.99526D-5 32.9593844    192 .066069345 7.63011804    368 218.776162 6.30747866    544 724435.960 0.0       
    17 2.08930D-5 32.2443028    193 .069183097 7.62920614    369 229.086765 6.27731852    545 758577.575 0.0       
    18 2.18776D-5 31.5453581    194 .072443596 7.62869718    370 239.883292 6.24694538    546 794328.235 0.0       
    19 2.29087D-5 30.8639431    195 .075857758 7.62818360    371 251.188643 6.21694314    547 831763.771 0.0       
    20 2.39883D-5 30.1982419    196 .079432823 7.62764583    372 263.026799 6.18662058    548 870963.590 0.0       
    21 2.51189D-5 29.5488663    197 .083176377 7.62708270    373 275.422870 6.15689808    549 912010.839 0.0       
    22 2.63027D-5 28.9150554    198 .087096359 7.62649304    374 288.403150 6.12680773    550 954992.586 0.0       
    23 2.75423D-5 28.2963236    199 .091201084 7.62587558    375 301.995172 6.09726194    551 1000000.00 0.0       
    24 2.88403D-5 27.6930273    200 .095499259 7.62522903    376 316.227766 6.06772263    552 1047128.55 0.0       
    25 3.01995D-5 27.1037270    201 .100000000 7.62455201    377 331.131121 6.03837497    553 1096478.20 0.0       
    26 3.16228D-5 26.5295214    202 .104712855 7.62384307    378 346.736850 6.00956061    554 1148153.62 0.0       
    27 3.31131D-5 25.9685471    203 .109647820 7.62310073    379 363.078055 5.98057999    555 1202264.43 0.0       
    28 3.46737D-5 25.4220445    204 .114815362 7.62253650    380 380.189396 5.95229992    556 1258925.41 0.0       
    29 3.63078D-5 24.8883061    205 .120226443 7.62223689    381 398.107171 5.92409447    557 1318256.74 0.0       
    30 3.80189D-5 24.3682637    206 .125892541 7.62192474    382 416.869383 5.89625735    558 1380384.26 0.0       
    31 3.98107D-5 23.8607070    207 .131825674 7.62159788    383 436.515832 5.86901296    559 1445439.77 0.0       
    32 4.16869D-5 23.3658799    208 .138038426 7.62125561    384 457.088190 5.84169238    560 1513561.25 0.0       
    33 4.36516D-5 22.8834639    209 .144543977 7.62089721    385 478.630092 5.81524492    561 1584893.19 0.0       
    34 4.57088D-5 22.4129456    210 .151356125 7.62052192    386 501.187234 5.78876387    562 1659586.91 0.0       
    35 4.78630D-5 21.9546333    211 .158489319 7.62012895    387 524.807460 5.76290586    563 1737800.83 0.0       
    36 5.01187D-5 21.5073245    212 .165958691 7.61971745    388 549.540874 5.73758436    564 1819700.86 0.0       
    37 5.24807D-5 21.0715633    213 .173780083 7.61928656    389 575.439937 5.71236620    565 1905460.72 0.0       
    38 5.49541D-5 20.6470927    214 .181970086 7.61883536    390 602.559586 5.68798695    566 1995262.31 0.0       
    39 5.75440D-5 20.2329565    215 .190546072 7.61836290    391 630.957344 5.66366553    567 2089296.13 0.0       
    40 6.02560D-5 19.8299351    216 .199526231 7.61786818    392 660.693448 5.63997647    568 2187761.62 0.0       
    41 6.30957D-5 19.4372067    217 .208929613 7.61735013    393 691.830971 5.61678661    569 2290867.65 0.0       
    42 6.60693D-5 19.0543022    218 .218776162 7.61684516    394 724.435960 5.59376419    570 2398832.92 0.0       
    43 6.91831D-5 18.6819265    219 .229086765 7.61658754    395 758.577575 5.57159443    571 2511886.43 0.0       
    44 7.24436D-5 18.3190143    220 .239883292 7.61637175    396 794.328235 5.54939994    572 2630267.99 0.0       
    45 7.58578D-5 17.9655230    221 .251188643 7.61614579    397 831.763771 5.52800729    573 2754228.70 0.0       
    46 7.94328D-5 17.6218619    222 .263026799 7.61590918    398 870.963590 5.50679777    574 2884031.50 0.0       
    47 8.31764D-5 17.2869679    223 .275422870 7.61566142    399 912.010839 5.48604116    575 3019951.72 0.0       
    48 8.70964D-5 16.9611656    224 .288403150 7.61540198    400 954.992586 5.46580854    576 3162277.66 0.0       
    49 9.12011D-5 16.6444176    225 .301995172 7.61513031    401 1000.00000 5.44562560    577 3311311.21 0.0       
    50 9.54993D-5 16.3358843    226 .316227766 7.61484584    402 1047.12855 5.42622390    578 3467368.50 0.0       
    51 1.00000D-4 16.0361245    227 .331131121 7.61454797    403 1096.47820 5.40662670    579 3630780.55 0.0       
    52 1.04713D-4 15.7446469    228 .346736850 7.61423605    404 1148.15362 5.38780955    580 3801893.96 0.0       
    53 1.09648D-4 15.4609215    229 .363078055 7.61390944    405 1202.26443 5.36875154    581 3981071.71 0.0       
    54 1.14815D-4 15.1855795    230 .380189396 7.61356743    406 1258.92541 5.35038051    582 4168693.83 0.0       
    55 1.20226D-4 14.9178585    231 .398107171 7.61320931    407 1318.25674 5.33166014    583 4365158.32 0.0       
    56 1.25893D-4 14.6576535    232 .416869383 7.61283431    408 1380.38426 5.31354501    584 4570881.90 0.0       
    57 1.31826D-4 14.4051705    233 .436515832 7.61244163    409 1445.43977 5.29487525    585 4786300.92 0.0       
    58 1.38038D-4 14.1598799    234 .457088190 7.61203045    410 1513.56125 5.27663092    586 5011872.34 0.0       
    59 1.44544D-4 13.9215605    235 .478630092 7.61159989    411 1584.89319 5.25784833    587 5248074.60 0.0       
    60 1.51356D-4 13.6904010    236 .501187234 7.61114903    412 1659.58691 5.23822704    588 5495408.74 0.0       
    61 1.58489D-4 13.4662690    237 .524807460 7.61067693    413 1737.80083 5.21791102    589 5754399.37 0.0       
    62 1.65959D-4 13.2486876    238 .549540874 7.61018258    414 1819.70086 5.19666864    590 6025595.86 0.0       
    63 1.73780D-4 13.0375755    239 .575439937 7.60966494    415 1905.46072 5.17379715    591 6309573.44 0.0       
    64 1.81970D-4 12.8332026    240 .602559586 7.60916876    416 1995.26231 5.14761625    592 6606934.48 0.0       
    65 1.90546D-4 12.6350692    241 .630957344 7.60881070    417 2089.29613 5.11606809    593 6918309.71 0.0       
    66 1.99526D-4 12.4429687    242 .660693448 7.60844970    418 2187.76162 5.07382695    594 7244359.60 0.0       
    67 2.08930D-4 12.2569826    243 .691830971 7.60807170    419 2290.86765 5.00650184    595 7585775.75 0.0       
    68 2.18776D-4 12.0771563    244 .724435960 7.60767587    420 2398.83292 4.84935273    596 7943282.35 0.0       
    69 2.29087D-4 11.9029418    245 .758577575 7.60726140    421 2511.88643 22.1747653    597 8317637.71 0.0       
    70 2.39883D-4 11.7343249    246 .794328235 7.60682739    422 2630.26799 5.91151749    598 8709635.90 0.0       
    71 2.51189D-4 11.5712055    247 .831763771 7.60637292    423 2754.22870 5.36938175    599 9120108.39 0.0       
    72 2.63027D-4 11.4136695    248 .870963590 7.60589704    424 2884.03150 5.26060701    600 9549925.86 0.0       
    73 2.75423D-4 11.2614274    249 .912010839 7.60539873    425 3019.95172 5.20441873    601 10000000.0 0.0       
    74 2.88403D-4 11.1143389    250 .954992586 7.60487693    426 3162.27766 5.16605751    602 10471285.5 0.0       
    75 3.01995D-4 10.9722537    251 1.00000000 7.60433054    427 3311.31121 6.93620047    603 10964782.0 0.0       
    76 3.16228D-4 10.8350577    252 1.04712855 7.60375840    428 3467.36850 5.11175500    604 11481536.2 0.0       
    77 3.31131D-4 10.7026984    253 1.09647820 7.60315930    429 3630.78055 5.08549297    605 12022644.3 0.0       
    78 3.46737D-4 10.5751233    254 1.14815362 7.60253197    430 3801.89396 5.06145076    606 12589254.1 0.0       
    79 3.63078D-4 10.4521259    255 1.20226443 7.60187506    431 3981.07171 5.03712718    607 13182567.4 0.0       
    80 3.80189D-4 10.3336012    256 1.25892541 7.60118720    432 4168.69383 5.01240966    608 13803842.6 0.0       
    81 3.98107D-4 10.2193736    257 1.31825674 7.60046692    433 4365.15832 4.98655510    609 14454397.7 0.0       
    82 4.16869D-4 10.1093802    258 1.38038426 7.59971270    434 4570.88190 4.97388559    610 15135612.5 0.0       
    83 4.36516D-4 10.0035082    259 1.44543977 7.59892293    435 4786.30092 4.92892403    611 15848931.9 0.0       
    84 4.57088D-4 9.90170026    260 1.51356125 7.59809594    436 5011.87234 4.89432647    612 16595869.1 0.0       
    85 4.78630D-4 9.80375384    261 1.58489319 7.59722997    437 5248.07460 4.85432146    613 17378008.3 0.0       
    86 5.01187D-4 9.70959338    262 1.65958691 7.59632320    438 5495.40874 4.86851885    614 18197008.6 0.0       
    87 5.24807D-4 9.61911393    263 1.73780083 7.59537368    439 5754.39937 4.74545937    615 19054607.2 0.0       
    88 5.49541D-4 9.53227372    264 1.81970086 7.59437942    440 6025.59586 4.66454851    616 19952623.1 0.0       
    89 5.75440D-4 9.44883230    265 1.90546072 7.59333830    441 6309.57344 4.54842544    617 20892961.3 0.0       
    90 6.02560D-4 9.36874720    266 1.99526231 7.59224812    442 6606.93448 4.36355198    618 21877616.2 0.0       
    91 6.30957D-4 9.29196921    267 2.08929613 7.59110655    443 6918.30971 4.06854838    619 22908676.5 0.0       
    92 6.60693D-4 9.21827413    268 2.18776162 7.58991119    444 7244.35960 24.6984236    620 23988329.2 0.0       
    93 6.91831D-4 9.14762190    269 2.29086765 7.58865948    445 7585.77575 10.0008279    621 25118864.3 0.0       
    94 7.24436D-4 9.07994346    270 2.39883292 7.58734879    446 7943.28235 6.24555784    622 26302679.9 0.0       
    95 7.58578D-4 9.01507324    271 2.51188643 7.58597633    447 8317.63771 5.65942846    623 27542287.0 0.0       
    96 7.94328D-4 8.95295644    272 2.63026799 7.58453918    448 8709.63590 5.39890846    624 28840315.0 0.0       
    97 8.31764D-4 8.89349520    273 2.75422870 7.58303431    449 9120.10839 7.65399633    625 30199517.2 0.0       
    98 8.70964D-4 8.83657856    274 2.88403150 7.58145851    450 9549.92586 6.14066726    626 31622776.6 0.0       
    99 9.12011D-4 8.78218881    275 3.01995172 7.57980845    451 10000.0000 4.91819309    627 33113112.1 0.0       
   100 9.54993D-4 8.73004452    276 3.16227766 7.57808062    452 10471.2855 4.68145697    628 34673685.0 0.0       
   101 .001000000 8.68013152    277 3.31131121 7.57627136    453 10964.7820 4.21369877    629 36307805.5 0.0       
   102 .001047129 8.63240938    278 3.46736850 7.57437683    454 11481.5362 17.0804376    630 38018939.6 0.0       
   103 .001096478 8.58684522    279 3.63078055 7.57239302    455 12022.6443 5.94784578    631 39810717.1 0.0       
   104 .001148154 8.54336087    280 3.80189396 7.57034793    456 12589.2541 7.70485301    632 41686938.3 0.0       
   105 .001202264 8.50171862    281 3.98107171 7.56833664    457 13182.5674 5.58970627    633 43651583.2 0.0       
   106 .001258925 8.46177473    282 4.16869383 7.56624425    458 13803.8426 6.13950560    634 45708819.0 0.0       
   107 .001318257 8.42374391    283 4.36515832 7.56405324    459 14454.3977 4.43328637    635 47863009.2 0.0       
   108 .001380384 8.38760132    284 4.57088190 7.56175898    460 15135.6125 11.2080685    636 50118723.4 0.0       
   109 .001445440 8.35273027    285 4.78630092 7.55935659    461 15848.9319 5.86529960    637 52480746.0 0.0       
   110 .001513561 8.31946556    286 5.01187234 7.55684098    462 16595.8691 5.56515375    638 54954087.4 0.0       
   111 .001584893 8.28801553    287 5.24807460 7.55420681    463 17378.0083 5.30153897    639 57543993.7 0.0       
   112 .001659587 8.25759471    288 5.49540874 7.55144850    464 18197.0086 5.31198366    640 60255958.6 0.0       
   113 .001737801 8.22859565    289 5.75439937 7.54856019    465 19054.6072 5.13916359    641 63095734.4 0.0       
   114 .001819701 8.20125192    290 6.02559586 7.54553576    466 19952.6231 6.24481989    642 66069344.8 0.0       
   115 .001905461 8.17460006    291 6.30957344 7.54236879    467 20892.9613 5.01519985    643 69183097.1 0.0       
   116 .001995262 8.14952049    292 6.60693448 7.53905257    468 21877.6162 5.05794903    644 72443596.0 0.0       
   117 .002089296 8.12553371    293 6.91830971 7.53558006    469 22908.6765 9.34871689    645 75857757.5 0.0       
   118 .002187762 8.10234470    294 7.24435960 7.53194390    470 23988.3292 12.7550420    646 79432823.5 0.0       
   119 .002290868 8.08073525    295 7.58577575 7.52813637    471 25118.8643 4.12333264    647 83176377.1 0.0       
   120 .002398833 8.05943382    296 7.94328235 7.52414939    472 26302.6799 8.35962647    648 87096359.0 0.0       
   121 .002511886 8.03977692    297 8.31763771 7.51997452    473 27542.2870 5.06651150    649 91201083.9 0.0       
   122 .002630268 8.02031826    298 8.70963590 7.51560288    474 28840.3150 17.7493604    650 95499258.6 0.0       
   123 .002754229 8.00236579    299 9.12010839 7.51102523    475 30199.5172 6.66770217    651 100000000. 0.0       
   124 .002884032 7.98465040    300 9.54992586 7.50623183    476 31622.7766 6.72599436    652 104712855. 0.0       
   125 .003019952 7.96829450    301 10.0000000 7.50121252    477 33113.1121 5.57658339    653 109647820. 0.0       
   126 .003162278 7.95208926    302 10.4712855 7.49595667    478 34673.6850 10.7528440    654 114815362. 0.0       
   127 .003311311 7.93724360    303 10.9647820 7.49045311    479 36307.8055 4.68317489    655 120226443. 0.0       
   128 .003467369 7.92237270    304 11.4815362 7.48478388    480 38018.9396 6.61055660    656 125892541. 0.0       
   129 .003630781 7.90895040    305 12.0226443 7.47913602    481 39810.7171 5.08818191    657 131825674. 0.0       
   130 .003801894 7.89529656    306 12.5892541 7.47324207    482 41686.9383 8.18915114    658 138038426. 0.0       
   131 .003981072 7.88303835    307 13.1825674 7.46707035    483 43651.5832 5.33060652    659 144543977. 0.0       
   132 .004168694 7.87074840    308 13.8038426 7.46060777    484 45708.8190 4.86737501    660 151356125. 0.0       
   133 .004365158 7.85927026    309 14.4543977 7.45384062    485 47863.0092 4.44674176    661 158489319. 0.0       
   134 .004570882 7.84847567    310 15.1356125 7.44675454    486 50118.7234 7.24529442    662 165958691. 0.0       
   135 .004786301 7.83754999    311 15.8489319 7.43933450    487 52480.7460 10.5037334    663 173780083. 0.0       
   136 .005011872 7.82795457    312 16.5958691 7.43156477    488 54954.0874 10.1967771    664 181970086. 0.0       
   137 .005248075 7.81815295    313 17.3780083 7.42342886    489 57543.9937 5.71107177    665 190546072. 0.0       
   138 .005495409 7.80890737    314 18.1970086 7.41490951    490 60255.9586 11.7410116    666 199526231. 0.0       
   139 .005754399 7.80052855    315 19.0546072 7.40598867    491 63095.7344 7.31302918    667 208929613. 0.0       
   140 .006025596 7.79177979    316 19.9526231 7.39692560    492 66069.3448 10.1378078    668 218776162. 0.0       
   141 .006309573 7.78396388    317 20.8929613 7.38780159    493 69183.0971 7.05110828    669 229086765. 0.0       
   142 .006606934 7.77659654    318 21.8776162 7.37824909    494 72443.5960 7.80880415    670 239883292. 0.0       
   143 .006918310 7.76890578    319 22.9086765 7.36824640    495 75857.7575 11.4430865    671 251188643. 0.0       
   144 .007244360 7.76213029    320 23.9883292 7.35777229    496 79432.8235 4.24046747    672 263026799. 0.0       
   145 .007585776 7.75577106    321 25.1188643 7.34680455    497 83176.3771 12.2345429    673 275422870. 0.0       
   146 .007943282 7.74911213    322 26.3026799 7.33531992    498 87096.3590 8.27883692    674 288403150. 0.0       
   147 .008317638 7.74296680    323 27.5422870 7.32329679    499 91201.0839 7.42766327    675 301995172. 0.0       
   148 .008709636 7.73758889    324 28.8403150 7.31120255    500 95499.2586 5.41623643    676 316227766. 0.0       
   149 .009120108 7.73196098    325 30.1995172 7.29890890    501 100000.000 5.71810418    677 331131121. 0.0       
   150 .009549926 7.72627932    326 31.6227766 7.28603588    502 104712.855 5.66978482    678 346736850. 0.0       
   151 .010000000 7.72163618    327 33.1131121 7.27255617    503 109647.820 8.51650517    679 363078055. 0.0       
   152 .010471285 7.71699829    328 34.6736850 7.25844118    504 114815.362 12.2845468    680 380189396. 0.0       
   153 .010964782 7.71214182    329 36.3078055 7.24366326    505 120226.443 17.7099091    681 398107171. 0.0       
   154 .011481536 7.70747858    330 38.0189396 7.22879563    506 125892.541 8.31403572    682 416869383. 0.0       
   155 .012022644 7.70371137    331 39.8107171 7.21370668    507 131825.674 11.5036148    683 436515832. 0.0       
   156 .012589254 7.69982526    332 41.6869383 7.19790661    508 138038.426 22.1987292    684 457088190. 0.0       
   157 .013182567 7.69575601    333 43.6515832 7.18136191    509 144543.977 7.80531618    685 478630092. 0.0       
   158 .013803843 7.69179279    334 45.7088190 7.16405207    510 151356.125 9.28369781    686 501187234. 0.0       
   159 .014454398 7.68870307    335 47.8630092 7.14672924    511 158489.319 13.7393854    687 524807460. 0.0       
   160 .015135612 7.68556085    336 50.1187234 7.12905541    512 165958.691 9.51380430    688 549540874. 0.0       
   161 .015848932 7.68227054    337 52.4807460 7.11054863    513 173780.083 11.6835337    689 575439937. 0.0       
   162 .016595869 7.67883147    338 54.9540874 7.09116993    514 181970.086 10.7598092    690 602559586. 0.0       
   163 .017378008 7.67599720    339 57.5439937 7.07161404    515 190546.072 13.4629614    691 630957344. 0.0       
   164 .018197009 7.67356539    340 60.2559586 7.05182744    516 199526.231 9.40636482    692 660693448. 0.0       
   165 .019054607 7.67101897    341 63.0957344 7.03110834    517 208929.613 7.27015438    693 691830971. 0.0       
   166 .019952623 7.66835254    342 66.0693448 7.00956189    518 218776.162 6.89316809    694 724435960. 0.0       
   167 .020892961 7.66556152    343 69.1830971 6.98817548    519 229086.765 11.1601419    695 758577575. 0.0       
   168 .021877616 7.66314674    344 72.4435960 6.96603333    520 239883.292 7.14896591    696 794328235. 0.0       
   169 .022908677 7.66104564    345 75.8577575 6.94287554    521 251188.643 8.30504061    697 831763771. 0.0       
   170 .023988329 7.65884553    346 79.4328235 6.91977568    522 263026.799 8.33350564    698 870963590. 0.0       
   171 .025118864 7.65684643    347 83.1763771 6.89619622    523 275422.870 1.29915804    699 912010839. 0.0       
   172 .026302680 7.65527178    348 87.0963590 6.87154038    524 288403.150 0.0           700 954992586. 0.0       
   173 .027542287 7.65363142    349 91.2010839 6.84696004    525 301995.172 0.0           701 1.00000D+9
   174 .028840315 7.65191374    350 95.4992586 6.82184338    526 316227.766 0.0       
   175 .030199517 7.65011512    351 100.000000 6.79573555    527 331131.121 0.0       
   176 .031622777 7.64823173    352 104.712855 6.76991225    528 346736.850 0.0       
 
                                                     MT=102
 MAT 3925                         293.160004 Kelvin Unshielded Cross Sections                          39-Y -89 

   No.  Group-eV   Average      No.  Group-eV   Average      No.  Group-eV   Average      No.  Group-eV   Average

     1 1.00000D-5 63.5916500    177 .033113112 1.10497030    353 109.647820 .009233798    529 363078.055 0.0       
     2 1.04713D-5 62.1444391    178 .034673685 1.07980078    354 114.815362 .008770047    530 380189.396 0.0       
     3 1.09648D-5 60.7292460    179 .036307805 1.05523171    355 120.226443 .008321987    531 398107.171 0.0       
     4 1.14815D-5 59.3476573    180 .038018940 1.03120254    356 125.892541 .007889632    532 416869.383 0.0       
     5 1.20226D-5 57.9958568    181 .039810717 1.00775310    357 131.825674 .007472842    533 436515.832 0.0       
     6 1.25893D-5 56.6766191    182 .041686938 .984803314    358 138.038426 .007071584    534 457088.190 0.0       
     7 1.31826D-5 55.3856695    183 .043651583 .962398137    359 144.543977 .006685521    535 478630.092 0.0       
     8 1.38038D-5 54.1256794    184 .045708819 .940465997    360 151.356125 .006316067    536 501187.234 0.0       
     9 1.44544D-5 52.8930172    185 .047863009 .919045285    361 158.489319 .005959991    537 524807.460 0.0       
    10 1.51356D-5 51.6894496    186 .050118723 .898091840    362 165.958691 .005618488    538 549540.874 0.0       
    11 1.58489D-5 50.5127481    187 .052480746 .877617573    363 173.780083 .005291272    539 575439.937 0.0       
    12 1.65959D-5 49.3627564    188 .054954087 .857612647    364 181.970086 .004978219    540 602559.586 0.0       
    13 1.73780D-5 48.2395352    189 .057543994 .838051297    365 190.546072 .004679587    541 630957.344 0.0       
    14 1.81970D-5 47.1408749    190 .060255959 .818954869    366 199.526231 .004393954    542 660693.448 0.0       
    15 1.90546D-5 46.0684697    191 .063095734 .800271504    367 208.929613 .004122257    543 691830.971 0.0       
    16 1.99526D-5 45.0191032    192 .066069345 .782039032    368 218.776162 .003863186    544 724435.960 0.0       
    17 2.08930D-5 43.9950265    193 .069183097 .764198779    369 229.086765 .003617197    545 758577.575 0.0       
    18 2.18776D-5 42.9929578    194 .072443596 .746790421    370 239.883292 .003383478    546 794328.235 0.0       
    19 2.29087D-5 42.0148548    195 .075857758 .729765764    371 251.188643 .003161835    547 831763.771 0.0       
    20 2.39883D-5 41.0581492    196 .079432823 .713151881    372 263.026799 .002951953    548 870963.590 0.0       
    21 2.51189D-5 40.1236972    197 .083176377 .696917707    373 275.422870 .002753440    549 912010.839 0.0       
    22 2.63027D-5 39.2104191    198 .087096359 .681053903    374 288.403150 .002565968    550 954992.586 0.0       
    23 2.75423D-5 38.3176220    199 .091201084 .665550135    375 301.995172 .002389014    551 1000000.00 0.0       
    24 2.88403D-5 37.4458037    200 .095499259 .650373512    376 316.227766 .002222395    552 1047128.55 0.0       
    25 3.01995D-5 36.5929215    201 .100000000 .635548828    377 331.131121 .002065626    553 1096478.20 0.0       
    26 3.16228D-5 35.7605245    202 .104712855 .621038203    378 346.736850 .001918333    554 1148153.62 0.0       
    27 3.31131D-5 34.9459675    203 .109647820 .606876307    379 363.078055 .001780099    555 1202264.43 0.0       
    28 3.46737D-5 34.1510011    204 .114815362 .593018611    380 380.189396 .001650615    556 1258925.41 0.0       
    29 3.63078D-5 33.3732001    205 .120226443 .579492982    381 398.107171 .001529706    557 1318256.74 0.0       
    30 3.80189D-5 32.6138792    206 .125892541 .566263102    382 416.869383 .001416587    558 1380384.26 0.0       
    31 3.98107D-5 31.8713147    207 .131825674 .553342422    383 436.515832 .001310799    559 1445439.77 0.0       
    32 4.16869D-5 31.1458462    208 .138038426 .540713792    384 457.088190 .001212363    560 1513561.25 0.0       
    33 4.36516D-5 30.4370171    209 .144543977 .528369400    385 478.630092 .001120645    561 1584893.19 0.0       
    34 4.57088D-5 29.7439082    210 .151356125 .516317387    386 501.187234 .001035456    562 1659586.91 0.0       
    35 4.78630D-5 29.0672065    211 .158489319 .504536050    387 524.807460 9.56405D-4    563 1737800.83 0.0       
    36 5.01187D-5 28.4051413    212 .165958691 .493050739    388 549.540874 8.83174D-4    564 1819700.86 0.0       
    37 5.24807D-5 27.7590005    213 .173780083 .481815775    389 575.439937 8.15408D-4    565 1905460.72 0.0       
    38 5.49541D-5 27.1267032    214 .181970086 .470838111    390 602.559586 7.52825D-4    566 1995262.31 0.0       
    39 5.75440D-5 26.5096068    215 .190546072 .460080825    391 630.957344 6.95095D-4    567 2089296.13 0.0       
    40 6.02560D-5 25.9058746    216 .199526231 .449572163    392 660.693448 6.41976D-4    568 2187761.62 0.0       
    41 6.30957D-5 25.3163904    217 .208929613 .439293699    393 691.830971 5.93148D-4    569 2290867.65 0.0       
    42 6.60693D-5 24.7400431    218 .218776162 .429252676    394 724.435960 5.48385D-4    570 2398832.92 0.0       
    43 6.91831D-5 24.1768356    219 .229086765 .419441231    395 758.577575 5.07442D-4    571 2511886.43 0.0       
    44 7.24436D-5 23.6266695    220 .239883292 .409847753    396 794.328235 4.70082D-4    572 2630267.99 0.0       
    45 7.58578D-5 23.0885929    221 .251188643 .400481136    397 831.763771 4.36102D-4    573 2754228.70 0.0       
    46 7.94328D-5 22.5633516    222 .263026799 .391316770    398 870.963590 4.05329D-4    574 2884031.50 0.0       
    47 8.31764D-5 22.0494005    223 .275422870 .382372556    399 912.010839 3.77666D-4    575 3019951.72 0.0       
    48 8.70964D-5 21.5478359    224 .288403150 .373619584    400 954.992586 3.52758D-4    576 3162277.66 0.0       
    49 9.12011D-5 21.0570313    225 .301995172 .365077053    401 1000.00000 3.30614D-4    577 3311311.21 0.0       
    50 9.54993D-5 20.5779842    226 .316227766 .356723065    402 1047.12855 3.11129D-4    578 3467368.50 0.0       
    51 1.00000D-4 20.1093747    227 .331131121 .348581573    403 1096.47820 2.94244D-4    579 3630780.55 0.0       
    52 1.04713D-4 19.6517316    228 .346736850 .340630383    404 1148.15362 2.79925D-4    580 3801893.96 0.0       
    53 1.09648D-4 19.2043887    229 .363078055 .332841801    405 1202.26443 2.68210D-4    581 3981071.71 0.0       
    54 1.14815D-4 18.7671460    230 .380189396 .325217758    406 1258.92541 2.59197D-4    582 4168693.83 0.0       
    55 1.20226D-4 18.3401441    231 .398107171 .317758320    407 1318.25674 2.53069D-4    583 4365158.32 0.0       
    56 1.25893D-4 17.9224379    232 .416869383 .310476136    408 1380.38426 2.50137D-4    584 4570881.90 0.0       
    57 1.31826D-4 17.5147494    233 .436515832 .303350250    409 1445.43977 2.50917D-4    585 4786300.92 0.0       
    58 1.38038D-4 17.1157831    234 .457088190 .296395568    410 1513.56125 2.56190D-4    586 5011872.34 0.0       
    59 1.44544D-4 16.7264363    235 .478630092 .289589461    411 1584.89319 2.67183D-4    587 5248074.60 0.0       
    60 1.51356D-4 16.3454703    236 .501187234 .282945774    412 1659.58691 2.85890D-4    588 5495408.74 0.0       
    61 1.58489D-4 15.9735832    237 .524807460 .276446061    413 1737.80083 3.15558D-4    589 5754399.37 0.0       
    62 1.65959D-4 15.6098681    238 .549540874 .270097768    414 1819.70086 3.61965D-4    590 6025595.86 0.0       
    63 1.73780D-4 15.2545751    239 .575439937 .263891444    415 1905.46072 4.35763D-4    591 6309573.44 0.0       
    64 1.81970D-4 14.9073835    240 .602559586 .257824668    416 1995.26231 5.58559D-4    592 6606934.48 0.0       
    65 1.90546D-4 14.5679222    241 .630957344 .251905990    417 2089.29613 7.79959D-4    593 6918309.71 0.0       
    66 1.99526D-4 14.2364864    242 .660693448 .246141205    418 2187.76162 .001236995    594 7244359.60 0.0       
    67 2.08930D-4 13.9122215    243 .691830971 .240492915    419 2290.86765 .002441386    595 7585775.75 0.0       
    68 2.18776D-4 13.5957451    244 .724435960 .234947651    420 2398.83292 .008037301    596 7943282.35 0.0       
    69 2.29087D-4 13.2860655    245 .758577575 .229534153    421 2511.88643 4.88995680    597 8317637.71 0.0       
    70 2.39883D-4 12.9838262    246 .794328235 .224236430    422 2630.26799 .051163313    598 8709635.90 0.0       
    71 2.51189D-4 12.6881168    247 .831763771 .219063898    423 2754.22870 .004216984    599 9120108.39 0.0       
    72 2.63027D-4 12.3994168    248 .870963590 .214004171    424 2884.03150 .001579199    600 9549925.86 0.0       
    73 2.75423D-4 12.1171201    249 .912010839 .209060535    425 3019.95172 8.72739D-4    601 10000000.0 0.0       
    74 2.88403D-4 11.8412821    250 .954992586 .204228159    426 3162.27766 8.13959D-4    602 10471285.5 0.0       
    75 3.01995D-4 11.5718140    251 1.00000000 .199502492    427 3311.31121 .419841949    603 10964782.0 0.0       
    76 3.16228D-4 11.3082820    252 1.04712855 .194886795    428 3467.36850 4.90638D-4    604 11481536.2 0.0       
    77 3.31131D-4 11.0510253    253 1.09647820 .190369827    429 3630.78055 2.54762D-4    605 12022644.3 0.0       
    78 3.46737D-4 10.7993062    254 1.14815362 .185959882    430 3801.89396 1.91441D-4    606 12589254.1 0.0       
    79 3.63078D-4 10.5536482    255 1.20226443 .181642876    431 3981.07171 1.58588D-4    607 13182567.4 0.0       
    80 3.80189D-4 10.3132598    256 1.25892541 .177428220    432 4168.69383 1.39986D-4    608 13803842.6 0.0       
    81 3.98107D-4 10.0786370    257 1.31825674 .173303270    433 4365.15832 1.35851D-4    609 14454397.7 0.0       
    82 4.16869D-4 9.84911770    258 1.38038426 .169295340    434 4570.88190 .125956130    610 15135612.5 0.0       
    83 4.36516D-4 9.62498361    259 1.44543977 .165366069    435 4786.30092 8.96035D-4    611 15848931.9 0.0       
    84 4.57088D-4 9.40588484    260 1.51356125 .161511457    436 5011.87234 1.25982D-4    612 16595869.1 0.0       
    85 4.78630D-4 9.19173526    261 1.58489319 .157739601    437 5248.07460 1.39264D-4    613 17378008.3 0.0       
    86 5.01187D-4 8.98258229    262 1.65958691 .154051559    438 5495.40874 .201985000    614 18197008.6 0.0       
    87 5.24807D-4 8.77800025    263 1.73780083 .150449601    439 5754.39937 3.64799D-4    615 19054607.2 0.0       
    88 5.49541D-4 8.57831403    264 1.81970086 .146923990    440 6025.59586 1.81778D-4    616 19952623.1 0.0       
    89 5.75440D-4 8.38291254    265 1.90546072 .143480069    441 6309.57344 2.37538D-4    617 20892961.3 0.0       
    90 6.02560D-4 8.19222298    266 1.99526231 .140108920    442 6606.93448 4.09801D-4    618 21877616.2 0.0       
    91 6.30957D-4 8.00563013    267 2.08929613 .136815474    443 6918.30971 .001391320    619 22908676.5 0.0       
    92 6.60693D-4 7.82349010    268 2.18776162 .133592119    444 7244.35960 .126003635    620 23988329.2 0.0       
    93 6.91831D-4 7.64534283    269 2.29086765 .130444007    445 7585.77575 .004152887    621 25118864.3 0.0       
    94 7.24436D-4 7.47133758    270 2.39883292 .127361162    446 7943.28235 5.40870D-4    622 26302679.9 0.0       
    95 7.58578D-4 7.30128375    271 2.51188643 .124349762    447 8317.63771 2.88858D-4    623 27542287.0 0.0       
    96 7.94328D-4 7.13502932    272 2.63026799 .121401827    448 8709.63590 3.34231D-4    624 28840315.0 0.0       
    97 8.31764D-4 6.97269197    273 2.75422870 .118540293    449 9120.10839 .119547225    625 30199517.2 0.0       
    98 8.70964D-4 6.81387606    274 2.88403150 .115724760    450 9549.92586 .029245870    626 31622776.6 0.0       
    99 9.12011D-4 6.65887427    275 3.01995172 .112967352    451 10000.0000 4.53904D-4    627 33113112.1 0.0       
   100 9.54993D-4 6.50719397    276 3.16227766 .110266231    452 10471.2855 8.27747D-4    628 34673685.0 0.0       
   101 .001000000 6.35916469    277 3.31131121 .107623837    453 10964.7820 .007228090    629 36307805.5 0.0       
   102 .001047129 6.21433165    278 3.46736850 .105042633    454 11481.5362 .107511874    630 38018939.6 0.0       
   103 .001096478 6.07293330    279 3.63078055 .102514954    455 12022.6443 .001377796    631 39810717.1 0.0       
   104 .001148154 5.93466521    280 3.80189396 .100044875    456 12589.2541 .039350073    632 41686938.3 0.0       
   105 .001202264 5.79957094    281 3.98107171 .097625586    457 13182.5674 .037147997    633 43651583.2 0.0       
   106 .001258925 5.66758419    282 4.16869383 .095259327    458 13803.8426 .051748724    634 45708819.0 0.0       
   107 .001318257 5.53851520    283 4.36515832 .092944617    459 14454.3977 .001106671    635 47863009.2 0.0       
   108 .001380384 5.41251091    284 4.57088190 .090677999    460 15135.6125 .008113961    636 50118723.4 0.0       
   109 .001445440 5.28922440    285 4.78630092 .088462889    461 15848.9319 .073241378    637 52480746.0 0.0       
   110 .001513561 5.16890633    286 5.01187234 .086292323    462 16595.8691 .076824149    638 54954087.4 0.0       
   111 .001584893 5.05116654    287 5.24807460 .084170882    463 17378.0083 1.14174D-4    639 57543993.7 0.0       
   112 .001659587 4.93625392    288 5.49540874 .082107691    464 18197.0086 .061584192    640 60255958.6 0.0       
   113 .001737801 4.82383590    289 5.75439937 .080074029    465 19054.6072 1.71673D-4    641 63095734.4 0.0       
   114 .001819701 4.71406316    290 6.02559586 .078085155    466 19952.6231 .013489271    642 66069344.8 0.0       
   115 .001905461 4.60674657    291 6.30957344 .076133322    467 20892.9613 2.05077D-4    643 69183097.1 0.0       
   116 .001995262 4.50186386    292 6.60693448 .074222837    468 21877.6162 .001226440    644 72443596.0 0.0       
   117 .002089296 4.39942126    293 6.91830971 .072355115    469 22908.6765 .069395918    645 75857757.5 0.0       
   118 .002187762 4.29922231    294 7.24435960 .070525528    470 23988.3292 .075613065    646 79432823.5 0.0       
   119 .002290868 4.20141739    295 7.58577575 .068734917    471 25118.8643 .001120942    647 83176377.1 0.0       
   120 .002398833 4.10571283    296 7.94328235 .066981049    472 26302.6799 .013378633    648 87096359.0 0.0       
   121 .002511886 4.01231530    297 8.31763771 .065263206    473 27542.2870 .021865812    649 91201083.9 0.0       
   122 .002630268 3.92092288    298 8.70963590 .063582106    474 28840.3150 .062457339    650 95499258.6 0.0       
   123 .002754229 3.83171586    299 9.12010839 .061934666    475 30199.5172 .002419879    651 100000000. 0.0       
   124 .002884032 3.74445915    300 9.54992586 .060320721    476 31622.7766 .009832012    652 104712855. 0.0       
   125 .003019952 3.65923663    301 10.0000000 .058741420    477 33113.1121 7.98058D-4    653 109647820. 0.0       
   126 .003162278 3.57594255    302 10.4712855 .057194325    478 34673.6850 .012887310    654 114815362. 0.0       
   127 .003311311 3.49451632    303 10.9647820 .055677407    479 36307.8055 5.84784D-4    655 120226443. 0.0       
   128 .003467369 3.41500313    304 11.4815362 .054194602    480 38018.9396 .033676038    656 125892541. 0.0       
   129 .003630781 3.33721781    305 12.0226443 .052751608    481 39810.7171 .013568050    657 131825674. 0.0       
   130 .003801894 3.26129901    306 12.5892541 .051321931    482 41686.9383 .012753179    658 138038426. 0.0       
   131 .003981072 3.18700736    307 13.1825674 .049923759    483 43651.5832 .005757758    659 144543977. 0.0       
   132 .004168694 3.11450540    308 13.8038426 .048552992    484 45708.8190 9.71274D-5    660 151356125. 0.0       
   133 .004365158 3.04356557    309 14.4543977 .047212431    485 47863.0092 2.19224D-4    661 158489319. 0.0       
   134 .004570882 2.97431202    310 15.1356125 .045897883    486 50118.7234 .043121609    662 165958691. 0.0       
   135 .004786301 2.90658665    311 15.8489319 .044608836    487 52480.7460 .006130609    663 173780083. 0.0       
   136 .005011872 2.84042271    312 16.5958691 .043346527    488 54954.0874 .041104186    664 181970086. 0.0       
   137 .005248075 2.77577424    313 17.3780083 .042109081    489 57543.9937 4.25992D-4    665 190546072. 0.0       
   138 .005495409 2.71256003    314 18.1970086 .040895969    490 60255.9586 .036532103    666 199526231. 0.0       
   139 .005754399 2.65084390    315 19.0546072 .039707456    491 63095.7344 .013323422    667 208929613. 0.0       
   140 .006025596 2.59046129    316 19.9526231 .038543138    492 66069.3448 .019262244    668 218776162. 0.0       
   141 .006309573 2.53153274    317 20.8929613 .037401643    493 69183.0971 .016696052    669 229086765. 0.0       
   142 .006606934 2.47386785    318 21.8776162 .036282375    494 72443.5960 .017793159    670 239883292. 0.0       
   143 .006918310 2.41759051    319 22.9086765 .035185854    495 75857.7575 .013854404    671 251188643. 0.0       
   144 .007244360 2.36253391    320 23.9883292 .034111984    496 79432.8235 .002088155    672 263026799. 0.0       
   145 .007585776 2.30877875    321 25.1188643 .033066606    497 83176.3771 .031742613    673 275422870. 0.0       
   146 .007943282 2.25622476    322 26.3026799 .032033388    498 87096.3590 .011760760    674 288403150. 0.0       
   147 .008317638 2.20487045    323 27.5422870 .031021296    499 91201.0839 .012748619    675 301995172. 0.0       
   148 .008709636 2.15470973    324 28.8403150 .030031979    500 95499.2586 .008400005    676 316227766. 0.0       
   149 .009120108 2.10565367    325 30.1995172 .029061269    501 100000.000 .026052666    677 331131121. 0.0       
   150 .009549926 2.05777022    326 31.6227766 .028110150    502 104712.855 .013252008    678 346736850. 0.0       
   151 .010000000 2.01091834    327 33.1131121 .027178442    503 109647.820 .012531936    679 363078055. 0.0       
   152 .010471285 1.96519651    328 34.6736850 .026266070    504 114815.362 .015720462    680 380189396. 0.0       
   153 .010964782 1.92045501    329 36.3078055 .025372940    505 120226.443 .012795448    681 398107171. 0.0       
   154 .011481536 1.87678291    330 38.0189396 .024499205    506 125892.541 .009880470    682 416869383. 0.0       
   155 .012022644 1.83405975    331 39.8107171 .023643648    507 131825.674 .018086910    683 436515832. 0.0       
   156 .012589254 1.79233089    332 41.6869383 .022806456    508 138038.426 .023500205    684 457088190. 0.0       
   157 .013182567 1.75153719    333 43.6515832 .021987049    509 144543.977 .012129588    685 478630092. 0.0       
   158 .013803843 1.71165586    334 45.7088190 .021186036    510 151356.125 .008440987    686 501187234. 0.0       
   159 .014454398 1.67270352    335 47.8630092 .020403529    511 158489.319 .007537273    687 524807460. 0.0       
   160 .015135612 1.63459579    336 50.1187234 .019637736    512 165958.691 .013040718    688 549540874. 0.0       
   161 .015848932 1.59739930    337 52.4807460 .018890401    513 173780.083 .012963525    689 575439937. 0.0       
   162 .016595869 1.56100049    338 54.9540874 .018160346    514 181970.086 .011115994    690 602559586. 0.0       
   163 .017378008 1.52548090    339 57.5439937 .017451460    515 190546.072 .007970956    691 630957344. 0.0       
   164 .018197009 1.49072936    340 60.2559586 .016755186    516 199526.231 .005601049    692 660693448. 0.0       
   165 .019054607 1.45680950    341 63.0957344 .016076420    517 208929.613 .003658113    693 691830971. 0.0       
   166 .019952623 1.42363939    342 66.0693448 .015414213    518 218776.162 .003970582    694 724435960. 0.0       
   167 .020892961 1.39123915    343 69.1830971 .014769038    519 229086.765 .003761738    695 758577575. 0.0       
   168 .021877616 1.35957789    344 72.4435960 .014140717    520 239883.292 .003626585    696 794328235. 0.0       
   169 .022908677 1.32861861    345 75.8577575 .013529446    521 251188.643 .003149063    697 831763771. 0.0       
   170 .023988329 1.29838502    346 79.4328235 .012935206    522 263026.799 .001204369    698 870963590. 0.0       
   171 .025118864 1.26879746    347 83.1763771 .012357234    523 275422.870 9.18549D-5    699 912010839. 0.0       
   172 .026302680 1.23992121    348 87.0963590 .011795699    524 288403.150 0.0           700 954992586. 0.0       
   173 .027542287 1.21165750    349 91.2010839 .011250451    525 301995.172 0.0           701 1.00000D+9
   174 .028840315 1.18406647    350 95.4992586 .010722237    526 316227.766 0.0       
   175 .030199517 1.15707962    351 100.000000 .010209751    527 331131.121 0.0       
   176 .031622777 1.13072353    352 104.712855 .009714024    528 346736.850 0.0       
 
