 Calculate Cross Sections from Resonance Parameters (RECENT 2023-1)
 ==============================================================================
 Retrieval Criteria-----------        MAT
 File 2 Mimimum Cross Section- 1.0000E-30 (No Longer an Input Option)
 Reactions with No Background-     Output (Resonance Contribution)
 Calculate/Edit Mode----------  Calculate. List Resonance Parameters.  
 Negative Cross Sections------   Make = 0 (No Negative Output)     
 Monitor Mode-----------------         On
 ==============================================================================
 ENDF/B Input and Output Data Filenames
 n-Y099.res.tendl.2023                                                   
 n-Y099.res.point0                                                       
 ==============================================================================
 Requested MAT Ranges
 ==============================================================================
    Mimimum    Maximum
 ==============================================================================
          1       9999
 ==============================================================================
 File 2 Reconstruction Error
 ==============================================================================
      Energy      Error   per-cent
 ==============================================================================
  0.0         .001000000      0.100 (Default Option)
 ==============================================================================
 ENDF/B Tape Label
 ==============================================================================
  n-Y099.res.tendl.2023: Merger of MF1 and MF2                       99
 ******************************************************************************
 Processing  39-Y -99    MAT= 3955
 ******************************************************************************
 Based on the Format and Contents of MF/MT=1/451
 (1) ENDF/B-6  Format.
 (2) Material is NOT Fissile (LFI=0).
 (3) Resonance Parameters are Given (LRP=1).
 (4) Projectile ZA =      1 (Neutron).
 (5) Background Temperature  0.0        Kelvin.
 ==============================================================================
 Listing of All Resonance Parameters
 ==============================================================================
 Element or Material------------------ 39-Y -99   
 Atomic Weight Ratio------------------ 98.0743600
 Number of Isotopes-------------------          1
 ==============================================================================
 Isotope Number-----------------------          1
 Isotope------------------------------ 39-Y -99   
 Fractional Abundance----------------- 1.00000000
 LFW (Fission Widths)-----------------          0 (No Fission Widths)        
 Number of Energy Ranges--------------          2
 ==============================================================================
 Lower Limit of the Energy Range------ 1.00000E-5 eV
 Upper Limit of the Energy Range------ 3796.50200 eV
 LRU (Type of Region)-----------------          1 (Resolved Region)          
 LRF (Type of Resolved Parameters)----          2 (Multi-Level Breit-Wigner) 
 NRO (Scattering Radius)--------------          0 (Energy Independent)        
 NAPS (Channel Radius)----------------          1 (= Scattering Radius)       
 ==============================================================================
 Nuclear Spin of Target--------------- 2.50000000
 Effective Scattering Radius (A+)----- .659788000
 Number of L Values-------------------          3
 ==============================================================================
 Atomic Weight Ratio of Isotope------- 98.0748200
 Competitive Reaction Q Value--------- 0.0        eV
 Angular Momentum (L)-----------------          0
 LRX (Competitive Widths)-------------          0 (No Competitive Widths)                 
 Number of Resonances-----------------         49
 ==============================================================================
 Multi-Level Breit-Wigner Resonance Parameters
 ==============================================================================
      Energy  J Value      Total    Neutron    Capture    Fission Competition
        (eV)                (eV)       (eV)       (eV)       (eV)        (eV)
 ==============================================================================
 -529.894300   2.00   .365038600 .339405100 .025633470 0.0         0.0       
 -442.799600   2.00   1.26719400 1.24156100 .025633470 0.0         0.0       
 -164.841600   2.00   .043242680 .017609210 .025633470 0.0         0.0       
  5.17488100   2.00   .036458460 .010824990 .025633470 0.0         0.0       
  52.7305600   2.00   .176025000 .150391500 .025633470 0.0         0.0       
  269.745400   2.00   .520458400 .494825000 .025633470 0.0         0.0       
  544.954600   2.00   9.15748800 9.13185400 .025633470 0.0         0.0       
  729.309400   2.00   2.85293700 2.82730400 .025633470 0.0         0.0       
  980.204200   2.00   1.27787100 1.25223800 .025633470 0.0         0.0       
  1143.01100   2.00   1.56953100 1.54389800 .025633470 0.0         0.0       
  1201.30900   2.00   .050455150 .024821680 .025633470 0.0         0.0       
  1545.41400   2.00   .452237700 .426604200 .025633470 0.0         0.0       
  1638.27300   2.00   3.16837300 3.14274000 .025633470 0.0         0.0       
  1801.12200   2.00   .127839600 .102206100 .025633470 0.0         0.0       
  2055.42500   2.00   3.44861200 3.42297900 .025633470 0.0         0.0       
  2498.35900   2.00   6.39535800 6.36972400 .025633470 0.0         0.0       
  2675.62800   2.00   .187754200 .162120700 .025633470 0.0         0.0       
  2815.36000   2.00   8.80305000 8.77741600 .025633470 0.0         0.0       
  3106.18700   2.00   .105021100 .079387660 .025633470 0.0         0.0       
  3300.27100   2.00   .044264570 .018631100 .025633470 0.0         0.0       
  3645.36800   2.00   .294349800 .268716300 .025633470 0.0         0.0       
  3706.39100   2.00   3.47012700 3.44449300 .025633470 0.0         0.0       
 ------------------------------------------------------------------------------
 WARNING - Above (L, j) sequence tabulates resonances up to 3706.39100
           Does not span the entire Resolved Region up to   3796.50200
 ------------------------------------------------------------------------------
 -561.994900   3.00   .025865710 .002763057 .023102650 0.0         0.0       
 -317.975300   3.00   .053042750 .029940100 .023102650 0.0         0.0       
 -195.864000   3.00   .088676960 .065574310 .023102650 0.0         0.0       
  211.734300   3.00   .251915300 .228812600 .023102650 0.0         0.0       
  222.982000   3.00   .029841120 .006738465 .023102650 0.0         0.0       
  368.319900   3.00   1.34523000 1.32212800 .023102650 0.0         0.0       
  466.202900   3.00   1.01254400 .989440900 .023102650 0.0         0.0       
  675.799300   3.00   .059912840 .036810190 .023102650 0.0         0.0       
  805.896500   3.00   2.40129200 2.37819000 .023102650 0.0         0.0       
  1017.80400   3.00   .027944300 .004841646 .023102650 0.0         0.0       
  1308.58100   3.00   9.08665300 9.06355000 .023102650 0.0         0.0       
  1376.44200   3.00   .815053100 .791950400 .023102650 0.0         0.0       
  1481.13800   3.00   .192475600 .169373000 .023102650 0.0         0.0       
  1655.02000   3.00   5.29739500 5.27429200 .023102650 0.0         0.0       
  1848.95100   3.00   1.48135500 1.45825200 .023102650 0.0         0.0       
  2042.20300   3.00   7.71435400 7.69125200 .023102650 0.0         0.0       
  2190.49700   3.00   2.54356500 2.52046200 .023102650 0.0         0.0       
  2352.23100   3.00   3.11900300 3.09590000 .023102650 0.0         0.0       
  2442.62100   3.00   2.86340200 2.84030000 .023102650 0.0         0.0       
  2669.24200   3.00   .074552270 .051449620 .023102650 0.0         0.0       
  2847.57500   3.00   .795810900 .772708300 .023102650 0.0         0.0       
  3123.02800   3.00   .184153500 .161050800 .023102650 0.0         0.0       
  3446.90300   3.00   1.70994300 1.68684000 .023102650 0.0         0.0       
  3486.44000   3.00   1.03334900 1.01024600 .023102650 0.0         0.0       
  3583.71100   3.00   1.42041500 1.39731300 .023102650 0.0         0.0       
  3638.16600   3.00   .059199190 .036096540 .023102650 0.0         0.0       
  3796.50200   3.00   8.40513700 8.38203400 .023102650 0.0         0.0       
 ==============================================================================
 Atomic Weight Ratio of Isotope------- 98.0748200
 Competitive Reaction Q Value--------- 0.0        eV
 Angular Momentum (L)-----------------          1
 LRX (Competitive Widths)-------------          0 (No Competitive Widths)                 
 Number of Resonances-----------------         34
 ------------------------------------------------------------------------------
 WARNING...WARNING...WARNING...WARNING...WARNING...WARNING...WARNING...WARNING
 L= 1 J =  2.000 Corresponds to 2 Resonance Sequences.
 L= 1 J =  3.000 Corresponds to 2 Resonance Sequences.
 ------------------------------------------------------------------------------
 ==============================================================================
 Multi-Level Breit-Wigner Resonance Parameters
 ==============================================================================
      Energy  J Value      Total    Neutron    Capture    Fission Competition
        (eV)                (eV)       (eV)       (eV)       (eV)        (eV)
 ==============================================================================
 -762.862100   1.00   .033219390 .004510364 .028709030 0.0         0.0       
 -422.307400   1.00   .066056470 .037347440 .028709030 0.0         0.0       
 -172.176500   1.00   .038103910 .009394879 .028709030 0.0         0.0       
  1467.41800   1.00   .458137000 .429427900 .028709030 0.0         0.0       
  2168.38300   1.00   1.36547100 1.33676200 .028709030 0.0         0.0       
  2913.26800   1.00   .901517400 .872808400 .028709030 0.0         0.0       
  3214.11000   1.00   .280726500 .252017500 .028709030 0.0         0.0       
  3421.43100   1.00   .442977000 .414267900 .028709030 0.0         0.0       
  3735.37700   1.00   1.46444600 1.43573700 .028709030 0.0         0.0       
 ------------------------------------------------------------------------------
 WARNING - Above (L, j) sequence tabulates resonances up to 3735.37700
           Does not span the entire Resolved Region up to   3796.50200
 ------------------------------------------------------------------------------
 -379.095500   2.00   .047440900 .019464100 .027976790 0.0         0.0       
 -269.730200   2.00   .057791150 .029814360 .027976790 0.0         0.0       
 -117.685300   2.00   .033310690 .005333900 .027976790 0.0         0.0       
  2122.70200   2.00   .389467200 .361490400 .027976790 0.0         0.0       
  2801.71900   2.00   .823665800 .795689000 .027976790 0.0         0.0       
  3273.42900   2.00   .517726300 .489749500 .027976790 0.0         0.0       
  3391.69800   2.00   .426626100 .398649300 .027976790 0.0         0.0       
  3439.77000   2.00   .176952600 .148975800 .027976790 0.0         0.0       
 ------------------------------------------------------------------------------
 WARNING - Above (L, j) sequence tabulates resonances up to 3439.77000
           Does not span the entire Resolved Region up to   3796.50200
 ------------------------------------------------------------------------------
 -515.182400   3.00   .040710590 .015991080 .024719510 0.0         0.0       
 -351.508500   3.00   .027903150 .003183644 .024719510 0.0         0.0       
 -134.780000   3.00   .0247209401.434046E-6 .024719510 0.0         0.0       
  1312.11700   3.00   .169773400 .145053900 .024719510 0.0         0.0       
  2534.08600   3.00   .494942900 .470223400 .024719510 0.0         0.0       
  2699.04500   3.00   .287485500 .262766000 .024719510 0.0         0.0       
  3597.20300   3.00   .589273600 .564554100 .024719510 0.0         0.0       
  3841.34000   3.00   .294000900 .269281400 .024719510 0.0         0.0       
 ------------------------------------------------------------------------------
 -241.194100   4.00   .024847940 .002174545 .022673390 0.0         0.0       
 -80.3933200   4.00   .024258700 .001585313 .022673390 0.0         0.0       
 -12.8181200   4.00   .0226744901.101309E-6 .022673390 0.0         0.0       
  1256.58700   4.00   .184259200 .161585800 .022673390 0.0         0.0       
  1989.58700   4.00   .170900000 .148226600 .022673390 0.0         0.0       
  2192.11800   4.00   .149282500 .126609100 .022673390 0.0         0.0       
  2703.41100   4.00   .183278400 .160605100 .022673390 0.0         0.0       
  2982.08300   4.00   .927183100 .904509700 .022673390 0.0         0.0       
  3311.66600   4.00   1.42865200 1.40597900 .022673390 0.0         0.0       
 ------------------------------------------------------------------------------
 WARNING - Above (L, j) sequence tabulates resonances up to 3311.66600
           Does not span the entire Resolved Region up to   3796.50200
 ------------------------------------------------------------------------------
 WARNING...WARNING...WARNING...WARNING...WARNING...WARNING...WARNING...WARNING
 FOR L =  1 Expect Sum of Statistical Weights (GJ) to Equal
 (2*L + 1) =  3.000
 Found     =  2.000
 Corrective Action Will be Taken to Correctly Calculate
 the Potential Scattering Cross Section - This Procedure is
 Based on the Decision of the National Nuclear Data Center,
 Brookhaven National Laboratory, Private Communication,
 Charles Dunford, (April 1991)
 ==============================================================================
 Atomic Weight Ratio of Isotope------- 98.0748200
 Competitive Reaction Q Value--------- 0.0        eV
 Angular Momentum (L)-----------------          2
 LRX (Competitive Widths)-------------          0 (No Competitive Widths)                 
 Number of Resonances-----------------         16
 ------------------------------------------------------------------------------
 WARNING...WARNING...WARNING...WARNING...WARNING...WARNING...WARNING...WARNING
 L= 2 J =  1.000 Corresponds to 2 Resonance Sequences.
 L= 2 J =  2.000 Corresponds to 2 Resonance Sequences.
 L= 2 J =  3.000 Corresponds to 2 Resonance Sequences.
 L= 2 J =  4.000 Corresponds to 2 Resonance Sequences.
 ------------------------------------------------------------------------------
 ==============================================================================
 Multi-Level Breit-Wigner Resonance Parameters
 ==============================================================================
      Energy  J Value      Total    Neutron    Capture    Fission Competition
        (eV)                (eV)       (eV)       (eV)       (eV)        (eV)
 ==============================================================================
 -2382.49200   0.00   .0309670804.064949E-5 .030926430 0.0         0.0       
 -1249.84000   0.00   .0309518202.539118E-5 .030926430 0.0         0.0       
 -169.780000   0.00   .0309264302.039568E-9 .030926430 0.0         0.0       
 ------------------------------------------------------------------------------
 WARNING - Above (L, j) sequence tabulates resonances up to-169.780000
           Does not span the entire Resolved Region up to   3796.50200
 ------------------------------------------------------------------------------
 -1060.49900   1.00   .0270118609.511513E-7 .027010910 0.0         0.0       
 -846.379200   1.00   .0270109206.847958E-9 .027010910 0.0         0.0       
 -412.045700   1.00   .0270109301.549442E-8 .027010910 0.0         0.0       
 ------------------------------------------------------------------------------
 WARNING - Above (L, j) sequence tabulates resonances up to-412.045700
           Does not span the entire Resolved Region up to   3796.50200
 ------------------------------------------------------------------------------
 -339.795700   2.00   .0256603505.207156E-9 .025660340 0.0         0.0       
 -221.538800   2.00   .0256603404.953322E-9 .025660340 0.0         0.0       
  3108.98800   2.00   .0257579709.763183E-5 .025660340 0.0         0.0       
 ------------------------------------------------------------------------------
 WARNING - Above (L, j) sequence tabulates resonances up to 3108.98800
           Does not span the entire Resolved Region up to   3796.50200
 ------------------------------------------------------------------------------
 -461.464600   3.00   .0231299001.186724E-7 .023129780 0.0         0.0       
 -314.632600   3.00   .0231298001.506583E-8 .023129780 0.0         0.0       
 ------------------------------------------------------------------------------
 WARNING - Above (L, j) sequence tabulates resonances up to-314.632600
           Does not span the entire Resolved Region up to   3796.50200
 ------------------------------------------------------------------------------
 -316.426500   4.00   .0215144201.536135E-8 .021514400 0.0         0.0       
 -237.711700   4.00   .0215144706.531677E-8 .021514400 0.0         0.0       
 ------------------------------------------------------------------------------
 WARNING - Above (L, j) sequence tabulates resonances up to-237.711700
           Does not span the entire Resolved Region up to   3796.50200
 ------------------------------------------------------------------------------
 -440.291700   5.00   .0196340504.810187E-8 .019634000 0.0         0.0       
 -130.165800   5.00   .019634000 2.02520E-9 .019634000 0.0         0.0       
 -55.3874600   5.00   .0196340009.63672E-10 .019634000 0.0         0.0       
 ------------------------------------------------------------------------------
 WARNING - Above (L, j) sequence tabulates resonances up to-55.3874600
           Does not span the entire Resolved Region up to   3796.50200
 ------------------------------------------------------------------------------
 WARNING...WARNING...WARNING...WARNING...WARNING...WARNING...WARNING...WARNING
 FOR L =  2 Expect Sum of Statistical Weights (GJ) to Equal
 (2*L + 1) =  5.000
 Found     =  3.000
 Corrective Action Will be Taken to Correctly Calculate
 the Potential Scattering Cross Section - This Procedure is
 Based on the Decision of the National Nuclear Data Center,
 Brookhaven National Laboratory, Private Communication,
 Charles Dunford, (April 1991)
 ==============================================================================
 Lower Limit of the Energy Range------ 3796.50200 eV
 Upper Limit of the Energy Range------ 123871.000 eV
 LRU (Type of Region)-----------------          2 (Unresolved Region)        
 LRF (Energy Dependence of Widths)----          2 (All Energy Dependent)     
 NRO (Scattering Radius)--------------          0 (Energy Independent)        
 NAPS (Channel Radius)----------------          0 (Calculate)                 
 ==============================================================================
 All Unresolved Parameters Energy Dependent
 ==============================================================================
 Nuclear Spin of Target--------------- 2.50000000
 Effective Scattering Radius (A+)----- .659788000
 LSSF---------------------------------          1 (Included in File 3)
 Number of L Values-------------------          3
 ==============================================================================
 WARNING...WARNING...WARNING...WARNING...WARNING...WARNING...WARNING...WARNING
 Note, LSSF= 1 Indicates that the Resonance Contribution
 of this section of Resonance Parameters (MF=2) has already
 been added to the Cross Sections (MF=3). This section will be
 read, but Ignored in ALL Resonance Calculations.
 ==============================================================================
 Atomic Weight Ratio of Isotope------- 98.0748200
 L Value------------------------------          0
 Number of J Values-------------------          2
 ==============================================================================
                                 Degrees of Freedom
 ==============================================================================
   Interpolation  J Value  Competition    Neutron   Capture     Fission
        Law
 ==============================================================================
 2 (Lin X-Lin Y)     2.00        0.00        1.00       0.00       0.00
 ==============================================================================
 Resonance Parameters
 ==============================================================================
      Energy     Level Competition    Neutron    Capture    Fission      Total
                Spacing      Width      Width      Width      Width      Width
        (eV)       (eV)       (eV)       (eV)       (eV)       (eV)       (eV)
 ==============================================================================
  3796.50200 206.113000 0.0        .010125100 .025653200 0.0        .035778300
  4000.00000 206.053000 0.0        .010119700 .025655600 0.0        .035775300
  4800.00000 205.816000 0.0        .010098800 .025665700 0.0        .035764500
  6000.00000 205.460000 0.0        .010068900 .025680600 0.0        .035749500
  8500.00000 204.721000 0.0        .010010400 .025711800 0.0        .035722200
  13000.0000 203.399000 0.0        .009913290 .025768200 0.0        .035681490
  22000.0000 200.781000 0.0        .009736070 .025881200 0.0        .035617270
  28000.0000 199.056000 0.0        .009625520 .025956900 0.0        .035582420
  30000.0000 198.484000 0.0        .009589630 .025982100 0.0        .035571730
  36000.0000 196.779000 0.0        .009484450 .026058000 0.0        .035542450
  46000.0000 193.974000 0.0        .009315910 .026185000 0.0        .035500910
  55000.0000 191.485000 0.0        .009170020 .026299900 0.0        .035469920
  62000.0000 189.573000 0.0        .009059790 .026389500 0.0        .035449290
  64000.0000 189.030000 0.0        .009028750 .026415200 0.0        .035443950
  86000.0000 183.170000 0.0        .008699410 .026700000 0.0        .035399410
  110000.000 176.997000 0.0        .008361590 .027013900 0.0        .035375490
  123871.000 174.491000 0.0        .008226510 .027145800 0.0        .035372310
 ==============================================================================
                                 Degrees of Freedom
 ==============================================================================
   Interpolation  J Value  Competition    Neutron   Capture     Fission
        Law
 ==============================================================================
 2 (Lin X-Lin Y)     3.00        0.00        1.00       0.00       0.00
 ==============================================================================
 Resonance Parameters
 ==============================================================================
      Energy     Level Competition    Neutron    Capture    Fission      Total
                Spacing      Width      Width      Width      Width      Width
        (eV)       (eV)       (eV)       (eV)       (eV)       (eV)       (eV)
 ==============================================================================
  3796.50200 169.516000 0.0        .008327330 .023122600 0.0        .031449930
  4000.00000 169.466000 0.0        .008322860 .023125000 0.0        .031447860
  4800.00000 169.270000 0.0        .008305590 .023135200 0.0        .031440790
  6000.00000 168.974000 0.0        .008280820 .023150300 0.0        .031431120
  8500.00000 168.360000 0.0        .008232450 .023181800 0.0        .031414250
  13000.0000 167.263000 0.0        .008152070 .023238700 0.0        .031390770
  22000.0000 165.089000 0.0        .008005340 .023352700 0.0        .031358040
  28000.0000 163.657000 0.0        .007913780 .023429000 0.0        .031342780
  30000.0000 163.182000 0.0        .007884050 .023454400 0.0        .031338450
  36000.0000 161.767000 0.0        .007796930 .023530800 0.0        .031327730
  46000.0000 159.439000 0.0        .007657320 .023658800 0.0        .031316120
  55000.0000 157.374000 0.0        .007536470 .023774400 0.0        .031310870
  62000.0000 155.787000 0.0        .007445150 .023864700 0.0        .031309850
  64000.0000 155.337000 0.0        .007419440 .023890500 0.0        .031309940
  86000.0000 150.476000 0.0        .007146660 .024176400 0.0        .031323060
  110000.000 145.357000 0.0        .006866890 .024491300 0.0        .031358190
  123871.000 143.280000 0.0        .006755050 .024623500 0.0        .031378550
 ------------------------------------------------------------------------------
 WARNING...WARNING...WARNING...WARNING...WARNING...WARNING...WARNING...WARNING
 FOR L =  0 Expect Sum of Statistical Weights (GJ) to Equal
 (2*L + 1) =  1.000
 Found     =  3.000
 Corrective Action Will be Taken to Correctly Calculate
 the Potential Scattering Cross Section - This Procedure is
 Based on the Decision of the National Nuclear Data Center,
 Brookhaven National Laboratory, Private Communication,
 Charles Dunford, (April 1991)
 ==============================================================================
 Atomic Weight Ratio of Isotope------- 98.0748200
 L Value------------------------------          1
 Number of J Values-------------------          4
 ==============================================================================
                                 Degrees of Freedom
 ==============================================================================
   Interpolation  J Value  Competition    Neutron   Capture     Fission
        Law
 ==============================================================================
 2 (Lin X-Lin Y)     1.00        0.00        1.00       0.00       0.00
 ==============================================================================
 Resonance Parameters
 ==============================================================================
      Energy     Level Competition    Neutron    Capture    Fission      Total
                Spacing      Width      Width      Width      Width      Width
        (eV)       (eV)       (eV)       (eV)       (eV)       (eV)       (eV)
 ==============================================================================
  3796.50200 312.702000 0.0        .223438000 .028728400 0.0        .252166400
  4000.00000 312.612000 0.0        .223451000 .028730800 0.0        .252181800
  4800.00000 312.255000 0.0        .223502000 .028740700 0.0        .252242700
  6000.00000 311.719000 0.0        .223564000 .028755300 0.0        .252319300
  8500.00000 310.604000 0.0        .223667000 .028785900 0.0        .252452900
  13000.0000 308.611000 0.0        .223646000 .028841300 0.0        .252487300
  22000.0000 304.665000 0.0        .223100000 .028952200 0.0        .252052200
  28000.0000 302.064000 0.0        .222380000 .029026400 0.0        .251406400
  30000.0000 301.201000 0.0        .222111000 .029051100 0.0        .251162100
  36000.0000 298.631000 0.0        .221078000 .029125500 0.0        .250203500
  46000.0000 294.401000 0.0        .218899000 .029249900 0.0        .248148900
  55000.0000 290.647000 0.0        .216509000 .029362500 0.0        .245871500
  62000.0000 287.763000 0.0        .214405000 .029450300 0.0        .243855300
  64000.0000 286.945000 0.0        .213769000 .029475400 0.0        .243244400
  86000.0000 278.105000 0.0        .205901000 .029754100 0.0        .235655100
  110000.000 268.791000 0.0        .195928000 .030061400 0.0        .225989400
  123871.000 265.009000 0.0        .191501000 .030190400 0.0        .221691400
 ==============================================================================
                                 Degrees of Freedom
 ==============================================================================
   Interpolation  J Value  Competition    Neutron   Capture     Fission
        Law
 ==============================================================================
 2 (Lin X-Lin Y)     2.00        0.00        1.00       0.00       0.00
 ==============================================================================
 Resonance Parameters
 ==============================================================================
      Energy     Level Competition    Neutron    Capture    Fission      Total
                Spacing      Width      Width      Width      Width      Width
        (eV)       (eV)       (eV)       (eV)       (eV)       (eV)       (eV)
 ==============================================================================
  3796.50200 206.113000 0.0        .118566000 .027995600 0.0        .146561600
  4000.00000 206.053000 0.0        .118576000 .027997900 0.0        .146573900
  4800.00000 205.816000 0.0        .118617000 .028007500 0.0        .146624500
  6000.00000 205.460000 0.0        .118672000 .028021700 0.0        .146693700
  8500.00000 204.721000 0.0        .118777000 .028051400 0.0        .146828400
  13000.0000 203.399000 0.0        .118868000 .028105100 0.0        .146973100
  22000.0000 200.781000 0.0        .118823000 .028212800 0.0        .147035800
  28000.0000 199.056000 0.0        .118625000 .028284900 0.0        .146909900
  30000.0000 198.484000 0.0        .118549000 .028308900 0.0        .146857900
  36000.0000 196.779000 0.0        .118205000 .028381100 0.0        .146586100
  46000.0000 193.974000 0.0        .117414000 .028502100 0.0        .145916100
  55000.0000 191.485000 0.0        .116495000 .028611400 0.0        .145106400
  62000.0000 189.573000 0.0        .115659000 .028696700 0.0        .144355700
  64000.0000 189.030000 0.0        .115402000 .028721100 0.0        .144123100
  86000.0000 183.170000 0.0        .112136000 .028991700 0.0        .141127700
  110000.000 176.997000 0.0        .107813000 .029290100 0.0        .137103100
  123871.000 174.491000 0.0        .105847000 .029415400 0.0        .135262400
 ==============================================================================
                                 Degrees of Freedom
 ==============================================================================
   Interpolation  J Value  Competition    Neutron   Capture     Fission
        Law
 ==============================================================================
 2 (Lin X-Lin Y)     3.00        0.00        1.00       0.00       0.00
 ==============================================================================
 Resonance Parameters
 ==============================================================================
      Energy     Level Competition    Neutron    Capture    Fission      Total
                Spacing      Width      Width      Width      Width      Width
        (eV)       (eV)       (eV)       (eV)       (eV)       (eV)       (eV)
 ==============================================================================
  3796.50200 169.516000 0.0        .097513700 .024738700 0.0        .122252400
  4000.00000 169.466000 0.0        .097522100 .024741100 0.0        .122263200
  4800.00000 169.270000 0.0        .097554500 .024750900 0.0        .122305400
  6000.00000 168.974000 0.0        .097598000 .024765500 0.0        .122363500
  8500.00000 168.360000 0.0        .097681100 .024795900 0.0        .122477000
  13000.0000 167.263000 0.0        .097749900 .024850800 0.0        .122600700
  22000.0000 165.089000 0.0        .097700000 .024960900 0.0        .122660900
  28000.0000 163.657000 0.0        .097529800 .025034600 0.0        .122564400
  30000.0000 163.182000 0.0        .097464200 .025059100 0.0        .122523300
  36000.0000 161.767000 0.0        .097173100 .025132900 0.0        .122306000
  46000.0000 159.439000 0.0        .096509500 .025256500 0.0        .121766000
  55000.0000 157.374000 0.0        .095742200 .025368000 0.0        .121110200
  62000.0000 155.787000 0.0        .095046100 .025455000 0.0        .120501100
  64000.0000 155.337000 0.0        .094832600 .025479900 0.0        .120312500
  86000.0000 150.476000 0.0        .092121000 .025755600 0.0        .117876600
  110000.000 145.357000 0.0        .088540700 .026059300 0.0        .114600000
  123871.000 143.280000 0.0        .086914400 .026186700 0.0        .113101100
 ==============================================================================
                                 Degrees of Freedom
 ==============================================================================
   Interpolation  J Value  Competition    Neutron   Capture     Fission
        Law
 ==============================================================================
 2 (Lin X-Lin Y)     4.00        0.00        1.00       0.00       0.00
 ==============================================================================
 Resonance Parameters
 ==============================================================================
      Energy     Level Competition    Neutron    Capture    Fission      Total
                Spacing      Width      Width      Width      Width      Width
        (eV)       (eV)       (eV)       (eV)       (eV)       (eV)       (eV)
 ==============================================================================
  3796.50200 159.115000 0.0        .113694000 .022692000 0.0        .136386000
  4000.00000 159.068000 0.0        .113700000 .022694300 0.0        .136394300
  4800.00000 158.881000 0.0        .113722000 .022703800 0.0        .136425800
  6000.00000 158.600000 0.0        .113748000 .022717900 0.0        .136465900
  8500.00000 158.017000 0.0        .113788000 .022747400 0.0        .136535400
  13000.0000 156.973000 0.0        .113756000 .022800600 0.0        .136556600
  22000.0000 154.907000 0.0        .113436000 .022907200 0.0        .136343200
  28000.0000 153.546000 0.0        .113041000 .022978600 0.0        .136019600
  30000.0000 153.095000 0.0        .112895000 .023002300 0.0        .135897300
  36000.0000 151.751000 0.0        .112342000 .023073900 0.0        .135415900
  46000.0000 149.539000 0.0        .111189000 .023193600 0.0        .134382600
  55000.0000 147.578000 0.0        .109934000 .023301800 0.0        .133235800
  62000.0000 146.072000 0.0        .108834000 .023386100 0.0        .132220100
  64000.0000 145.644000 0.0        .108502000 .023410300 0.0        .131912300
  86000.0000 141.030000 0.0        .104414000 .023677500 0.0        .128091500
  110000.000 136.173000 0.0        .099259900 .023971800 0.0        .123231700
  123871.000 134.203000 0.0        .096978100 .024095400 0.0        .121073500
 ==============================================================================
 Atomic Weight Ratio of Isotope------- 98.0748200
 L Value------------------------------          2
 Number of J Values-------------------          6
 ==============================================================================
                                 Degrees of Freedom
 ==============================================================================
   Interpolation  J Value  Competition    Neutron   Capture     Fission
        Law
 ==============================================================================
 2 (Lin X-Lin Y)     0.00        0.00        1.00       0.00       0.00
 ==============================================================================
 Resonance Parameters
 ==============================================================================
      Energy     Level Competition    Neutron    Capture    Fission      Total
                Spacing      Width      Width      Width      Width      Width
        (eV)       (eV)       (eV)       (eV)       (eV)       (eV)       (eV)
 ==============================================================================
  3796.50200 895.036000 0.0        .039406300 .030919900 0.0        .070326200
  4000.00000 894.778000 0.0        .039396300 .030922100 0.0        .070318400
  4800.00000 893.760000 0.0        .039356800 .030931300 0.0        .070288100
  6000.00000 892.230000 0.0        .039297300 .030944900 0.0        .070242200
  8500.00000 889.051000 0.0        .039173700 .030973300 0.0        .070147000
  13000.0000 883.365000 0.0        .038952800 .031024700 0.0        .069977500
  22000.0000 872.104000 0.0        .038515000 .031128200 0.0        .069643200
  28000.0000 864.683000 0.0        .038226500 .031197600 0.0        .069424100
  30000.0000 862.222000 0.0        .038130600 .031220700 0.0        .069351300
  36000.0000 854.890000 0.0        .037845500 .031290300 0.0        .069135800
  46000.0000 842.818000 0.0        .037376000 .031407100 0.0        .068783100
  55000.0000 832.107000 0.0        .036959200 .031512700 0.0        .068471900
  62000.0000 823.877000 0.0        .036638800 .031595300 0.0        .068234100
  64000.0000 821.542000 0.0        .036547900 .031618900 0.0        .068166800
  86000.0000 796.311000 0.0        .035564400 .031883600 0.0        .067448000
  110000.000 769.725000 0.0        .034526500 .032176200 0.0        .066702700
  123871.000 758.930000 0.0        .034104300 .032299400 0.0        .066403700
 ==============================================================================
                                 Degrees of Freedom
 ==============================================================================
   Interpolation  J Value  Competition    Neutron   Capture     Fission
        Law
 ==============================================================================
 2 (Lin X-Lin Y)     1.00        0.00        1.00       0.00       0.00
 ==============================================================================
 Resonance Parameters
 ==============================================================================
      Energy     Level Competition    Neutron    Capture    Fission      Total
                Spacing      Width      Width      Width      Width      Width
        (eV)       (eV)       (eV)       (eV)       (eV)       (eV)       (eV)
 ==============================================================================
  3796.50200 312.702000 0.0        .015876700 .027003700 0.0        .042880400
  4000.00000 312.612000 0.0        .015872300 .027006100 0.0        .042878400
  4800.00000 312.255000 0.0        .015854900 .027016300 0.0        .042871200
  6000.00000 311.719000 0.0        .015828700 .027031500 0.0        .042860200
  8500.00000 310.604000 0.0        .015774200 .027063100 0.0        .042837300
  13000.0000 308.611000 0.0        .015677000 .027120100 0.0        .042797100
  22000.0000 304.665000 0.0        .015484200 .027234700 0.0        .042718900
  28000.0000 302.064000 0.0        .015357300 .027311400 0.0        .042668700
  30000.0000 301.201000 0.0        .015315100 .027337000 0.0        .042652100
  36000.0000 298.631000 0.0        .015189700 .027413900 0.0        .042603600
  46000.0000 294.401000 0.0        .014983400 .027542600 0.0        .042526000
  55000.0000 290.647000 0.0        .014800300 .027659000 0.0        .042459300
  62000.0000 287.763000 0.0        .014659700 .027749800 0.0        .042409500
  64000.0000 286.945000 0.0        .014619800 .027775800 0.0        .042395600
  86000.0000 278.105000 0.0        .014188600 .028064800 0.0        .042253400
  110000.000 268.791000 0.0        .013734400 .028383200 0.0        .042117600
  123871.000 265.009000 0.0        .013549900 .028517000 0.0        .042066900
 ==============================================================================
                                 Degrees of Freedom
 ==============================================================================
   Interpolation  J Value  Competition    Neutron   Capture     Fission
        Law
 ==============================================================================
 2 (Lin X-Lin Y)     2.00        0.00        1.00       0.00       0.00
 ==============================================================================
 Resonance Parameters
 ==============================================================================
      Energy     Level Competition    Neutron    Capture    Fission      Total
                Spacing      Width      Width      Width      Width      Width
        (eV)       (eV)       (eV)       (eV)       (eV)       (eV)       (eV)
 ==============================================================================
  3796.50200 206.113000 0.0        .010464900 .025653200 0.0        .036118100
  4000.00000 206.053000 0.0        .010461900 .025655600 0.0        .036117500
  4800.00000 205.816000 0.0        .010450400 .025665700 0.0        .036116100
  6000.00000 205.460000 0.0        .010433000 .025680600 0.0        .036113600
  8500.00000 204.721000 0.0        .010396900 .025711800 0.0        .036108700
  13000.0000 203.399000 0.0        .010332300 .025768200 0.0        .036100500
  22000.0000 200.781000 0.0        .010204500 .025881200 0.0        .036085700
  28000.0000 199.056000 0.0        .010120200 .025956900 0.0        .036077100
  30000.0000 198.484000 0.0        .010092300 .025982100 0.0        .036074400
  36000.0000 196.779000 0.0        .010009100 .026058000 0.0        .036067100
  46000.0000 193.974000 0.0        .009872210 .026185000 0.0        .036057210
  55000.0000 191.485000 0.0        .009750760 .026299900 0.0        .036050660
  62000.0000 189.573000 0.0        .009657500 .026389500 0.0        .036047000
  64000.0000 189.030000 0.0        .009631030 .026415200 0.0        .036046230
  86000.0000 183.170000 0.0        .009345110 .026700000 0.0        .036045110
  110000.000 176.997000 0.0        .009043990 .027013900 0.0        .036057890
  123871.000 174.491000 0.0        .008921710 .027145800 0.0        .036067510
 ==============================================================================
                                 Degrees of Freedom
 ==============================================================================
   Interpolation  J Value  Competition    Neutron   Capture     Fission
        Law
 ==============================================================================
 2 (Lin X-Lin Y)     3.00        0.00        1.00       0.00       0.00
 ==============================================================================
 Resonance Parameters
 ==============================================================================
      Energy     Level Competition    Neutron    Capture    Fission      Total
                Spacing      Width      Width      Width      Width      Width
        (eV)       (eV)       (eV)       (eV)       (eV)       (eV)       (eV)
 ==============================================================================
  3796.50200 169.516000 0.0        .008606760 .023122600 0.0        .031729360
  4000.00000 169.466000 0.0        .008604330 .023125000 0.0        .031729330
  4800.00000 169.270000 0.0        .008594740 .023135200 0.0        .031729940
  6000.00000 168.974000 0.0        .008580300 .023150300 0.0        .031730600
  8500.00000 168.360000 0.0        .008550290 .023181800 0.0        .031732090
  13000.0000 167.263000 0.0        .008496670 .023238700 0.0        .031735370
  22000.0000 165.089000 0.0        .008390460 .023352700 0.0        .031743160
  28000.0000 163.657000 0.0        .008320520 .023429000 0.0        .031749520
  30000.0000 163.182000 0.0        .008297280 .023454400 0.0        .031751680
  36000.0000 161.767000 0.0        .008228210 .023530800 0.0        .031759010
  46000.0000 159.439000 0.0        .008114570 .023658800 0.0        .031773370
  55000.0000 157.374000 0.0        .008013760 .023774400 0.0        .031788160
  62000.0000 155.787000 0.0        .007936350 .023864700 0.0        .031801050
  64000.0000 155.337000 0.0        .007914370 .023890500 0.0        .031804870
  86000.0000 150.476000 0.0        .007677110 .024176400 0.0        .031853510
  110000.000 145.357000 0.0        .007427310 .024491300 0.0        .031918610
  123871.000 143.280000 0.0        .007325900 .024623600 0.0        .031949500
 ==============================================================================
                                 Degrees of Freedom
 ==============================================================================
   Interpolation  J Value  Competition    Neutron   Capture     Fission
        Law
 ==============================================================================
 2 (Lin X-Lin Y)     4.00        0.00        1.00       0.00       0.00
 ==============================================================================
 Resonance Parameters
 ==============================================================================
      Energy     Level Competition    Neutron    Capture    Fission      Total
                Spacing      Width      Width      Width      Width      Width
        (eV)       (eV)       (eV)       (eV)       (eV)       (eV)       (eV)
 ==============================================================================
  3796.50200 159.115000 0.0        .008078690 .021507500 0.0        .029586190
  4000.00000 159.068000 0.0        .008076370 .021509800 0.0        .029586170
  4800.00000 158.881000 0.0        .008067250 .021519600 0.0        .029586850
  6000.00000 158.600000 0.0        .008053520 .021534100 0.0        .029587620
  8500.00000 158.017000 0.0        .008024980 .021564400 0.0        .029589380
  13000.0000 156.973000 0.0        .007973980 .021619100 0.0        .029593080
  22000.0000 154.907000 0.0        .007872990 .021728800 0.0        .029601790
  28000.0000 153.546000 0.0        .007806500 .021802100 0.0        .029608600
  30000.0000 153.095000 0.0        .007784400 .021826500 0.0        .029610900
  36000.0000 151.751000 0.0        .007718740 .021900100 0.0        .029618840
  46000.0000 149.539000 0.0        .007610740 .022023200 0.0        .029633940
  55000.0000 147.578000 0.0        .007514940 .022134300 0.0        .029649240
  62000.0000 146.072000 0.0        .007441400 .022221100 0.0        .029662500
  64000.0000 145.644000 0.0        .007420520 .022246000 0.0        .029666520
  86000.0000 141.030000 0.0        .007195170 .022520900 0.0        .029716070
  110000.000 136.173000 0.0        .006958030 .022823800 0.0        .029781830
  123871.000 134.203000 0.0        .006861790 .022950900 0.0        .029812690
 ==============================================================================
                                 Degrees of Freedom
 ==============================================================================
   Interpolation  J Value  Competition    Neutron   Capture     Fission
        Law
 ==============================================================================
 2 (Lin X-Lin Y)     5.00        0.00        1.00       0.00       0.00
 ==============================================================================
 Resonance Parameters
 ==============================================================================
      Energy     Level Competition    Neutron    Capture    Fission      Total
                Spacing      Width      Width      Width      Width      Width
        (eV)       (eV)       (eV)       (eV)       (eV)       (eV)       (eV)
 ==============================================================================
  3796.50200 164.671000 0.0        .007250090 .019627300 0.0        .026877390
  4000.00000 164.622000 0.0        .007248150 .019629600 0.0        .026877750
  4800.00000 164.425000 0.0        .007240480 .019639000 0.0        .026879480
  6000.00000 164.130000 0.0        .007228930 .019652900 0.0        .026881830
  8500.00000 163.517000 0.0        .007204940 .019681900 0.0        .026886840
  13000.0000 162.420000 0.0        .007162050 .019734400 0.0        .026896450
  22000.0000 160.249000 0.0        .007077120 .019839500 0.0        .026916620
  28000.0000 158.819000 0.0        .007021170 .019909700 0.0        .026930870
  30000.0000 158.345000 0.0        .007002600 .019933200 0.0        .026935800
  36000.0000 156.933000 0.0        .006947340 .020003600 0.0        .026950940
  46000.0000 154.610000 0.0        .006856410 .020121600 0.0        .026978010
  55000.0000 152.551000 0.0        .006775750 .020228100 0.0        .027003850
  62000.0000 150.969000 0.0        .006713790 .020311300 0.0        .027025090
  64000.0000 150.521000 0.0        .006696200 .020335100 0.0        .027031300
  86000.0000 145.679000 0.0        .006506220 .020598400 0.0        .027104620
  110000.000 140.586000 0.0        .006306050 .020888400 0.0        .027194450
  123871.000 138.520000 0.0        .006224740 .021010200 0.0        .027234940
 ------------------------------------------------------------------------------
 WARNING...WARNING...WARNING...WARNING...WARNING...WARNING...WARNING...WARNING
 FOR L =  2 Expect Sum of Statistical Weights (GJ) to Equal
 (2*L + 1) =  5.000
 Found     =  3.000
 Corrective Action Will be Taken to Correctly Calculate
 the Potential Scattering Cross Section - This Procedure is
 Based on the Decision of the National Nuclear Data Center,
 Brookhaven National Laboratory, Private Communication,
 Charles Dunford, (April 1991)
 ==============================================================================
 Summary of Calculated MT #
 ------------------------------------------------------------------------------
    1    2  102
 ==============================================================================
 Reconstructing Cross Sections from Resonance Parameters
 ==============================================================================
        E-Low     E-High   Points   Type of Resonance Region
        (eV)       (eV)   Generated Messages
 ==============================================================================
   1.00000E-5 3796.50200      32858 Resolved
 ==============================================================================
 Entire Resonance Region      32858 Points
 ==============================================================================
 Summary of Output MT #
 ------------------------------------------------------------------------------
    1    2  102
 ==============================================================================
 Combining File 2 and File 3 Data
 ==============================================================================
 Reaction   MT  File 2  File 3  Combined
                Points  Points    Points Comments
 ==============================================================================
    Total    1   32858       0     32858 No Background. Output Resonance Part.
  Elastic    2   32858       0     32858 No Background. Output Resonance Part.
  Capture  102   32858       0     32858 No Background. Output Resonance Part.
 ==============================================================================
 ------------------------------------------------------------------------------
 All Cross Sections Read. Maximum Tabulated Energy =  3796.50200 eV
 ------------------------------------------------------------------------------
 ===============================================================================
      MAT Total Execution Time                0.24 Seconds
 ===============================================================================
 ******************************************************************************
 End of ENDF/B Input Data
 ******************************************************************************
 Core Allocation and Requirements
 ==============================================================================
         Sections   Nodes Parameter
                            Storage
 ==============================================================================
 Allocated    100  100000    100000
 Required      15      82       315
 ==============================================================================
 End of Run
 ==============================================================================
 ===============================================================================
 SIGMA1   Total Execution Time                0.24 Seconds
 ===============================================================================
