 Calculate Cross Sections from Resonance Parameters (RECENT 2017-2)
 ==============================================================================
 Retrieval Criteria-----------        MAT
 File 2 Mimimum Cross Section- 1.0000E-10                     
 Reactions with No Background-     Output (Resonance Contribution)
 Calculate/Edit Mode----------  Calculate. List Resonance Parameters.  
 Negative Cross Sections------   Make = 0 (No Negative Output)     
 Monitor Mode-----------------         On
 ==============================================================================
 ENDF/B Input and Output Data Filenames
 /Users/koning/talys/structure/resfiles/default/n-Y089.res.default       
 n-Y089.res.point0                                                       
 ==============================================================================
 Requested MAT Ranges
 ==============================================================================
    Mimimum    Maximum
 ==============================================================================
          1       9999
 ==============================================================================
 File 2 Reconstruction Error
 ==============================================================================
      Energy      Error   per-cent
 ==============================================================================
  0.0         .001000000      0.100 (Default Option)
 ==============================================================================
 ENDF/B Tape Label
 ==============================================================================
                                                                   7000
 ******************************************************************************
 Processing  39-Y -89  MAT= 3925
 ******************************************************************************
 Based on the Format and Contents of MF=1, MT=451
 (1) ENDF/B-VI Format.
 (2) Material is NOT Fissile (LFI=0).
 (3) Resonance Parameters are Given (LRP=1).
 (4) Projectile ZA =      1 (Neutron).
 (5) Temperature of Background  0.0        Kelvin.
 ==============================================================================
 Listing of All Resonance Parameters
 ==============================================================================
 Element or Material------------------ 39-Y -89 
 Atomic Weight Ratio------------------ 88.1421000
 Number of Isotopes-------------------          1
 ==============================================================================
 Isotope Number-----------------------          1
 Isotope------------------------------ 39-Y -89 
 Fractional Abundance----------------- 1.00000000
 LFW (Fission Widths)-----------------          0 (No Fission Widths)        
 Number of Energy Ranges--------------          2
 ==============================================================================
 Lower Limit of the Energy Range------ 1.00000E-5 eV
 Upper Limit of the Energy Range------ 278161.500 eV
 LRU (Type of Region)-----------------          1 (Resolved Region)          
 LRF (Type of Resolved Parameters)----          2 (Multi-Level Breit-Wigner) 
 NRO (Scattering Radius)--------------          0 (Energy Independent)        
 NAPS (Channel Radius)----------------          1 (= Scattering Radius)       
 ==============================================================================
 Nuclear Spin of Target--------------- .500000000
 Effective Scattering Radius (A+)----- .674000000
 Number of L Values-------------------          3
 ==============================================================================
 Atomic Weight Ratio of Isotope------- 88.1421000
 Competitive Reaction Q Value--------- 0.0        eV
 Angular Momentum (L)-----------------          0
 LRX (Competitive Widths)-------------          0 (No Competitive Widths)                 
 Number of Resonances-----------------        107
 ==============================================================================
 Multi-Level Breit-Wigner Resonance Parameters
 ==============================================================================
      Energy  J Value      Total    Neutron    Capture    Fission Competition
        (eV)                (eV)       (eV)       (eV)       (eV)        (eV)
 ==============================================================================
  7498.00000   0.00   65.3160000 65.2000000 .116000000 0.0         0.0       
  11592.0000   0.00   62.5420000 62.0000000 .542000000 0.0         0.0       
  15233.0000   0.00   58.8920000 58.8000000 .092000000 0.0         0.0       
  26400.0000   0.00   97.7280000 97.6000000 .128000000 0.0         0.0       
  52944.0000   0.00   700.172100 700.000000 .172111100 0.0         0.0       
  91777.0000   0.00   52.1721100 52.0000000 .172111100 0.0         0.0       
  103145.400   0.00   57.0849200 56.8679200 .217000000 0.0         0.0       
  105920.000   0.00   424.172100 424.000000 .172111100 0.0         0.0       
  115118.100   0.00   197.549200 197.332200 .217000000 0.0         0.0       
  116861.500   0.00   374.887200 374.670200 .217000000 0.0         0.0       
  131866.900   0.00   17.1458100 16.9288100 .217000000 0.0         0.0       
  136200.000   0.00   515.245600 515.028600 .217000000 0.0         0.0       
  146104.200   0.00   5.64635500 5.42935500 .217000000 0.0         0.0       
  148200.000   0.00   424.172100 424.000000 .172111100 0.0         0.0       
  152310.000   0.00   80.1721100 80.0000000 .172111100 0.0         0.0       
  168530.000   0.00   70.1721100 70.0000000 .172111100 0.0         0.0       
  169500.000   0.00   476.172100 476.000000 .172111100 0.0         0.0       
  169946.000   0.00   113.428000 113.211000 .217000000 0.0         0.0       
  179029.600   0.00   70.6484400 70.4314400 .217000000 0.0         0.0       
  185120.000   0.00   88.1721100 88.0000000 .172111100 0.0         0.0       
  187454.600   0.00   29.8331400 29.6161400 .217000000 0.0         0.0       
  187550.000   0.00   232.172100 232.000000 .172111100 0.0         0.0       
  209722.200   0.00   170.705000 170.488000 .217000000 0.0         0.0       
  228484.800   0.00   .435817800 .218817800 .217000000 0.0         0.0       
  245726.700   0.00   288.991000 288.774000 .217000000 0.0         0.0       
  255522.500   0.00   4.21326500 3.99626500 .217000000 0.0         0.0       
  257901.500   0.00   48.5910400 48.3740400 .217000000 0.0         0.0       
  264445.400   0.00   91.2733800 91.0563800 .217000000 0.0         0.0       
  276418.100   0.00   305.997200 305.780200 .217000000 0.0         0.0       
  278161.500   0.00   578.262300 578.045300 .217000000 0.0         0.0       
 ------------------------------------------------------------------------------
 -251.000000   1.00   3.33578800 3.20978800 .126000000 0.0         0.0       
  2598.00000   1.00   .984333300 .853333300 .131000000 0.0         0.0       
  13784.0000   1.00   1.97566700 1.86666700 .109000000 0.0         0.0       
  26942.0000   1.00   3.70600000 3.60000000 .106000000 0.0         0.0       
  29648.0000   1.00   91.4843400 91.3333400 .151000000 0.0         0.0       
  38064.0000   1.00   12.8406700 12.6666700 .174000000 0.0         0.0       
  42138.0000   1.00   82.8387700 82.6666600 .172111100 0.0         0.0       
  50291.0000   1.00   6.83877800 6.66666700 .172111100 0.0         0.0       
  52865.0000   1.00   36.1721100 36.0000000 .172111100 0.0         0.0       
  56120.0000   1.00   45.5054400 45.3333300 .172111100 0.0         0.0       
  64669.0000   1.00   50.8387800 50.6666700 .172111100 0.0         0.0       
  67823.0000   1.00   117.505400 117.333300 .172111100 0.0         0.0       
  69800.0000   1.00   21.5054400 21.3333300 .172111100 0.0         0.0       
  76200.0000   1.00   98.8387700 98.6666600 .172111100 0.0         0.0       
  78952.0000   1.00   10.3054400 10.1333300 .172111100 0.0         0.0       
  83204.0000   1.00   288.172100 288.000000 .172111100 0.0         0.0       
  97820.0000   1.00   25.5054400 25.3333300 .172111100 0.0         0.0       
  100490.000   1.00   4.17211100 4.00000000 .172111100 0.0         0.0       
  101930.000   1.00   2.83877800 2.66666700 .172111100 0.0         0.0       
  101970.000   1.00   17.5054400 17.3333300 .172111100 0.0         0.0       
  103286.000   1.00   1.95702500 1.74002500 .217000000 0.0         0.0       
  103940.000   1.00   12.1721100 12.0000000 .172111100 0.0         0.0       
  106013.600   1.00   34.4951700 34.2781700 .217000000 0.0         0.0       
  109760.000   1.00   36.1721100 36.0000000 .172111100 0.0         0.0       
  110527.900   1.00   .244261400 .027261400 .217000000 0.0         0.0       
  111930.000   1.00   46.8387800 46.6666700 .172111100 0.0         0.0       
  114486.800   1.00   168.704500 168.487500 .217000000 0.0         0.0       
  115300.000   1.00   237.505400 237.333300 .172111100 0.0         0.0       
  117638.500   1.00   19.4919400 19.2749400 .217000000 0.0         0.0       
  120910.000   1.00   34.8387800 34.6666700 .172111100 0.0         0.0       
  123728.600   1.00   161.937300 161.720300 .217000000 0.0         0.0       
  123750.000   1.00   53.5054400 53.3333300 .172111100 0.0         0.0       
  128539.400   1.00   114.369700 114.152700 .217000000 0.0         0.0       
  130245.600   1.00   23.6246600 23.4076600 .217000000 0.0         0.0       
  131820.000   1.00   11.5054400 11.3333300 .172111100 0.0         0.0       
  133710.000   1.00   33.5054400 33.3333300 .172111100 0.0         0.0       
  136993.100   1.00   16.8334000 16.6164000 .217000000 0.0         0.0       
  138619.000   1.00   1.66149600 1.44449600 .217000000 0.0         0.0       
  139100.000   1.00   53.5054400 53.3333300 .172111100 0.0         0.0       
  140094.000   1.00   68.9258200 68.7088200 .217000000 0.0         0.0       
  142243.800   1.00   .990821100 .773821100 .217000000 0.0         0.0       
  153388.900   1.00   385.206000 384.989000 .217000000 0.0         0.0       
  154250.000   1.00   56.1721100 56.0000000 .172111100 0.0         0.0       
  157956.400   1.00   53.0213500 52.8043500 .217000000 0.0         0.0       
  161490.600   1.00   58.8692400 58.6522400 .217000000 0.0         0.0       
  164486.700   1.00   113.242300 113.025300 .217000000 0.0         0.0       
  164640.000   1.00   166.838800 166.666700 .172111100 0.0         0.0       
  167321.800   1.00   9.76528100 9.54828100 .217000000 0.0         0.0       
  173305.700   1.00   6.14704600 5.93004600 .217000000 0.0         0.0       
  175547.900   1.00   148.506600 148.289600 .217000000 0.0         0.0       
  175730.000   1.00   145.505400 145.333300 .172111100 0.0         0.0       
  182440.000   1.00   133.505400 133.333300 .172111100 0.0         0.0       
  183532.600   1.00   16.9016800 16.6846800 .217000000 0.0         0.0       
  184600.000   1.00   104.172100 104.000000 .172111100 0.0         0.0       
  188774.700   1.00   1.40105000 1.18405000 .217000000 0.0         0.0       
  192714.800   1.00   79.3222100 79.1052100 .217000000 0.0         0.0       
  195070.100   1.00   47.2331600 47.0161600 .217000000 0.0         0.0       
  197600.000   1.00   4.17211100 4.00000000 .172111100 0.0         0.0       
  200344.300   1.00   4.13927400 3.92227400 .217000000 0.0         0.0       
  204118.500   1.00   106.725000 106.508000 .217000000 0.0         0.0       
  204427.400   1.00   38.3814900 38.1644900 .217000000 0.0         0.0       
  209651.300   1.00   3.71445200 3.49745200 .217000000 0.0         0.0       
  210997.800   1.00   .464962600 .247962600 .217000000 0.0         0.0       
  220009.500   1.00   9.01529600 8.79829600 .217000000 0.0         0.0       
  221901.900   1.00   13.6426700 13.4256700 .217000000 0.0         0.0       
  226445.900   1.00   34.3298200 34.1128200 .217000000 0.0         0.0       
  229220.900   1.00   24.9400700 24.7230700 .217000000 0.0         0.0       
  232125.100   1.00   62.3606100 62.1436100 .217000000 0.0         0.0       
  236633.700   1.00   .308916100 .091916100 .217000000 0.0         0.0       
  244687.600   1.00   42.8597500 42.6427500 .217000000 0.0         0.0       
  245681.800   1.00   110.685900 110.468900 .217000000 0.0         0.0       
  249767.600   1.00   6.78057000 6.56357000 .217000000 0.0         0.0       
  256150.800   1.00   12.0287000 11.8117000 .217000000 0.0         0.0       
  259586.100   1.00   18.1673000 17.9503000 .217000000 0.0         0.0       
  264585.900   1.00   3.00195600 2.78495600 .217000000 0.0         0.0       
  267313.600   1.00   54.6481400 54.4311400 .217000000 0.0         0.0       
  271827.900   1.00   .259752300 .042752270 .217000000 0.0         0.0       
 ==============================================================================
 Atomic Weight Ratio of Isotope------- 88.1421000
 Competitive Reaction Q Value--------- 0.0        eV
 Angular Momentum (L)-----------------          1
 LRX (Competitive Widths)-------------          0 (No Competitive Widths)                 
 Number of Resonances-----------------        166
 ------------------------------------------------------------------------------
 WARNING...WARNING...WARNING...WARNING...WARNING...WARNING...WARNING...WARNING
 L= 1 J =  1.000 Corresponds to 2 Resonance Sequences.
 ------------------------------------------------------------------------------
 ==============================================================================
 Multi-Level Breit-Wigner Resonance Parameters
 ==============================================================================
      Energy  J Value      Total    Neutron    Capture    Fission Competition
        (eV)                (eV)       (eV)       (eV)       (eV)        (eV)
 ==============================================================================
  9743.00000   0.00   4.70400000 4.58000000 .124000000 0.0         0.0       
  11590.0000   0.00   12.1650000 12.0000000 .165000000 0.0         0.0       
  13015.0000   0.00   18.3040000 18.0000000 .304000000 0.0         0.0       
  14230.0000   0.00   9.28500000 8.80000000 .485000000 0.0         0.0       
  20320.0000   0.00   22.2510000 22.0000000 .251000000 0.0         0.0       
  23731.0000   0.00   6.69968000 6.40000000 .299680000 0.0         0.0       
  35460.0000   0.00   2.85000000 2.60000000 .250000000 0.0         0.0       
  35535.0000   0.00   56.1000000 56.0000000 .100000000 0.0         0.0       
  38348.0000   0.00   28.1290000 28.0000000 .129000000 0.0         0.0       
  41527.0000   0.00   6.94148400 6.40000000 .541483800 0.0         0.0       
  42712.0000   0.00   8.54148400 8.00000000 .541483800 0.0         0.0       
  44599.0000   0.00   6.54148400 6.00000000 .541483800 0.0         0.0       
  51910.0000   0.00   6.60254500 6.00000000 .602545400 0.0         0.0       
  52035.0000   0.00   4.60254500 4.00000000 .602545400 0.0         0.0       
  55242.0000   0.00   3.00254500 2.40000000 .602545400 0.0         0.0       
  56582.0000   0.00   20.6025400 20.0000000 .602545400 0.0         0.0       
  56680.0000   0.00   28.6025400 28.0000000 .602545400 0.0         0.0       
  69070.0000   0.00   20.6025400 20.0000000 .602545400 0.0         0.0       
  74490.0000   0.00   20.6025400 20.0000000 .602545400 0.0         0.0       
  75628.0000   0.00   12.6025500 12.0000000 .602545400 0.0         0.0       
  75977.0000   0.00   12.6025500 12.0000000 .602545400 0.0         0.0       
  83180.0000   0.00   20.6025400 20.0000000 .602545400 0.0         0.0       
  84860.0000   0.00   36.6025500 36.0000000 .602545400 0.0         0.0       
  84986.0000   0.00   16.6025400 16.0000000 .602545400 0.0         0.0       
  85580.0000   0.00   160.602500 160.000000 .602545400 0.0         0.0       
  89173.0000   0.00   20.6025400 20.0000000 .602545400 0.0         0.0       
  89990.0000   0.00   24.6025400 24.0000000 .602545400 0.0         0.0       
  96040.0000   0.00   20.6025400 20.0000000 .602545400 0.0         0.0       
  98740.0000   0.00   12.6025500 12.0000000 .602545400 0.0         0.0       
  107610.000   0.00   52.6025500 52.0000000 .602545400 0.0         0.0       
  109450.000   0.00   48.6025500 48.0000000 .602545400 0.0         0.0       
  111060.000   0.00   36.6025500 36.0000000 .602545400 0.0         0.0       
  119960.000   0.00   20.6025400 20.0000000 .602545400 0.0         0.0       
  120010.000   0.00   18.6025400 18.0000000 .602545400 0.0         0.0       
  120090.000   0.00   56.6025500 56.0000000 .602545400 0.0         0.0       
  122710.000   0.00   236.602500 236.000000 .602545400 0.0         0.0       
  127950.000   0.00   72.6025500 72.0000000 .602545400 0.0         0.0       
  130430.000   0.00   64.6025500 64.0000000 .602545400 0.0         0.0       
  131640.000   0.00   16.6025400 16.0000000 .602545400 0.0         0.0       
  131790.000   0.00   16.6025400 16.0000000 .602545400 0.0         0.0       
  132520.000   0.00   36.6025500 36.0000000 .602545400 0.0         0.0       
  133140.000   0.00   36.6025500 36.0000000 .602545400 0.0         0.0       
  139040.000   0.00   20.6025400 20.0000000 .602545400 0.0         0.0       
  140190.000   0.00   20.6025400 20.0000000 .602545400 0.0         0.0       
  143890.000   0.00   38.6025500 38.0000000 .602545400 0.0         0.0       
  144670.000   0.00   20.6025400 20.0000000 .602545400 0.0         0.0       
  159840.000   0.00   96.6025500 96.0000000 .602545400 0.0         0.0       
  163970.000   0.00   84.6025500 84.0000000 .602545400 0.0         0.0       
  164600.000   0.00   1376.60300 1376.00000 .602545400 0.0         0.0       
  164660.500   0.00   2480.35700 2480.14000 .217000000 0.0         0.0       
  172750.000   0.00   136.602500 136.000000 .602545400 0.0         0.0       
  179080.000   0.00   32.6025500 32.0000000 .602545400 0.0         0.0       
  179920.000   0.00   48.6025500 48.0000000 .602545400 0.0         0.0       
  189830.000   0.00   20.6025400 20.0000000 .602545400 0.0         0.0       
  191330.000   0.00   540.602500 540.000000 .602545400 0.0         0.0       
  192000.000   0.00   28.6025400 28.0000000 .602545400 0.0         0.0       
  193122.700   0.00   760.406100 760.189100 .217000000 0.0         0.0       
  193620.000   0.00   40.6025500 40.0000000 .602545400 0.0         0.0       
  199920.000   0.00   64.6025500 64.0000000 .602545400 0.0         0.0       
  206800.900   0.00   1777.34000 1777.12300 .217000000 0.0         0.0       
  229667.600   0.00   810.384100 810.167100 .217000000 0.0         0.0       
  244523.300   0.00   1540.79300 1540.57600 .217000000 0.0         0.0       
 ------------------------------------------------------------------------------
  2609.00000   1.00   1.93833300 1.41333300 .525000000 0.0         0.0       
  3381.00000   1.00   .460333300 .373333300 .087000000 0.0         0.0       
  9415.00000   1.00   3.49733300 3.33333300 .164000000 0.0         0.0       
  28221.0000   1.00   4.92866700 4.66666700 .262000000 0.0         0.0       
  29370.0000   1.00   77.6603400 77.3333400 .327000000 0.0         0.0       
  30153.0000   1.00   20.3900000 20.0000000 .390000000 0.0         0.0       
  32933.0000   1.00   18.8246700 18.6666700 .158000000 0.0         0.0       
  34848.0000   1.00   90.8036600 90.6666600 .137000000 0.0         0.0       
  41008.0000   1.00   20.1710000 20.0000000 .171000000 0.0         0.0       
  51703.0000   1.00   60.6025500 60.0000000 .602545400 0.0         0.0       
  52140.0000   1.00   72.6025500 72.0000000 .602545400 0.0         0.0       
  55330.0000   1.00   47.2692100 46.6666700 .602545400 0.0         0.0       
  56365.0000   1.00   97.9358800 97.3333400 .602545400 0.0         0.0       
  61695.0000   1.00   16.6025400 16.0000000 .602545400 0.0         0.0       
  62459.0000   1.00   53.9358700 53.3333300 .602545400 0.0         0.0       
  65489.0000   1.00   107.269200 106.666700 .602545400 0.0         0.0       
  75107.0000   1.00   27.2692100 26.6666700 .602545400 0.0         0.0       
  75740.0000   1.00   203.269200 202.666700 .602545400 0.0         0.0       
  76940.0000   1.00   493.935900 493.333300 .602545400 0.0         0.0       
  85210.0000   1.00   40.6025500 40.0000000 .602545400 0.0         0.0       
  92538.0000   1.00   245.935900 245.333300 .602545400 0.0         0.0       
  97269.0000   1.00   55.2692100 54.6666700 .602545400 0.0         0.0       
  100590.000   1.00   19.2692100 18.6666700 .602545400 0.0         0.0       
  104170.000   1.00   84.6025500 84.0000000 .602545400 0.0         0.0       
  106850.000   1.00   8.60254600 8.00000000 .602545400 0.0         0.0       
  113970.000   1.00   196.602500 196.000000 .602545400 0.0         0.0       
  119070.000   1.00   535.269200 534.666700 .602545400 0.0         0.0       
  120150.000   1.00   60.6025500 60.0000000 .602545400 0.0         0.0       
  121537.800   1.00   705.566200 705.349200 .217000000 0.0         0.0       
  122960.500   1.00   982.089300 981.872300 .217000000 0.0         0.0       
  124550.000   1.00   556.602500 556.000000 .602545400 0.0         0.0       
  132370.000   1.00   177.935900 177.333300 .602545400 0.0         0.0       
  133200.000   1.00   113.935800 113.333300 .602545400 0.0         0.0       
  133340.000   1.00   469.935900 469.333300 .602545400 0.0         0.0       
  138550.000   1.00   253.935900 253.333300 .602545400 0.0         0.0       
  140040.000   1.00   132.602500 132.000000 .602545400 0.0         0.0       
  140660.000   1.00   488.602500 488.000000 .602545400 0.0         0.0       
  144980.000   1.00   160.602500 160.000000 .602545400 0.0         0.0       
  146820.000   1.00   57.9358700 57.3333300 .602545400 0.0         0.0       
  148510.000   1.00   47.2692100 46.6666700 .602545400 0.0         0.0       
  152074.900   1.00   673.168200 672.951200 .217000000 0.0         0.0       
  153070.000   1.00   181.935900 181.333300 .602545400 0.0         0.0       
  161400.000   1.00   288.602500 288.000000 .602545400 0.0         0.0       
  166910.000   1.00   203.269200 202.666700 .602545400 0.0         0.0       
  170820.000   1.00   213.935900 213.333300 .602545400 0.0         0.0       
  173750.000   1.00   40.6025500 40.0000000 .602545400 0.0         0.0       
  176960.000   1.00   308.602500 308.000000 .602545400 0.0         0.0       
  177590.000   1.00   124.602500 124.000000 .602545400 0.0         0.0       
  181600.000   1.00   129.935900 129.333300 .602545400 0.0         0.0       
  182946.800   1.00   554.958100 554.741100 .217000000 0.0         0.0       
  184978.400   1.00   705.309500 705.092500 .217000000 0.0         0.0       
  186510.000   1.00   233.935900 233.333300 .602545400 0.0         0.0       
  190210.000   1.00   48.6025500 48.0000000 .602545400 0.0         0.0       
  193358.000   1.00   1569.85100 1569.63400 .217000000 0.0         0.0       
  196007.400   1.00   1155.83800 1155.62100 .217000000 0.0         0.0       
  200160.000   1.00   219.269200 218.666700 .602545400 0.0         0.0       
  203424.700   1.00   507.999800 507.782800 .217000000 0.0         0.0       
  218460.200   1.00   1182.87500 1182.65800 .217000000 0.0         0.0       
  230238.200   1.00   643.768000 643.551000 .217000000 0.0         0.0       
  231515.500   1.00   1066.62600 1066.40900 .217000000 0.0         0.0       
 ------------------------------------------------------------------------------
  4779.00000   2.00   .276025000 .028400000 .247625000 0.0         0.0       
  5715.00000   2.00   .323625000 .076000000 .247625000 0.0         0.0       
  7267.00000   2.00   .295625000 .048000000 .247625000 0.0         0.0       
  16590.0000   2.00   .800000000 .500000000 .300000000 0.0         0.0       
  17130.0000   2.00   .800000000 .500000000 .300000000 0.0         0.0       
  18600.0000   2.00   .800000000 .500000000 .300000000 0.0         0.0       
  23070.0000   2.00   21.4800000 21.2000000 .280000000 0.0         0.0       
  24177.0000   2.00   12.9100000 12.8000000 .110000000 0.0         0.0       
  24625.0000   2.00   32.3000000 32.0000000 .300000000 0.0         0.0       
  38314.0000   2.00   8.32400000 8.00000000 .324000000 0.0         0.0       
  62661.0000   2.00   206.202500 205.600000 .602545400 0.0         0.0       
  68621.0000   2.00   169.402500 168.800000 .602545400 0.0         0.0       
  70486.0000   2.00   48.6025500 48.0000000 .602545400 0.0         0.0       
  83525.0000   2.00   60.6025500 60.0000000 .602545400 0.0         0.0       
  85440.0000   2.00   130.202500 129.600000 .602545400 0.0         0.0       
  89835.0000   2.00   203.802600 203.200000 .602545400 0.0         0.0       
  94125.0000   2.00   20.6025400 20.0000000 .602545400 0.0         0.0       
  102580.000   2.00   28.6025400 28.0000000 .602545400 0.0         0.0       
  104120.000   2.00   12.6025500 12.0000000 .602545400 0.0         0.0       
  105910.000   2.00   10.2025500 9.60000000 .602545400 0.0         0.0       
  112740.000   2.00   332.602500 332.000000 .602545400 0.0         0.0       
  117200.000   2.00   85.4025400 84.8000000 .602545400 0.0         0.0       
  123110.000   2.00   88.6025500 88.0000000 .602545400 0.0         0.0       
  127210.000   2.00   259.802600 259.200000 .602545400 0.0         0.0       
  133500.000   2.00   33.4025500 32.8000000 .602545400 0.0         0.0       
  136120.000   2.00   256.602500 256.000000 .602545400 0.0         0.0       
  140540.000   2.00   40.6025500 40.0000000 .602545400 0.0         0.0       
  141770.000   2.00   270.202500 269.600000 .602545400 0.0         0.0       
  141771.100   2.00   1324.67700 1324.46000 .217000000 0.0         0.0       
  144080.000   2.00   120.602500 120.000000 .602545400 0.0         0.0       
  150740.000   2.00   140.602500 140.000000 .602545400 0.0         0.0       
  161310.000   2.00   522.202600 521.600000 .602545400 0.0         0.0       
  166170.000   2.00   160.602500 160.000000 .602545400 0.0         0.0       
  171360.000   2.00   170.202500 169.600000 .602545400 0.0         0.0       
  175870.000   2.00   132.602500 132.000000 .602545400 0.0         0.0       
  176860.000   2.00   527.002600 526.400000 .602545400 0.0         0.0       
  181260.000   2.00   800.602500 800.000000 .602545400 0.0         0.0       
  189440.000   2.00   134.202500 133.600000 .602545400 0.0         0.0       
  193990.000   2.00   280.602500 280.000000 .602545400 0.0         0.0       
  195460.000   2.00   119.802500 119.200000 .602545400 0.0         0.0       
  236228.600   2.00   789.762700 789.545700 .217000000 0.0         0.0       
  253756.100   2.00   726.855000 726.638000 .217000000 0.0         0.0       
  258007.600   2.00   554.290400 554.073400 .217000000 0.0         0.0       
  264267.200   2.00   969.309000 969.092000 .217000000 0.0         0.0       
 ------------------------------------------------------------------------------
 WARNING...WARNING...WARNING...WARNING...WARNING...WARNING...WARNING...WARNING
 FOR L =  1 Expect Sum of Statistical Weights (GJ) to Equal
 (2*L + 1) =  3.000
 Found     =  2.250
 Corrective Action Will be Taken to Correctly Calculate
 the Potential Scattering Cross Section - This Procedure is
 Based on the Decision of the National Nuclear Data Center,
 Brookhaven National Laboratory, Private Communication,
 Charles Dunford, (April 1991)
 ==============================================================================
 Atomic Weight Ratio of Isotope------- 88.1421000
 Competitive Reaction Q Value--------- 0.0        eV
 Angular Momentum (L)-----------------          2
 LRX (Competitive Widths)-------------          0 (No Competitive Widths)                 
 Number of Resonances-----------------         62
 ------------------------------------------------------------------------------
 WARNING...WARNING...WARNING...WARNING...WARNING...WARNING...WARNING...WARNING
 L= 2 J =  2.000 Corresponds to 2 Resonance Sequences.
 ------------------------------------------------------------------------------
 ==============================================================================
 Multi-Level Breit-Wigner Resonance Parameters
 ==============================================================================
      Energy  J Value      Total    Neutron    Capture    Fission Competition
        (eV)                (eV)       (eV)       (eV)       (eV)        (eV)
 ==============================================================================
  139196.800   1.00   1.25880800 1.04180800 .217000000 0.0         0.0       
  147422.900   1.00   1.90053400 1.68353400 .217000000 0.0         0.0       
  155407.600   1.00   1.20454000 .987539600 .217000000 0.0         0.0       
  166945.100   1.00   1.70702700 1.49002700 .217000000 0.0         0.0       
  181526.300   1.00   3.35461200 3.13761200 .217000000 0.0         0.0       
  182872.800   1.00   1.03116600 .814166300 .217000000 0.0         0.0       
  193776.900   1.00   1.09382700 .876827400 .217000000 0.0         0.0       
  204000.100   1.00   .993428300 .776428300 .217000000 0.0         0.0       
  208508.700   1.00   1.45875900 1.24175900 .217000000 0.0         0.0       
  221642.600   1.00   2.18351600 1.96651600 .217000000 0.0         0.0       
  228025.700   1.00   2.00830400 1.79130400 .217000000 0.0         0.0       
  231461.000   1.00   1.18255900 .965559500 .217000000 0.0         0.0       
  235275.600   1.00   1.08543000 .868429500 .217000000 0.0         0.0       
  244420.300   1.00   1.03863600 .821636000 .217000000 0.0         0.0       
  249717.300   1.00   2.80347900 2.58647900 .217000000 0.0         0.0       
 ------------------------------------------------------------------------------
  139923.900   2.00   1.99859600 1.78159600 .217000000 0.0         0.0       
  146234.300   2.00   .787356200 .570356200 .217000000 0.0         0.0       
  150928.200   2.00   .875457000 .658457000 .217000000 0.0         0.0       
  154627.800   2.00   1.64264500 1.42564500 .217000000 0.0         0.0       
  155009.400   2.00   .955013300 .738013300 .217000000 0.0         0.0       
  157401.500   2.00   .794221300 .577221300 .217000000 0.0         0.0       
  170493.600   2.00   1.25979500 1.04279500 .217000000 0.0         0.0       
  171853.000   2.00   1.40381900 1.18681900 .217000000 0.0         0.0       
  173590.000   2.00   1.36802700 1.15102700 .217000000 0.0         0.0       
  176869.400   2.00   .845588800 .628588800 .217000000 0.0         0.0       
  185512.300   2.00   1.15065600 .933655600 .217000000 0.0         0.0       
  185691.600   2.00   .855571600 .638571600 .217000000 0.0         0.0       
  190544.300   2.00   1.03227700 .815277300 .217000000 0.0         0.0       
  199911.900   2.00   2.04190500 1.82490500 .217000000 0.0         0.0       
  202605.000   2.00   1.74662300 1.52962300 .217000000 0.0         0.0       
  204633.800   2.00   .962950200 .745950200 .217000000 0.0         0.0       
  211032.400   2.00   1.42708300 1.21008300 .217000000 0.0         0.0       
  212697.700   2.00   2.35415200 2.13715200 .217000000 0.0         0.0       
  219753.800   2.00   1.34579000 1.12879000 .217000000 0.0         0.0       
  222033.200   2.00   .978050200 .761050200 .217000000 0.0         0.0       
  228921.900   2.00   1.15503700 .938037000 .217000000 0.0         0.0       
  231643.400   2.00   3.82184100 3.60484100 .217000000 0.0         0.0       
  234079.100   2.00   3.24164800 3.02464800 .217000000 0.0         0.0       
  237688.900   2.00   .793866300 .576866300 .217000000 0.0         0.0       
  240632.800   2.00   3.37260600 3.15560600 .217000000 0.0         0.0       
  241431.200   2.00   1.16966000 .952660400 .217000000 0.0         0.0       
  242814.000   2.00   5.87004100 5.65304100 .217000000 0.0         0.0       
  250999.100   2.00   1.15239700 .935396700 .217000000 0.0         0.0       
  253251.700   2.00   1.04090300 .823903300 .217000000 0.0         0.0       
  258603.300   2.00   5.87956300 5.66256300 .217000000 0.0         0.0       
  260478.100   2.00   4.34290000 4.12590000 .217000000 0.0         0.0       
  262191.700   2.00   2.23318200 2.01618200 .217000000 0.0         0.0       
 ------------------------------------------------------------------------------
  156114.800   3.00   1.21506900 .998068600 .217000000 0.0         0.0       
  183078.900   3.00   1.27876300 1.06176300 .217000000 0.0         0.0       
  190318.300   3.00   2.14513500 1.92813500 .217000000 0.0         0.0       
  194590.700   3.00   1.28378900 1.06678900 .217000000 0.0         0.0       
  207106.800   3.00   1.07775700 .860757500 .217000000 0.0         0.0       
  210812.200   3.00   1.44123200 1.22423200 .217000000 0.0         0.0       
  211203.300   3.00   1.37232600 1.15532600 .217000000 0.0         0.0       
  216326.600   3.00   .801425300 .584425300 .217000000 0.0         0.0       
  224545.000   3.00   1.23327500 1.01627500 .217000000 0.0         0.0       
  226243.800   3.00   1.42483300 1.20783300 .217000000 0.0         0.0       
  230319.000   3.00   1.05587300 .838873300 .217000000 0.0         0.0       
  248725.500   3.00   .943651500 .726651500 .217000000 0.0         0.0       
  250633.800   3.00   .823471600 .606471600 .217000000 0.0         0.0       
  260238.300   3.00   2.71737100 2.50037100 .217000000 0.0         0.0       
  264845.700   3.00   .926213700 .709213700 .217000000 0.0         0.0       
 ------------------------------------------------------------------------------
 WARNING...WARNING...WARNING...WARNING...WARNING...WARNING...WARNING...WARNING
 FOR L =  2 Expect Sum of Statistical Weights (GJ) to Equal
 (2*L + 1) =  5.000
 Found     =  3.750
 Corrective Action Will be Taken to Correctly Calculate
 the Potential Scattering Cross Section - This Procedure is
 Based on the Decision of the National Nuclear Data Center,
 Brookhaven National Laboratory, Private Communication,
 Charles Dunford, (April 1991)
 ==============================================================================
 Lower Limit of the Energy Range------ 278161.500 eV
 Upper Limit of the Energy Range------ 899880.300 eV
 LRU (Type of Region)-----------------          2 (Unresolved Region)        
 LRF (Energy Dependence of Widths)----          2 (All Energy Dependent)     
 NRO (Scattering Radius)--------------          0 (Energy Independent)        
 NAPS (Channel Radius)----------------          0 (Calculate)                 
 ==============================================================================
 All Unresolved Parameters Energy Dependent
 ==============================================================================
 Nuclear Spin of Target--------------- .500000000
 Effective Scattering Radius (A+)----- .674000000
 LSSF---------------------------------          1 (Included in File 3)
 Number of L Values-------------------          2
 ==============================================================================
 WARNING...WARNING...WARNING...WARNING...WARNING...WARNING...WARNING...WARNING
 Note, LSSF= 1 Indicates that the Resonance Contribution
 has Already been Added to the Cross Sections. This Section
 will be Read, but Ignored in ALL Resonance Calculations.
 ==============================================================================
 Atomic Weight Ratio of Isotope------- 88.1421000
 L Value------------------------------          0
 Number of J Values-------------------          2
 ==============================================================================
                                 Degrees of Freedom
 ==============================================================================
   Interpolation  J Value  Competition    Neutron   Capture     Fission
        Law
 ==============================================================================
 2 (Lin X-Lin Y)     0.00        0.00        1.00       0.00       0.00
 ==============================================================================
 Resonance Parameters
 ==============================================================================
      Energy     Level Competition    Neutron    Capture    Fission      Total
                Spacing      Width      Width      Width      Width      Width
        (eV)       (eV)       (eV)       (eV)       (eV)       (eV)       (eV)
 ==============================================================================
  278161.500 2790.09000 0.0        .121250000 .049135800 0.0        .170385800
  300000.000 2735.09000 0.0        .118574000 .049584100 0.0        .168158100
  320000.000 2681.22000 0.0        .115970000 .050035100 0.0        .166005100
  340000.000 2628.48000 0.0        .113434000 .050489000 0.0        .163923000
  360000.000 2576.82000 0.0        .110964000 .050945700 0.0        .161909700
  380000.000 2526.23000 0.0        .108557000 .051405300 0.0        .159962300
  400000.000 2476.69000 0.0        .106212000 .051867800 0.0        .158079800
  420000.000 2428.17000 0.0        .103925000 .052333200 0.0        .156258200
  440000.000 2380.64000 0.0        .101694000 .052801300 0.0        .154495300
  460000.000 2334.10000 0.0        .099518800 .053272400 0.0        .152791200
  480000.000 2288.51000 0.0        .097396400 .053746400 0.0        .151142800
  500000.000 2243.86000 0.0        .095324700 .054223300 0.0        .149548000
  520000.000 2200.12000 0.0        .093302900 .054703000 0.0        .148005900
  540000.000 2157.28000 0.0        .091329400 .055185700 0.0        .146515100
  560000.000 2115.31000 0.0        .089402600 .055671300 0.0        .145073900
  580000.000 2074.21000 0.0        .087521000 .056160000 0.0        .143681000
  600000.000 2033.94000 0.0        .085683900 .056651600 0.0        .142335500
  620000.000 1994.50000 0.0        .083889000 .057146100 0.0        .141035100
  640000.000 1955.85000 0.0        .082135900 .057643500 0.0        .139779400
  660000.000 1918.00000 0.0        .080423300 .058144000 0.0        .138567300
  680000.000 1880.91000 0.0        .078749900 .058647500 0.0        .137397400
  700000.000 1844.58000 0.0        .077114700 .059154100 0.0        .136268800
  720000.000 1808.98000 0.0        .075517200 .059663700 0.0        .135180900
  740000.000 1774.11000 0.0        .073955300 .060176200 0.0        .134131500
  760000.000 1739.94000 0.0        .072428900 .060691800 0.0        .133120700
  780000.000 1706.46000 0.0        .070937000 .061210500 0.0        .132147500
  800000.000 1673.66000 0.0        .069478400 .061732200 0.0        .131210600
  820000.000 1641.52000 0.0        .068052400 .062257000 0.0        .130309400
  840000.000 1610.03000 0.0        .066658200 .062784900 0.0        .129443100
  860000.000 1579.18000 0.0        .065295200 .063315900 0.0        .128611100
  899880.300 1548.94000 0.0        .063961900 .063849900 0.0        .127811800
 ==============================================================================
                                 Degrees of Freedom
 ==============================================================================
   Interpolation  J Value  Competition    Neutron   Capture     Fission
        Law
 ==============================================================================
 2 (Lin X-Lin Y)     1.00        0.00        1.00       0.00       0.00
 ==============================================================================
 Resonance Parameters
 ==============================================================================
      Energy     Level Competition    Neutron    Capture    Fission      Total
                Spacing      Width      Width      Width      Width      Width
        (eV)       (eV)       (eV)       (eV)       (eV)       (eV)       (eV)
 ==============================================================================
  278161.500 1054.60000 0.0        .045830100 .054272800 0.0        .100102900
  300000.000 1033.81000 0.0        .044818600 .054722200 0.0        .099540800
  320000.000 1013.45000 0.0        .043834400 .055174400 0.0        .099008800
  340000.000 993.512000 0.0        .042875800 .055629400 0.0        .098505200
  360000.000 973.987000 0.0        .041942100 .056087200 0.0        .098029300
  380000.000 954.865000 0.0        .041032500 .056547800 0.0        .097580300
  400000.000 936.139000 0.0        .040146000 .057011200 0.0        .097157200
  420000.000 917.799000 0.0        .039281500 .057477600 0.0        .096759100
  440000.000 899.836000 0.0        .038438500 .057946700 0.0        .096385200
  460000.000 882.242000 0.0        .037616100 .058418600 0.0        .096034700
  480000.000 865.011000 0.0        .036813900 .058893500 0.0        .095707400
  500000.000 848.133000 0.0        .036030800 .059371200 0.0        .095402000
  520000.000 831.601000 0.0        .035266600 .059851700 0.0        .095118300
  540000.000 815.408000 0.0        .034520700 .060335200 0.0        .094855900
  560000.000 799.546000 0.0        .033792400 .060821500 0.0        .094613900
  580000.000 784.009000 0.0        .033081200 .061310800 0.0        .094392000
  600000.000 768.789000 0.0        .032386800 .061803000 0.0        .094189800
  620000.000 753.880000 0.0        .031708400 .062298100 0.0        .094006500
  640000.000 739.272000 0.0        .031045700 .062796100 0.0        .093841800
  660000.000 724.964000 0.0        .030398400 .063297100 0.0        .093695500
  680000.000 710.946000 0.0        .029765900 .063801100 0.0        .093567000
  700000.000 697.213000 0.0        .029147800 .064308100 0.0        .093455900
  720000.000 683.759000 0.0        .028544000 .064818100 0.0        .093362100
  740000.000 670.577000 0.0        .027953600 .065330900 0.0        .093284500
  760000.000 657.662000 0.0        .027376700 .065846700 0.0        .093223400
  780000.000 645.008000 0.0        .026812800 .066365600 0.0        .093178400
  800000.000 632.610000 0.0        .026261400 .066887400 0.0        .093148800
  820000.000 620.462000 0.0        .025722500 .067412300 0.0        .093134800
  840000.000 608.560000 0.0        .025195500 .067940300 0.0        .093135800
  860000.000 596.897000 0.0        .024680300 .068471200 0.0        .093151500
  899880.300 585.468000 0.0        .024176300 .069005200 0.0        .093181500
 ==============================================================================
 Atomic Weight Ratio of Isotope------- 88.1421000
 L Value------------------------------          1
 Number of J Values-------------------          3
 ==============================================================================
                                 Degrees of Freedom
 ==============================================================================
   Interpolation  J Value  Competition    Neutron   Capture     Fission
        Law
 ==============================================================================
 2 (Lin X-Lin Y)     0.00        0.00        1.00       0.00       0.00
 ==============================================================================
 Resonance Parameters
 ==============================================================================
      Energy     Level Competition    Neutron    Capture    Fission      Total
                Spacing      Width      Width      Width      Width      Width
        (eV)       (eV)       (eV)       (eV)       (eV)       (eV)       (eV)
 ==============================================================================
  278161.500 2790.09000 0.0        .986518000 .051442400 0.0        1.03796040
  300000.000 2735.09000 0.0        .962939000 .051888700 0.0        1.01482770
  320000.000 2681.22000 0.0        .938579000 .052337800 0.0        .990916800
  340000.000 2628.48000 0.0        .913659000 .052789600 0.0        .966448600
  360000.000 2576.82000 0.0        .888390000 .053244300 0.0        .941634300
  380000.000 2526.23000 0.0        .862949000 .053701800 0.0        .916650800
  400000.000 2476.69000 0.0        .837498000 .054162200 0.0        .891660200
  420000.000 2428.17000 0.0        .812166000 .054625500 0.0        .866791500
  440000.000 2380.64000 0.0        .787154000 .055091400 0.0        .842245400
  460000.000 2334.10000 0.0        .762380000 .055560300 0.0        .817940300
  480000.000 2288.51000 0.0        .738018000 .056032100 0.0        .794050100
  500000.000 2243.86000 0.0        .714129000 .056506700 0.0        .770635700
  520000.000 2200.12000 0.0        .690764000 .056984100 0.0        .747748100
  540000.000 2157.28000 0.0        .667964000 .057464600 0.0        .725428600
  560000.000 2115.31000 0.0        .645761000 .057947800 0.0        .703708800
  580000.000 2074.21000 0.0        .624174000 .058434100 0.0        .682608100
  600000.000 2033.94000 0.0        .603218000 .058923300 0.0        .662141300
  620000.000 1994.50000 0.0        .582901000 .059415400 0.0        .642316400
  640000.000 1955.85000 0.0        .563223000 .059910400 0.0        .623133400
  660000.000 1918.00000 0.0        .544185000 .060408400 0.0        .604593400
  680000.000 1880.91000 0.0        .525783000 .060909400 0.0        .586692400
  700000.000 1844.58000 0.0        .508005000 .061413500 0.0        .569418500
  720000.000 1808.98000 0.0        .490843000 .061920600 0.0        .552763600
  740000.000 1774.11000 0.0        .474282000 .062430500 0.0        .536712500
  760000.000 1739.94000 0.0        .458312000 .062943500 0.0        .521255500
  780000.000 1706.46000 0.0        .442913000 .063459500 0.0        .506372500
  800000.000 1673.66000 0.0        .428071000 .063978500 0.0        .492049500
  820000.000 1641.52000 0.0        .413770000 .064500700 0.0        .478270700
  840000.000 1610.03000 0.0        .399993000 .065025900 0.0        .465018900
  860000.000 1579.18000 0.0        .386722000 .065554200 0.0        .452276200
  899880.300 1548.94000 0.0        .373939000 .066085500 0.0        .440024500
 ==============================================================================
                                 Degrees of Freedom
 ==============================================================================
   Interpolation  J Value  Competition    Neutron   Capture     Fission
        Law
 ==============================================================================
 2 (Lin X-Lin Y)     1.00        0.00        1.00       0.00       0.00
 ==============================================================================
 Resonance Parameters
 ==============================================================================
      Energy     Level Competition    Neutron    Capture    Fission      Total
                Spacing      Width      Width      Width      Width      Width
        (eV)       (eV)       (eV)       (eV)       (eV)       (eV)       (eV)
 ==============================================================================
  278161.500 1054.60000 0.0        .465498000 .056732400 0.0        .522230400
  300000.000 1033.81000 0.0        .450168000 .057180300 0.0        .507348300
  320000.000 1013.45000 0.0        .434807000 .057630800 0.0        .492437800
  340000.000 993.512000 0.0        .419533000 .058084100 0.0        .477617100
  360000.000 973.987000 0.0        .404447000 .058540300 0.0        .462987300
  380000.000 954.865000 0.0        .389627000 .058999200 0.0        .448626200
  400000.000 936.139000 0.0        .375138000 .059461000 0.0        .434599000
  420000.000 917.799000 0.0        .361023000 .059925700 0.0        .420948700
  440000.000 899.836000 0.0        .347347000 .060393000 0.0        .407740000
  460000.000 882.242000 0.0        .334073000 .060863200 0.0        .394936200
  480000.000 865.011000 0.0        .321249000 .061336400 0.0        .382585400
  500000.000 848.133000 0.0        .308882000 .061812300 0.0        .370694300
  520000.000 831.601000 0.0        .296974000 .062291100 0.0        .359265100
  540000.000 815.408000 0.0        .285523000 .062772800 0.0        .348295800
  560000.000 799.546000 0.0        .274525000 .063257400 0.0        .337782400
  580000.000 784.009000 0.0        .263971000 .063745000 0.0        .327716000
  600000.000 768.789000 0.0        .253849000 .064235400 0.0        .318084400
  620000.000 753.880000 0.0        .244149000 .064728800 0.0        .308877800
  640000.000 739.272000 0.0        .234855000 .065225000 0.0        .300080000
  660000.000 724.964000 0.0        .225955000 .065724300 0.0        .291679300
  680000.000 710.946000 0.0        .217434000 .066226600 0.0        .283660600
  700000.000 697.213000 0.0        .209277000 .066731900 0.0        .276008900
  720000.000 683.759000 0.0        .201470000 .067240200 0.0        .268710200
  740000.000 670.577000 0.0        .193998000 .067751300 0.0        .261749300
  760000.000 657.662000 0.0        .186847000 .068265500 0.0        .255112500
  780000.000 645.008000 0.0        .180001000 .068782700 0.0        .248783700
  800000.000 632.610000 0.0        .173449000 .069302900 0.0        .242751900
  820000.000 620.462000 0.0        .167176000 .069826300 0.0        .237002300
  840000.000 608.560000 0.0        .161171000 .070352700 0.0        .231523700
  860000.000 596.897000 0.0        .155419000 .070882100 0.0        .226301100
  899880.300 585.468000 0.0        .149910000 .071414600 0.0        .221324600
 ==============================================================================
                                 Degrees of Freedom
 ==============================================================================
   Interpolation  J Value  Competition    Neutron   Capture     Fission
        Law
 ==============================================================================
 2 (Lin X-Lin Y)     2.00        0.00        1.00       0.00       0.00
 ==============================================================================
 Resonance Parameters
 ==============================================================================
      Energy     Level Competition    Neutron    Capture    Fission      Total
                Spacing      Width      Width      Width      Width      Width
        (eV)       (eV)       (eV)       (eV)       (eV)       (eV)       (eV)
 ==============================================================================
  278161.500 813.614000 0.0        .430579000 .057171000 0.0        .487750000
  300000.000 797.575000 0.0        .413801000 .057628800 0.0        .471429800
  320000.000 781.868000 0.0        .397202000 .058089500 0.0        .455291500
  340000.000 766.486000 0.0        .380901000 .058552900 0.0        .439453900
  360000.000 751.423000 0.0        .364993000 .059019200 0.0        .424012200
  380000.000 736.671000 0.0        .349545000 .059488400 0.0        .409033400
  400000.000 722.224000 0.0        .334610000 .059960500 0.0        .394570500
  420000.000 708.075000 0.0        .320219000 .060435500 0.0        .380654500
  440000.000 694.216000 0.0        .306411000 .060913300 0.0        .367324300
  460000.000 680.643000 0.0        .293153000 .061394000 0.0        .354547000
  480000.000 667.349000 0.0        .280470000 .061877700 0.0        .342347700
  500000.000 654.328000 0.0        .268354000 .062364200 0.0        .330718200
  520000.000 641.573000 0.0        .256793000 .062853600 0.0        .319646600
  540000.000 629.081000 0.0        .245774000 .063346100 0.0        .309120100
  560000.000 616.843000 0.0        .235279000 .063841500 0.0        .299120500
  580000.000 604.857000 0.0        .225288000 .064339900 0.0        .289627900
  600000.000 593.115000 0.0        .215782000 .064841300 0.0        .280623300
  620000.000 581.612000 0.0        .206738000 .065345700 0.0        .272083700
  640000.000 570.343000 0.0        .198136000 .065853000 0.0        .263989000
  660000.000 559.304000 0.0        .189955000 .066363300 0.0        .256318300
  680000.000 548.489000 0.0        .182174000 .066876800 0.0        .249050800
  700000.000 537.895000 0.0        .174773000 .067393300 0.0        .242166300
  720000.000 527.515000 0.0        .167731000 .067912900 0.0        .235643900
  740000.000 517.345000 0.0        .161031000 .068435400 0.0        .229466400
  760000.000 507.381000 0.0        .154654000 .068961100 0.0        .223615100
  780000.000 497.619000 0.0        .148582000 .069489800 0.0        .218071800
  800000.000 488.054000 0.0        .142800000 .070021600 0.0        .212821600
  820000.000 478.682000 0.0        .137292000 .070556600 0.0        .207848600
  840000.000 469.499000 0.0        .132042000 .071094700 0.0        .203136700
  860000.000 460.501000 0.0        .127038000 .071635900 0.0        .198673900
  899880.300 451.684000 0.0        .122265000 .072180200 0.0        .194445200
 ==============================================================================
 Summary of Calculated MT #
 ------------------------------------------------------------------------------
    1    2  102
 ==============================================================================
 Reconstructing Cross Sections from Resonance Parameters
 ==============================================================================
        E-Low     E-High   Points   Type of Resonance Region
        (eV)       (eV)   Generated Messages
 ==============================================================================
   1.00000E-5 278161.500      67988 Resolved
 ==============================================================================
 Entire Resonance Region      67988 Points
 ==============================================================================
 Summary of Output MT #
 ------------------------------------------------------------------------------
    1    2  102
 ==============================================================================
 Combining File 2 and File 3 Data
 ==============================================================================
 Reaction   MT  File 2  File 3  Combined
                Points  Points    Points Comments
 ==============================================================================
    Total    1   67988       0     67988 No Background. Output Resonance Part.
  Elastic    2   67988       0     67988 No Background. Output Resonance Part.
  Capture  102   67988       0     67988 No Background. Output Resonance Part.
 ==============================================================================
 ==============================================================================
      MAT Total Execution Time                1.44 Seconds
 ==============================================================================
 ******************************************************************************
 End of ENDF/B Input Data
 ******************************************************************************
 Core Allocation and Requirements
 ==============================================================================
         Sections   Nodes Parameter
                            Storage
 ==============================================================================
 Allocated    100  300000    300000
 Required       8     365       495
 ==============================================================================
 End of Run
 ==============================================================================
 ==============================================================================
 SIGMA1   Total Execution Time                1.44 Seconds
 ==============================================================================
